#
# There is insufficient memory for the Java Runtime Environment to continue.
# Native memory allocation (malloc) failed to allocate 204016 bytes for Chunk::new
# Possible reasons:
#   The system is out of physical RAM or swap space
#   The process is running with CompressedOops enabled, and the Java Heap may be blocking the growth of the native heap
# Possible solutions:
#   Reduce memory load on the system
#   Increase physical memory or swap space
#   Check if swap backing store is full
#   Decrease Java heap size (-Xmx/-Xms)
#   Decrease number of Java threads
#   Decrease Java thread stack sizes (-Xss)
#   Set larger code cache with -XX:ReservedCodeCacheSize=
#   JVM is running with Unscaled Compressed Oops mode in which the Java heap is
#     placed in the first 4GB address space. The Java Heap base address is the
#     maximum limit for the native heap growth. Please use -XX:HeapBaseMinAddress
#     to set the Java Heap base and to place the Java Heap above 4GB virtual address.
# This output file may be truncated or incomplete.
#
#  Out of Memory Error (arena.cpp:168), pid=5028, tid=11592
#
# JRE version: Java(TM) SE Runtime Environment (21.0.2+13) (build 21.0.2+13-LTS-58)
# Java VM: Java HotSpot(TM) 64-Bit Server VM (21.0.2+13-LTS-58, mixed mode, sharing, tiered, compressed oops, compressed class ptrs, g1 gc, windows-amd64)
# No core dump will be written. Minidumps are not enabled by default on client versions of Windows
#

---------------  S U M M A R Y ------------

Command Line: -javaagent:C:\Program Files\JetBrains\IntelliJ IDEA Community Edition 2023.3.4\lib\idea_rt.jar=62462:C:\Program Files\JetBrains\IntelliJ IDEA Community Edition 2023.3.4\bin -Dfile.encoding=UTF-8 -Dsun.stdout.encoding=UTF-8 -Dsun.stderr.encoding=UTF-8 com.bookvault.BookvaultApplication

Host: Intel(R) Core(TM) i7-5500U CPU @ 2.40GHz, 4 cores, 7G,  Windows 10 , 64 bit Build 19041 (10.0.19041.3636)
Time: Mon Mar 25 23:12:32 2024 Nepal Standard Time elapsed time: 11.358683 seconds (0d 0h 0m 11s)

---------------  T H R E A D  ---------------

Current thread (0x0000022fb21acae0):  JavaThread "C2 CompilerThread0" daemon [_thread_in_native, id=11592, stack(0x000000f7e8200000,0x000000f7e8300000) (1024K)]


Current CompileTask:
C2:  11358 5322       4       org.springframework.core.ResolvableType::resolveType (146 bytes)

Stack: [0x000000f7e8200000,0x000000f7e8300000]
Native frames: (J=compiled Java code, j=interpreted, Vv=VM code, C=native code)
V  [jvm.dll+0x6cade9]
V  [jvm.dll+0x8569c1]
V  [jvm.dll+0x858d2e]
V  [jvm.dll+0x859413]
V  [jvm.dll+0x280e56]
V  [jvm.dll+0xc3f3d]
V  [jvm.dll+0xc4473]
V  [jvm.dll+0x5d5b8a]
V  [jvm.dll+0x1e1ea0]
V  [jvm.dll+0x249d22]
V  [jvm.dll+0x2491b1]
V  [jvm.dll+0x1c9634]
V  [jvm.dll+0x258859]
V  [jvm.dll+0x256e3a]
V  [jvm.dll+0x3ef6c6]
V  [jvm.dll+0x7ff568]
V  [jvm.dll+0x6c953d]
C  [ucrtbase.dll+0x21bb2]
C  [KERNEL32.DLL+0x17344]
C  [ntdll.dll+0x526b1]


---------------  P R O C E S S  ---------------

Threads class SMR info:
_java_thread_list=0x0000022ffa07a900, length=21, elements={
0x0000022f94152c50, 0x0000022fb2199040, 0x0000022fb219af70, 0x0000022fb219cd40,
0x0000022fb219fb30, 0x0000022fb21a0590, 0x0000022fb21a3000, 0x0000022fb21acae0,
0x0000022fb21ad580, 0x0000022fb23d8f60, 0x0000022fb23d7bb0, 0x0000022fb23d95f0,
0x0000022fb23d9c80, 0x0000022fb23d88d0, 0x0000022fb23d7520, 0x0000022fb23d8240,
0x0000022ff93d4680, 0x0000022ff93d8eb0, 0x0000022ff93da8f0, 0x0000022ff93d4d10,
0x0000022ffaaae260
}

Java Threads: ( => current thread )
  0x0000022f94152c50 JavaThread "main"                              [_thread_blocked, id=16836, stack(0x000000f7e7400000,0x000000f7e7500000) (1024K)]
  0x0000022fb2199040 JavaThread "Reference Handler"          daemon [_thread_blocked, id=4168, stack(0x000000f7e7c00000,0x000000f7e7d00000) (1024K)]
  0x0000022fb219af70 JavaThread "Finalizer"                  daemon [_thread_blocked, id=15948, stack(0x000000f7e7d00000,0x000000f7e7e00000) (1024K)]
  0x0000022fb219cd40 JavaThread "Signal Dispatcher"          daemon [_thread_blocked, id=10432, stack(0x000000f7e7e00000,0x000000f7e7f00000) (1024K)]
  0x0000022fb219fb30 JavaThread "Attach Listener"            daemon [_thread_blocked, id=14156, stack(0x000000f7e7f00000,0x000000f7e8000000) (1024K)]
  0x0000022fb21a0590 JavaThread "Service Thread"             daemon [_thread_blocked, id=3076, stack(0x000000f7e8000000,0x000000f7e8100000) (1024K)]
  0x0000022fb21a3000 JavaThread "Monitor Deflation Thread"   daemon [_thread_blocked, id=6740, stack(0x000000f7e8100000,0x000000f7e8200000) (1024K)]
=>0x0000022fb21acae0 JavaThread "C2 CompilerThread0"         daemon [_thread_in_native, id=11592, stack(0x000000f7e8200000,0x000000f7e8300000) (1024K)]
  0x0000022fb21ad580 JavaThread "C1 CompilerThread0"         daemon [_thread_blocked, id=828, stack(0x000000f7e8300000,0x000000f7e8400000) (1024K)]
  0x0000022fb23d8f60 JavaThread "Common-Cleaner"             daemon [_thread_blocked, id=3356, stack(0x000000f7e8400000,0x000000f7e8500000) (1024K)]
  0x0000022fb23d7bb0 JavaThread "Monitor Ctrl-Break"         daemon [_thread_in_native, id=9664, stack(0x000000f7e8600000,0x000000f7e8700000) (1024K)]
  0x0000022fb23d95f0 JavaThread "Notification Thread"        daemon [_thread_blocked, id=6456, stack(0x000000f7e8700000,0x000000f7e8800000) (1024K)]
  0x0000022fb23d9c80 JavaThread "Thread-0"                          [_thread_blocked, id=17068, stack(0x000000f7e8500000,0x000000f7e8600000) (1024K)]
  0x0000022fb23d88d0 JavaThread "restartedMain"                     [_thread_in_Java, id=16228, stack(0x000000f7e8b00000,0x000000f7e8c00000) (1024K)]
  0x0000022fb23d7520 JavaThread "Catalina-utility-1"                [_thread_blocked, id=16728, stack(0x000000f7e8c00000,0x000000f7e8d00000) (1024K)]
  0x0000022fb23d8240 JavaThread "Catalina-utility-2"                [_thread_blocked, id=12712, stack(0x000000f7e8e00000,0x000000f7e8f00000) (1024K)]
  0x0000022ff93d4680 JavaThread "container-0"                       [_thread_blocked, id=6240, stack(0x000000f7e8f00000,0x000000f7e9000000) (1024K)]
  0x0000022ff93d8eb0 JavaThread "mysql-cj-abandoned-connection-cleanup" daemon [_thread_blocked, id=5836, stack(0x000000f7e9000000,0x000000f7e9100000) (1024K)]
  0x0000022ff93da8f0 JavaThread "book housekeeper"           daemon [_thread_blocked, id=952, stack(0x000000f7e9200000,0x000000f7e9300000) (1024K)]
  0x0000022ff93d4d10 JavaThread "book connection adder"      daemon [_thread_blocked, id=15728, stack(0x000000f7e9300000,0x000000f7e9400000) (1024K)]
  0x0000022ffaaae260 JavaThread "C2 CompilerThread1"         daemon [_thread_in_native, id=8508, stack(0x000000f7e9100000,0x000000f7e9200000) (1024K)]
Total: 21

Other Threads:
  0x0000022fb2174130 VMThread "VM Thread"                           [id=15536, stack(0x000000f7e7b00000,0x000000f7e7c00000) (1024K)]
  0x0000022fb215de00 WatcherThread "VM Periodic Task Thread"        [id=4396, stack(0x000000f7e7a00000,0x000000f7e7b00000) (1024K)]
  0x0000022f941a8190 WorkerThread "GC Thread#0"                     [id=6892, stack(0x000000f7e7500000,0x000000f7e7600000) (1024K)]
  0x0000022fb2174c10 WorkerThread "GC Thread#1"                     [id=16072, stack(0x000000f7e8800000,0x000000f7e8900000) (1024K)]
  0x0000022fb2174fb0 WorkerThread "GC Thread#2"                     [id=2200, stack(0x000000f7e8900000,0x000000f7e8a00000) (1024K)]
  0x0000022fb21744d0 WorkerThread "GC Thread#3"                     [id=10536, stack(0x000000f7e8a00000,0x000000f7e8b00000) (1024K)]
  0x0000022f941ba070 ConcurrentGCThread "G1 Main Marker"            [id=7136, stack(0x000000f7e7600000,0x000000f7e7700000) (1024K)]
  0x0000022f941bb4c0 WorkerThread "G1 Conc#0"                       [id=14256, stack(0x000000f7e7700000,0x000000f7e7800000) (1024K)]
  0x0000022fb20220b0 ConcurrentGCThread "G1 Refine#0"               [id=10312, stack(0x000000f7e7800000,0x000000f7e7900000) (1024K)]
  0x0000022f9421b990 ConcurrentGCThread "G1 Service"                [id=4060, stack(0x000000f7e7900000,0x000000f7e7a00000) (1024K)]
Total: 10

Threads with active compile tasks:
C2 CompilerThread0    11401 5322       4       org.springframework.core.ResolvableType::resolveType (146 bytes)
C2 CompilerThread1    11401 5324       4       org.springframework.core.ResolvableType::forType (112 bytes)
Total: 2

VM state: not at safepoint (normal execution)

VM Mutex/Monitor currently owned by a thread: None

Heap address: 0x0000000081600000, size: 2026 MB, Compressed Oops mode: 32-bit

CDS archive(s) mapped at: [0x0000022fb3000000-0x0000022fb3c90000-0x0000022fb3c90000), size 13172736, SharedBaseAddress: 0x0000022fb3000000, ArchiveRelocationMode: 1.
Compressed class space mapped at: 0x0000022fb4000000-0x0000022ff4000000, reserved size: 1073741824
Narrow klass base: 0x0000022fb3000000, Narrow klass shift: 0, Narrow klass range: 0x100000000

GC Precious Log:
 CardTable entry size: 512
 Card Set container configuration: InlinePtr #cards 5 size 8 Array Of Cards #cards 12 size 40 Howl #buckets 4 coarsen threshold 1843 Howl Bitmap #cards 512 size 80 coarsen threshold 460 Card regions per heap region 1 cards per card region 2048
 CPUs: 4 total, 4 available
 Memory: 8102M
 Large Page Support: Disabled
 NUMA Support: Disabled
 Compressed Oops: Enabled (32-bit)
 Heap Region Size: 1M
 Heap Min Capacity: 8M
 Heap Initial Capacity: 128M
 Heap Max Capacity: 2026M
 Pre-touch: Disabled
 Parallel Workers: 4
 Concurrent Workers: 1
 Concurrent Refinement Workers: 4
 Periodic GC: Disabled

Heap:
 garbage-first heap   total 48128K, used 34407K [0x0000000081600000, 0x0000000100000000)
  region size 1024K, 14 young (14336K), 2 survivors (2048K)
 Metaspace       used 58904K, committed 59520K, reserved 1114112K
  class space    used 7750K, committed 8000K, reserved 1048576K

Heap Regions: E=young(eden), S=young(survivor), O=old, HS=humongous(starts), HC=humongous(continues), CS=collection set, F=free, TAMS=top-at-mark-start, PB=parsable bottom
|   0|0x0000000081600000, 0x0000000081700000, 0x0000000081700000|100%|HS|  |TAMS 0x0000000081600000| PB 0x0000000081600000| Complete 
|   1|0x0000000081700000, 0x0000000081800000, 0x0000000081800000|100%| O|  |TAMS 0x0000000081700000| PB 0x0000000081700000| Untracked 
|   2|0x0000000081800000, 0x0000000081900000, 0x0000000081900000|100%| O|  |TAMS 0x0000000081800000| PB 0x0000000081800000| Untracked 
|   3|0x0000000081900000, 0x0000000081a00000, 0x0000000081a00000|100%| O|  |TAMS 0x0000000081900000| PB 0x0000000081900000| Untracked 
|   4|0x0000000081a00000, 0x0000000081b00000, 0x0000000081b00000|100%| O|  |TAMS 0x0000000081a00000| PB 0x0000000081a00000| Untracked 
|   5|0x0000000081b00000, 0x0000000081c00000, 0x0000000081c00000|100%| O|  |TAMS 0x0000000081b00000| PB 0x0000000081b00000| Untracked 
|   6|0x0000000081c00000, 0x0000000081d00000, 0x0000000081d00000|100%| O|  |TAMS 0x0000000081c00000| PB 0x0000000081c00000| Untracked 
|   7|0x0000000081d00000, 0x0000000081e00000, 0x0000000081e00000|100%| O|  |TAMS 0x0000000081d00000| PB 0x0000000081d00000| Untracked 
|   8|0x0000000081e00000, 0x0000000081f00000, 0x0000000081f00000|100%| O|  |TAMS 0x0000000081e00000| PB 0x0000000081e00000| Untracked 
|   9|0x0000000081f00000, 0x0000000082000000, 0x0000000082000000|100%| O|  |TAMS 0x0000000081f00000| PB 0x0000000081f00000| Untracked 
|  10|0x0000000082000000, 0x0000000082100000, 0x0000000082100000|100%| O|  |TAMS 0x0000000082000000| PB 0x0000000082000000| Untracked 
|  11|0x0000000082100000, 0x0000000082200000, 0x0000000082200000|100%| O|  |TAMS 0x0000000082100000| PB 0x0000000082100000| Untracked 
|  12|0x0000000082200000, 0x0000000082300000, 0x0000000082300000|100%| O|  |TAMS 0x0000000082200000| PB 0x0000000082200000| Untracked 
|  13|0x0000000082300000, 0x0000000082400000, 0x0000000082400000|100%| O|  |TAMS 0x0000000082300000| PB 0x0000000082300000| Untracked 
|  14|0x0000000082400000, 0x0000000082500000, 0x0000000082500000|100%| O|  |TAMS 0x0000000082400000| PB 0x0000000082400000| Untracked 
|  15|0x0000000082500000, 0x0000000082500000, 0x0000000082600000|  0%| F|  |TAMS 0x0000000082500000| PB 0x0000000082500000| Untracked 
|  16|0x0000000082600000, 0x0000000082700000, 0x0000000082700000|100%| O|  |TAMS 0x0000000082600000| PB 0x0000000082600000| Untracked 
|  17|0x0000000082700000, 0x0000000082800000, 0x0000000082800000|100%| O|  |TAMS 0x0000000082700000| PB 0x0000000082700000| Untracked 
|  18|0x0000000082800000, 0x0000000082900000, 0x0000000082900000|100%| O|  |TAMS 0x0000000082800000| PB 0x0000000082800000| Untracked 
|  19|0x0000000082900000, 0x0000000082a00000, 0x0000000082a00000|100%| O|  |TAMS 0x0000000082900000| PB 0x0000000082900000| Untracked 
|  20|0x0000000082a00000, 0x0000000082b00000, 0x0000000082b00000|100%| O|  |TAMS 0x0000000082a00000| PB 0x0000000082a00000| Untracked 
|  21|0x0000000082b00000, 0x0000000082b00000, 0x0000000082c00000|  0%| F|  |TAMS 0x0000000082b00000| PB 0x0000000082b00000| Untracked 
|  22|0x0000000082c00000, 0x0000000082c00000, 0x0000000082d00000|  0%| F|  |TAMS 0x0000000082c00000| PB 0x0000000082c00000| Untracked 
|  23|0x0000000082d00000, 0x0000000082d00000, 0x0000000082e00000|  0%| F|  |TAMS 0x0000000082d00000| PB 0x0000000082d00000| Untracked 
|  24|0x0000000082e00000, 0x0000000082e99f80, 0x0000000082f00000| 60%| O|  |TAMS 0x0000000082e00000| PB 0x0000000082e00000| Untracked 
|  25|0x0000000082f00000, 0x0000000083000000, 0x0000000083000000|100%| S|CS|TAMS 0x0000000082f00000| PB 0x0000000082f00000| Complete 
|  26|0x0000000083000000, 0x0000000083000000, 0x0000000083100000|  0%| F|  |TAMS 0x0000000083000000| PB 0x0000000083000000| Untracked 
|  27|0x0000000083100000, 0x0000000083100000, 0x0000000083200000|  0%| F|  |TAMS 0x0000000083100000| PB 0x0000000083100000| Untracked 
|  28|0x0000000083200000, 0x0000000083300000, 0x0000000083300000|100%| S|CS|TAMS 0x0000000083200000| PB 0x0000000083200000| Complete 
|  29|0x0000000083300000, 0x0000000083300000, 0x0000000083400000|  0%| F|  |TAMS 0x0000000083300000| PB 0x0000000083300000| Untracked 
|  30|0x0000000083400000, 0x0000000083400000, 0x0000000083500000|  0%| F|  |TAMS 0x0000000083400000| PB 0x0000000083400000| Untracked 
|  31|0x0000000083500000, 0x0000000083500000, 0x0000000083600000|  0%| F|  |TAMS 0x0000000083500000| PB 0x0000000083500000| Untracked 
|  32|0x0000000083600000, 0x0000000083600000, 0x0000000083700000|  0%| F|  |TAMS 0x0000000083600000| PB 0x0000000083600000| Untracked 
|  33|0x0000000083700000, 0x0000000083700000, 0x0000000083800000|  0%| F|  |TAMS 0x0000000083700000| PB 0x0000000083700000| Untracked 
|  34|0x0000000083800000, 0x0000000083800000, 0x0000000083900000|  0%| F|  |TAMS 0x0000000083800000| PB 0x0000000083800000| Untracked 
|  35|0x0000000083900000, 0x00000000839a9710, 0x0000000083a00000| 66%| E|  |TAMS 0x0000000083900000| PB 0x0000000083900000| Complete 
|  36|0x0000000083a00000, 0x0000000083b00000, 0x0000000083b00000|100%| E|CS|TAMS 0x0000000083a00000| PB 0x0000000083a00000| Complete 
|  37|0x0000000083b00000, 0x0000000083c00000, 0x0000000083c00000|100%| E|CS|TAMS 0x0000000083b00000| PB 0x0000000083b00000| Complete 
|  38|0x0000000083c00000, 0x0000000083d00000, 0x0000000083d00000|100%| E|CS|TAMS 0x0000000083c00000| PB 0x0000000083c00000| Complete 
|  39|0x0000000083d00000, 0x0000000083e00000, 0x0000000083e00000|100%| E|CS|TAMS 0x0000000083d00000| PB 0x0000000083d00000| Complete 
|  81|0x0000000086700000, 0x0000000086800000, 0x0000000086800000|100%| E|CS|TAMS 0x0000000086700000| PB 0x0000000086700000| Complete 
|  82|0x0000000086800000, 0x0000000086900000, 0x0000000086900000|100%| E|CS|TAMS 0x0000000086800000| PB 0x0000000086800000| Complete 
|  83|0x0000000086900000, 0x0000000086a00000, 0x0000000086a00000|100%| E|CS|TAMS 0x0000000086900000| PB 0x0000000086900000| Complete 
|  84|0x0000000086a00000, 0x0000000086b00000, 0x0000000086b00000|100%| E|CS|TAMS 0x0000000086a00000| PB 0x0000000086a00000| Complete 
|  85|0x0000000086b00000, 0x0000000086c00000, 0x0000000086c00000|100%| E|CS|TAMS 0x0000000086b00000| PB 0x0000000086b00000| Complete 
|  86|0x0000000086c00000, 0x0000000086d00000, 0x0000000086d00000|100%| E|CS|TAMS 0x0000000086c00000| PB 0x0000000086c00000| Complete 
|  87|0x0000000086d00000, 0x0000000086e00000, 0x0000000086e00000|100%| E|CS|TAMS 0x0000000086d00000| PB 0x0000000086d00000| Complete 

Card table byte_map: [0x0000022fad7c0000,0x0000022fadbc0000] _byte_map_base: 0x0000022fad3b5000

Marking Bits: (CMBitMap*) 0x0000022f941a8890
 Bits: [0x0000022fadbc0000, 0x0000022fafb68000)

Polling page: 0x0000022f94220000

Metaspace:

Usage:
  Non-class:     49.96 MB used.
      Class:      7.57 MB used.
       Both:     57.53 MB used.

Virtual space:
  Non-class space:       64.00 MB reserved,      50.31 MB ( 79%) committed,  1 nodes.
      Class space:        1.00 GB reserved,       7.88 MB ( <1%) committed,  1 nodes.
             Both:        1.06 GB reserved,      58.19 MB (  5%) committed. 

Chunk freelists:
   Non-Class:  13.28 MB
       Class:  7.98 MB
        Both:  21.27 MB

MaxMetaspaceSize: unlimited
CompressedClassSpaceSize: 1.00 GB
Initial GC threshold: 21.00 MB
Current GC threshold: 58.69 MB
CDS: on
 - commit_granule_bytes: 65536.
 - commit_granule_words: 8192.
 - virtual_space_node_default_size: 8388608.
 - enlarge_chunks_in_place: 1.
 - use_allocation_guard: 0.


Internal statistics:

num_allocs_failed_limit: 6.
num_arena_births: 790.
num_arena_deaths: 0.
num_vsnodes_births: 2.
num_vsnodes_deaths: 0.
num_space_committed: 931.
num_space_uncommitted: 0.
num_chunks_returned_to_freelist: 6.
num_chunks_taken_from_freelist: 2834.
num_chunk_merges: 6.
num_chunk_splits: 1994.
num_chunks_enlarged: 1526.
num_inconsistent_stats: 0.

CodeHeap 'non-profiled nmethods': size=120000Kb used=3035Kb max_used=3035Kb free=116964Kb
 bounds [0x0000022fa5860000, 0x0000022fa5b60000, 0x0000022facd90000]
CodeHeap 'profiled nmethods': size=120000Kb used=10060Kb max_used=10060Kb free=109939Kb
 bounds [0x0000022f9dd90000, 0x0000022f9e770000, 0x0000022fa52c0000]
CodeHeap 'non-nmethods': size=5760Kb used=1677Kb max_used=1707Kb free=4082Kb
 bounds [0x0000022fa52c0000, 0x0000022fa5530000, 0x0000022fa5860000]
 total_blobs=5639 nmethods=4929 adapters=614
 compilation: enabled
              stopped_count=0, restarted_count=0
 full_count=0

Compilation events (20 events):
Event: 11.296 Thread 0x0000022fb21ad580 5364       3       java.lang.reflect.Method::getGenericInfo (28 bytes)
Event: 11.297 Thread 0x0000022fb21ad580 nmethod 5364 0x0000022f9e758410 code [0x0000022f9e7586a0, 0x0000022f9e7594a0]
Event: 11.305 Thread 0x0000022fb21ad580 5365       3       java.util.concurrent.ConcurrentLinkedDeque::addFirst (6 bytes)
Event: 11.305 Thread 0x0000022fb21ad580 nmethod 5365 0x0000022f9e759990 code [0x0000022f9e759b40, 0x0000022f9e759c78]
Event: 11.305 Thread 0x0000022fb21ad580 5366       3       java.util.concurrent.ConcurrentLinkedDeque::linkFirst (114 bytes)
Event: 11.308 Thread 0x0000022fb21ad580 nmethod 5366 0x0000022f9e759d10 code [0x0000022f9e75a1c0, 0x0000022f9e75c5d8]
Event: 11.308 Thread 0x0000022fb21ad580 5367       3       java.util.concurrent.ConcurrentLinkedDeque::newNode (18 bytes)
Event: 11.309 Thread 0x0000022fb21ad580 nmethod 5367 0x0000022f9e75d210 code [0x0000022f9e75d460, 0x0000022f9e75dce0]
Event: 11.313 Thread 0x0000022fb21ad580 5368       3       org.springframework.core.OrderComparator::getOrder (111 bytes)
Event: 11.314 Thread 0x0000022fb21ad580 nmethod 5368 0x0000022f9e75e010 code [0x0000022f9e75e240, 0x0000022f9e75e9b0]
Event: 11.314 Thread 0x0000022fb21ad580 5369       3       java.lang.invoke.MethodHandle::bindArgumentL (10 bytes)
Event: 11.315 Thread 0x0000022fb21ad580 nmethod 5369 0x0000022f9e75ec90 code [0x0000022f9e75eea0, 0x0000022f9e75f528]
Event: 11.321 Thread 0x0000022fb21ad580 5370       3       org.springframework.core.convert.support.GenericConversionService$Converters::add (75 bytes)
Event: 11.322 Thread 0x0000022fb21ad580 nmethod 5370 0x0000022f9e75f790 code [0x0000022f9e75fa40, 0x0000022f9e760858]
Event: 11.322 Thread 0x0000022fb21ad580 5371       3       org.springframework.core.convert.support.GenericConversionService$ConverterAdapter::<init> (41 bytes)
Event: 11.323 Thread 0x0000022fb21ad580 nmethod 5371 0x0000022f9e760c90 code [0x0000022f9e760ee0, 0x0000022f9e761aa8]
Event: 11.323 Thread 0x0000022fb21ad580 5372       3       org.springframework.core.convert.support.GenericConversionService$ConverterAdapter::getConvertibleTypes (8 bytes)
Event: 11.324 Thread 0x0000022fb21ad580 nmethod 5372 0x0000022f9e761e90 code [0x0000022f9e762060, 0x0000022f9e762400]
Event: 11.329 Thread 0x0000022fb21ad580 5373       2       sun.invoke.util.VerifyType::isNullConversion (157 bytes)
Event: 11.330 Thread 0x0000022fb21ad580 nmethod 5373 0x0000022f9e762590 code [0x0000022f9e7627c0, 0x0000022f9e762e40]

GC Heap History (20 events):
Event: 1.713 GC heap before
{Heap before GC invocations=1 (full 0):
 garbage-first heap   total 131072K, used 17749K [0x0000000081600000, 0x0000000100000000)
  region size 1024K, 14 young (14336K), 2 survivors (2048K)
 Metaspace       used 6849K, committed 7104K, reserved 1114112K
  class space    used 767K, committed 896K, reserved 1048576K
}
Event: 1.716 GC heap after
{Heap after GC invocations=2 (full 0):
 garbage-first heap   total 131072K, used 7499K [0x0000000081600000, 0x0000000100000000)
  region size 1024K, 1 young (1024K), 1 survivors (1024K)
 Metaspace       used 6849K, committed 7104K, reserved 1114112K
  class space    used 767K, committed 896K, reserved 1048576K
}
Event: 2.769 GC heap before
{Heap before GC invocations=2 (full 0):
 garbage-first heap   total 131072K, used 42315K [0x0000000081600000, 0x0000000100000000)
  region size 1024K, 36 young (36864K), 1 survivors (1024K)
 Metaspace       used 16458K, committed 16768K, reserved 1114112K
  class space    used 1989K, committed 2176K, reserved 1048576K
}
Event: 2.777 GC heap after
{Heap after GC invocations=3 (full 0):
 garbage-first heap   total 131072K, used 10228K [0x0000000081600000, 0x0000000100000000)
  region size 1024K, 4 young (4096K), 4 survivors (4096K)
 Metaspace       used 16458K, committed 16768K, reserved 1114112K
  class space    used 1989K, committed 2176K, reserved 1048576K
}
Event: 4.177 GC heap before
{Heap before GC invocations=3 (full 0):
 garbage-first heap   total 131072K, used 46068K [0x0000000081600000, 0x0000000100000000)
  region size 1024K, 40 young (40960K), 4 survivors (4096K)
 Metaspace       used 21255K, committed 21504K, reserved 1114112K
  class space    used 2558K, committed 2688K, reserved 1048576K
}
Event: 4.186 GC heap after
{Heap after GC invocations=4 (full 0):
 garbage-first heap   total 131072K, used 13809K [0x0000000081600000, 0x0000000100000000)
  region size 1024K, 7 young (7168K), 7 survivors (7168K)
 Metaspace       used 21255K, committed 21504K, reserved 1114112K
  class space    used 2558K, committed 2688K, reserved 1048576K
}
Event: 5.265 GC heap before
{Heap before GC invocations=5 (full 0):
 garbage-first heap   total 48128K, used 35313K [0x0000000081600000, 0x0000000100000000)
  region size 1024K, 28 young (28672K), 7 survivors (7168K)
 Metaspace       used 25292K, committed 25728K, reserved 1114112K
  class space    used 3148K, committed 3328K, reserved 1048576K
}
Event: 5.283 GC heap after
{Heap after GC invocations=6 (full 0):
 garbage-first heap   total 48128K, used 15738K [0x0000000081600000, 0x0000000100000000)
  region size 1024K, 3 young (3072K), 3 survivors (3072K)
 Metaspace       used 25292K, committed 25728K, reserved 1114112K
  class space    used 3148K, committed 3328K, reserved 1048576K
}
Event: 6.300 GC heap before
{Heap before GC invocations=6 (full 0):
 garbage-first heap   total 48128K, used 35194K [0x0000000081600000, 0x0000000100000000)
  region size 1024K, 23 young (23552K), 3 survivors (3072K)
 Metaspace       used 29106K, committed 29632K, reserved 1114112K
  class space    used 3643K, committed 3904K, reserved 1048576K
}
Event: 6.309 GC heap after
{Heap after GC invocations=7 (full 0):
 garbage-first heap   total 48128K, used 17320K [0x0000000081600000, 0x0000000100000000)
  region size 1024K, 2 young (2048K), 2 survivors (2048K)
 Metaspace       used 29106K, committed 29632K, reserved 1114112K
  class space    used 3643K, committed 3904K, reserved 1048576K
}
Event: 8.300 GC heap before
{Heap before GC invocations=7 (full 0):
 garbage-first heap   total 48128K, used 37800K [0x0000000081600000, 0x0000000100000000)
  region size 1024K, 23 young (23552K), 2 survivors (2048K)
 Metaspace       used 34537K, committed 35072K, reserved 1114112K
  class space    used 4439K, committed 4672K, reserved 1048576K
}
Event: 8.307 GC heap after
{Heap after GC invocations=8 (full 0):
 garbage-first heap   total 48128K, used 18702K [0x0000000081600000, 0x0000000100000000)
  region size 1024K, 2 young (2048K), 2 survivors (2048K)
 Metaspace       used 34537K, committed 35072K, reserved 1114112K
  class space    used 4439K, committed 4672K, reserved 1048576K
}
Event: 8.434 GC heap before
{Heap before GC invocations=8 (full 0):
 garbage-first heap   total 48128K, used 21774K [0x0000000081600000, 0x0000000100000000)
  region size 1024K, 6 young (6144K), 2 survivors (2048K)
 Metaspace       used 35427K, committed 35968K, reserved 1114112K
  class space    used 4602K, committed 4864K, reserved 1048576K
}
Event: 8.438 GC heap after
{Heap after GC invocations=9 (full 0):
 garbage-first heap   total 48128K, used 18721K [0x0000000081600000, 0x0000000100000000)
  region size 1024K, 2 young (2048K), 2 survivors (2048K)
 Metaspace       used 35427K, committed 35968K, reserved 1114112K
  class space    used 4602K, committed 4864K, reserved 1048576K
}
Event: 9.945 GC heap before
{Heap before GC invocations=10 (full 0):
 garbage-first heap   total 48128K, used 40225K [0x0000000081600000, 0x0000000100000000)
  region size 1024K, 23 young (23552K), 2 survivors (2048K)
 Metaspace       used 45057K, committed 45632K, reserved 1114112K
  class space    used 5771K, committed 6016K, reserved 1048576K
}
Event: 9.951 GC heap after
{Heap after GC invocations=11 (full 0):
 garbage-first heap   total 48128K, used 21157K [0x0000000081600000, 0x0000000100000000)
  region size 1024K, 3 young (3072K), 3 survivors (3072K)
 Metaspace       used 45057K, committed 45632K, reserved 1114112K
  class space    used 5771K, committed 6016K, reserved 1048576K
}
Event: 10.461 GC heap before
{Heap before GC invocations=11 (full 0):
 garbage-first heap   total 48128K, used 40613K [0x0000000081600000, 0x0000000100000000)
  region size 1024K, 22 young (22528K), 3 survivors (3072K)
 Metaspace       used 51276K, committed 51904K, reserved 1114112K
  class space    used 6608K, committed 6912K, reserved 1048576K
}
Event: 10.467 GC heap after
{Heap after GC invocations=12 (full 0):
 garbage-first heap   total 48128K, used 22351K [0x0000000081600000, 0x0000000100000000)
  region size 1024K, 2 young (2048K), 2 survivors (2048K)
 Metaspace       used 51276K, committed 51904K, reserved 1114112K
  class space    used 6608K, committed 6912K, reserved 1048576K
}
Event: 11.021 GC heap before
{Heap before GC invocations=12 (full 0):
 garbage-first heap   total 48128K, used 39759K [0x0000000081600000, 0x0000000100000000)
  region size 1024K, 20 young (20480K), 2 survivors (2048K)
 Metaspace       used 56295K, committed 56896K, reserved 1114112K
  class space    used 7461K, committed 7744K, reserved 1048576K
}
Event: 11.025 GC heap after
{Heap after GC invocations=13 (full 0):
 garbage-first heap   total 48128K, used 23143K [0x0000000081600000, 0x0000000100000000)
  region size 1024K, 2 young (2048K), 2 survivors (2048K)
 Metaspace       used 56295K, committed 56896K, reserved 1114112K
  class space    used 7461K, committed 7744K, reserved 1048576K
}

Dll operation events (14 events):
Event: 0.033 Loaded shared library C:\Program Files\Java\jdk-21\bin\java.dll
Event: 0.081 Loaded shared library C:\Program Files\Java\jdk-21\bin\jsvml.dll
Event: 0.266 Loaded shared library C:\Program Files\Java\jdk-21\bin\zip.dll
Event: 0.296 Loaded shared library C:\Program Files\Java\jdk-21\bin\instrument.dll
Event: 0.304 Loaded shared library C:\Program Files\Java\jdk-21\bin\net.dll
Event: 0.306 Loaded shared library C:\Program Files\Java\jdk-21\bin\nio.dll
Event: 0.312 Loaded shared library C:\Program Files\Java\jdk-21\bin\zip.dll
Event: 0.526 Loaded shared library C:\Program Files\JetBrains\IntelliJ IDEA Community Edition 2023.3.4\bin\breakgen64.dll
Event: 0.560 Loaded shared library C:\Program Files\Java\jdk-21\bin\extnet.dll
Event: 0.675 Loaded shared library C:\Program Files\Java\jdk-21\bin\jimage.dll
Event: 1.375 Loaded shared library C:\Program Files\Java\jdk-21\bin\management.dll
Event: 1.379 Loaded shared library C:\Program Files\Java\jdk-21\bin\management_ext.dll
Event: 2.982 Loaded shared library C:\Program Files\Java\jdk-21\bin\sunmscapi.dll
Event: 8.097 Loaded shared library C:\Program Files\Java\jdk-21\bin\verify.dll

Deoptimization events (20 events):
Event: 11.169 Thread 0x0000022fb23d88d0 Uncommon trap: trap_request=0xffffff45 fr.pc=0x0000022fa5a9acfc relative=0x000000000000409c
Event: 11.169 Thread 0x0000022fb23d88d0 Uncommon trap: reason=unstable_if action=reinterpret pc=0x0000022fa5a9acfc method=org.springframework.core.annotation.AnnotationsScanner.getBaseTypeMethods(Ljava/lang/Object;Ljava/lang/Class;)[Ljava/lang/reflect/Method; @ 71 c2
Event: 11.170 Thread 0x0000022fb23d88d0 DEOPT PACKING pc=0x0000022fa5a9acfc sp=0x000000f7e8bfbc70
Event: 11.170 Thread 0x0000022fb23d88d0 DEOPT UNPACKING pc=0x0000022fa53146a2 sp=0x000000f7e8bfbb58 mode 2
Event: 11.172 Thread 0x0000022fb23d88d0 Uncommon trap: trap_request=0xffffff45 fr.pc=0x0000022fa5a03924 relative=0x00000000000000e4
Event: 11.172 Thread 0x0000022fb23d88d0 Uncommon trap: reason=unstable_if action=reinterpret pc=0x0000022fa5a03924 method=org.springframework.core.ResolvableType.resolveClass()Ljava/lang/Class; @ 38 c2
Event: 11.172 Thread 0x0000022fb23d88d0 DEOPT PACKING pc=0x0000022fa5a03924 sp=0x000000f7e8bfba60
Event: 11.172 Thread 0x0000022fb23d88d0 DEOPT UNPACKING pc=0x0000022fa53146a2 sp=0x000000f7e8bfb9e0 mode 2
Event: 11.181 Thread 0x0000022fb23d88d0 Uncommon trap: trap_request=0xffffff45 fr.pc=0x0000022fa58e8e08 relative=0x00000000000001e8
Event: 11.181 Thread 0x0000022fb23d88d0 Uncommon trap: reason=unstable_if action=reinterpret pc=0x0000022fa58e8e08 method=java.util.ArrayDeque.addLast(Ljava/lang/Object;)V @ 42 c2
Event: 11.181 Thread 0x0000022fb23d88d0 DEOPT PACKING pc=0x0000022fa58e8e08 sp=0x000000f7e8bfc410
Event: 11.181 Thread 0x0000022fb23d88d0 DEOPT UNPACKING pc=0x0000022fa53146a2 sp=0x000000f7e8bfc368 mode 2
Event: 11.250 Thread 0x0000022fb23d88d0 Uncommon trap: trap_request=0xffffff45 fr.pc=0x0000022fa5a2f2c8 relative=0x0000000000000f08
Event: 11.250 Thread 0x0000022fb23d88d0 Uncommon trap: reason=unstable_if action=reinterpret pc=0x0000022fa5a2f2c8 method=java.util.concurrent.ConcurrentHashMap.putVal(Ljava/lang/Object;Ljava/lang/Object;Z)Ljava/lang/Object; @ 401 c2
Event: 11.250 Thread 0x0000022fb23d88d0 DEOPT PACKING pc=0x0000022fa5a2f2c8 sp=0x000000f7e8bfbf00
Event: 11.250 Thread 0x0000022fb23d88d0 DEOPT UNPACKING pc=0x0000022fa53146a2 sp=0x000000f7e8bfbe90 mode 2
Event: 11.252 Thread 0x0000022fb23d88d0 Uncommon trap: trap_request=0xffffff45 fr.pc=0x0000022fa5a1ca24 relative=0x0000000000000264
Event: 11.252 Thread 0x0000022fb23d88d0 Uncommon trap: reason=unstable_if action=reinterpret pc=0x0000022fa5a1ca24 method=java.util.concurrent.ConcurrentHashMap.get(Ljava/lang/Object;)Ljava/lang/Object; @ 86 c2
Event: 11.252 Thread 0x0000022fb23d88d0 DEOPT PACKING pc=0x0000022fa5a1ca24 sp=0x000000f7e8bfbfa0
Event: 11.252 Thread 0x0000022fb23d88d0 DEOPT UNPACKING pc=0x0000022fa53146a2 sp=0x000000f7e8bfbf08 mode 2

Classes loaded (20 events):
Event: 10.173 Loading class java/util/concurrent/CompletableFuture$AsynchronousCompletionTask done
Event: 10.173 Loading class java/util/concurrent/CompletableFuture$Completion done
Event: 10.231 Loading class java/util/concurrent/CancellationException
Event: 10.231 Loading class java/util/concurrent/CancellationException done
Event: 10.534 Loading class java/util/ArrayList$ListItr
Event: 10.534 Loading class java/util/ArrayList$ListItr done
Event: 10.590 Loading class java/util/AbstractList$SubList
Event: 10.591 Loading class java/util/AbstractList$SubList done
Event: 10.693 Loading class java/lang/reflect/AnnotatedArrayType
Event: 10.693 Loading class java/lang/reflect/AnnotatedArrayType done
Event: 11.116 Loading class javax/naming/Reference
Event: 11.116 Loading class javax/naming/Reference done
Event: 11.169 Loading class java/lang/SafeVarargs
Event: 11.169 Loading class java/lang/SafeVarargs done
Event: 11.171 Loading class sun/reflect/generics/reflectiveObjects/GenericArrayTypeImpl
Event: 11.171 Loading class sun/reflect/generics/reflectiveObjects/GenericArrayTypeImpl done
Event: 11.250 Loading class java/util/concurrent/ConcurrentHashMap$TreeNode
Event: 11.250 Loading class java/util/concurrent/ConcurrentHashMap$TreeNode done
Event: 11.250 Loading class java/util/concurrent/ConcurrentHashMap$TreeBin
Event: 11.250 Loading class java/util/concurrent/ConcurrentHashMap$TreeBin done

Classes unloaded (0 events):
No events

Classes redefined (0 events):
No events

Internal exceptions (20 events):
Event: 10.858 Thread 0x0000022fb23d88d0 Exception <a 'java/lang/NoSuchMethodError'{0x00000000838453a8}: 'java.lang.Object java.lang.invoke.DirectMethodHandle$Holder.newInvokeSpecial(java.lang.Object, java.lang.Object, int, java.lang.Object)'> (0x00000000838453a8) 
thrown [s\open\src\hotspot\share\interpreter\linkResolver.cpp, line 773]
Event: 10.858 Thread 0x0000022fb23d88d0 Exception <a 'java/lang/NoSuchMethodError'{0x0000000083848d08}: 'java.lang.Object java.lang.invoke.Invokers$Holder.linkToTargetMethod(java.lang.Object, int, java.lang.Object, java.lang.Object)'> (0x0000000083848d08) 
thrown [s\open\src\hotspot\share\interpreter\linkResolver.cpp, line 773]
Event: 10.867 Thread 0x0000022fb23d88d0 Exception <a 'java/lang/NoSuchMethodError'{0x00000000838a0378}: 'void java.lang.invoke.DirectMethodHandle$Holder.invokeSpecial(java.lang.Object, java.lang.Object, java.lang.Object, java.lang.Object, java.lang.Object, java.lang.Object, java.lang.Object, java.lang.Object)'> (0x00000000838a0378) 
thrown [s\open\src\hotspot\share\interpreter\linkResolver.cpp, line 773]
Event: 10.875 Thread 0x0000022fb23d88d0 Exception <a 'java/lang/NoSuchMethodError'{0x00000000838dc708}: 'java.lang.Object java.lang.invoke.DirectMethodHandle$Holder.newInvokeSpecial(java.lang.Object, java.lang.Object, int)'> (0x00000000838dc708) 
thrown [s\open\src\hotspot\share\interpreter\linkResolver.cpp, line 773]
Event: 10.911 Thread 0x0000022fb23d88d0 Exception <a 'java/lang/NoSuchMethodError'{0x000000008361c258}: 'int java.lang.invoke.DirectMethodHandle$Holder.invokeStatic(java.lang.Object, int, java.lang.Object)'> (0x000000008361c258) 
thrown [s\open\src\hotspot\share\interpreter\linkResolver.cpp, line 773]
Event: 10.914 Thread 0x0000022fb23d88d0 Exception <a 'java/lang/NoSuchMethodError'{0x00000000836383c0}: 'java.lang.Object java.lang.invoke.DirectMethodHandle$Holder.newInvokeSpecial(java.lang.Object, java.lang.Object, java.lang.Object, java.lang.Object, java.lang.Object, int, java.lang.Object)'> (0x00000000836383c0) 
thrown [s\open\src\hotspot\share\interpreter\linkResolver.cpp, line 773]
Event: 10.919 Thread 0x0000022fb23d88d0 Exception <a 'java/lang/NoSuchMethodError'{0x0000000083667b38}: 'java.lang.Object java.lang.invoke.DirectMethodHandle$Holder.newInvokeSpecial(java.lang.Object, java.lang.Object, java.lang.Object, java.lang.Object, java.lang.Object, java.lang.Object, java.lang.Object, java.lang.Object, java.lang.Object, java.lang.Object, java.lang.Object, java.lang.Object)'> (0x0000000083667b38) 
thrown [s\open\src\hotspot\share\interpreter\linkResolver.cpp, line 773]
Event: 10.919 Thread 0x0000022fb23d88d0 Exception <a 'java/lang/NoSuchMethodError'{0x000000008366c9e8}: 'java.lang.Object java.lang.invoke.DirectMethodHandle$Holder.invokeSpecial(java.lang.Object, java.lang.Object, java.lang.Object, java.lang.Object, java.lang.Object, java.lang.Object, java.lang.Object, java.lang.Object, java.lang.Object, java.lang.Object, java.lang.Object, java.lang.Object, java.lang.Object)'> (0x000000008366c9e8) 
thrown [s\open\src\hotspot\share\interpreter\linkResolver.cpp, line 773]
Event: 10.920 Thread 0x0000022fb23d88d0 Exception <a 'java/lang/NoSuchMethodError'{0x0000000083670ec0}: 'java.lang.Object java.lang.invoke.Invokers$Holder.linkToTargetMethod(java.lang.Object, java.lang.Object, java.lang.Object, java.lang.Object, java.lang.Object, java.lang.Object, java.lang.Object, java.lang.Object, java.lang.Object, java.lang.Object, java.lang.Object, java.lang.Object)'> (0x0000000083670ec0) 
thrown [s\open\src\hotspot\share\interpreter\linkResolver.cpp, line 773]
Event: 10.944 Thread 0x0000022fb23d88d0 Exception <a 'java/lang/IncompatibleClassChangeError'{0x0000000083507d20}: Found class java.lang.Object, but interface was expected> (0x0000000083507d20) 
thrown [s\open\src\hotspot\share\interpreter\linkResolver.cpp, line 840]
Event: 10.967 Thread 0x0000022fb23d88d0 Exception <a 'java/lang/NoSuchMethodError'{0x00000000835ffaa8}: 'java.lang.Object java.lang.invoke.DirectMethodHandle$Holder.newInvokeSpecial(java.lang.Object, java.lang.Object, java.lang.Object, java.lang.Object, java.lang.Object, java.lang.Object)'> (0x00000000835ffaa8) 
thrown [s\open\src\hotspot\share\interpreter\linkResolver.cpp, line 773]
Event: 10.980 Thread 0x0000022fb23d88d0 Exception <a 'java/lang/NoSuchMethodError'{0x000000008345f0d8}: 'java.lang.Object java.lang.invoke.DirectMethodHandle$Holder.newInvokeSpecial(java.lang.Object, java.lang.Object, java.lang.Object, java.lang.Object, java.lang.Object, java.lang.Object, java.lang.Object, int)'> (0x000000008345f0d8) 
thrown [s\open\src\hotspot\share\interpreter\linkResolver.cpp, line 773]
Event: 10.980 Thread 0x0000022fb23d88d0 Exception <a 'java/lang/NoSuchMethodError'{0x0000000083463638}: 'java.lang.Object java.lang.invoke.DirectMethodHandle$Holder.invokeSpecial(java.lang.Object, java.lang.Object, java.lang.Object, java.lang.Object, java.lang.Object, java.lang.Object, java.lang.Object, java.lang.Object, int)'> (0x0000000083463638) 
thrown [s\open\src\hotspot\share\interpreter\linkResolver.cpp, line 773]
Event: 10.980 Thread 0x0000022fb23d88d0 Exception <a 'java/lang/NoSuchMethodError'{0x0000000083467650}: 'java.lang.Object java.lang.invoke.Invokers$Holder.linkToTargetMethod(java.lang.Object, java.lang.Object, java.lang.Object, java.lang.Object, java.lang.Object, java.lang.Object, int, java.lang.Object)'> (0x0000000083467650) 
thrown [s\open\src\hotspot\share\interpreter\linkResolver.cpp, line 773]
Event: 11.003 Thread 0x0000022fb23d88d0 Exception <a 'java/lang/NoSuchMethodError'{0x0000000083323ba8}: 'void java.lang.invoke.DirectMethodHandle$Holder.invokeInterface(java.lang.Object, java.lang.Object)'> (0x0000000083323ba8) 
thrown [s\open\src\hotspot\share\interpreter\linkResolver.cpp, line 773]
Event: 11.126 Thread 0x0000022fb23d88d0 Exception <a 'java/lang/NoSuchMethodError'{0x0000000086b9a220}: 'void java.lang.invoke.Invokers$Holder.invokeExact_MT(java.lang.Object, java.lang.Object, java.lang.Object, java.lang.Object)'> (0x0000000086b9a220) 
thrown [s\open\src\hotspot\share\interpreter\linkResolver.cpp, line 773]
Event: 11.163 Thread 0x0000022fb23d88d0 Implicit null exception at 0x0000022fa5ad0277 to 0x0000022fa5ad04e8
Event: 11.251 Thread 0x0000022fb23d88d0 Exception <a 'java/lang/IncompatibleClassChangeError'{0x0000000086769f20}: Found class java.lang.Object, but interface was expected> (0x0000000086769f20) 
thrown [s\open\src\hotspot\share\interpreter\linkResolver.cpp, line 840]
Event: 11.275 Thread 0x0000022fb23d88d0 Exception <a 'java/lang/IncompatibleClassChangeError'{0x00000000867e1420}: Found class java.lang.Object, but interface was expected> (0x00000000867e1420) 
thrown [s\open\src\hotspot\share\interpreter\linkResolver.cpp, line 840]
Event: 11.314 Thread 0x0000022fb23d88d0 Exception <a 'java/lang/IncompatibleClassChangeError'{0x0000000083c2eef0}: Found class java.lang.Object, but interface was expected> (0x0000000083c2eef0) 
thrown [s\open\src\hotspot\share\interpreter\linkResolver.cpp, line 840]

ZGC Phase Switch (0 events):
No events

VM Operations (20 events):
Event: 8.434 Executing VM operation: CollectForMetadataAllocation (Metadata GC Threshold)
Event: 8.438 Executing VM operation: CollectForMetadataAllocation (Metadata GC Threshold) done
Event: 8.502 Executing VM operation: G1PauseRemark
Event: 8.513 Executing VM operation: G1PauseRemark done
Event: 8.535 Executing VM operation: G1PauseCleanup
Event: 8.535 Executing VM operation: G1PauseCleanup done
Event: 8.970 Executing VM operation: HandshakeAllThreads (Deoptimize)
Event: 8.970 Executing VM operation: HandshakeAllThreads (Deoptimize) done
Event: 9.380 Executing VM operation: HandshakeAllThreads (Deoptimize)
Event: 9.381 Executing VM operation: HandshakeAllThreads (Deoptimize) done
Event: 9.945 Executing VM operation: G1CollectForAllocation (G1 Evacuation Pause)
Event: 9.951 Executing VM operation: G1CollectForAllocation (G1 Evacuation Pause) done
Event: 10.461 Executing VM operation: G1CollectForAllocation (G1 Evacuation Pause)
Event: 10.467 Executing VM operation: G1CollectForAllocation (G1 Evacuation Pause) done
Event: 10.535 Executing VM operation: HandshakeAllThreads (Deoptimize)
Event: 10.535 Executing VM operation: HandshakeAllThreads (Deoptimize) done
Event: 11.021 Executing VM operation: G1CollectForAllocation (G1 Evacuation Pause)
Event: 11.025 Executing VM operation: G1CollectForAllocation (G1 Evacuation Pause) done
Event: 11.094 Executing VM operation: HandshakeAllThreads (Deoptimize)
Event: 11.094 Executing VM operation: HandshakeAllThreads (Deoptimize) done

Events (20 events):
Event: 8.510 Thread 0x0000022fb2174130 flushing nmethod 0x0000022fa588be10
Event: 8.510 Thread 0x0000022fb2174130 flushing nmethod 0x0000022fa588ba10
Event: 8.510 Thread 0x0000022fb2174130 flushing nmethod 0x0000022fa588b690
Event: 8.510 Thread 0x0000022fb2174130 flushing nmethod 0x0000022fa588b090
Event: 8.510 Thread 0x0000022fb2174130 flushing nmethod 0x0000022fa5889710
Event: 8.510 Thread 0x0000022fb2174130 flushing nmethod 0x0000022fa5886b90
Event: 8.510 Thread 0x0000022fb2174130 flushing nmethod 0x0000022fa5872d90
Event: 8.510 Thread 0x0000022fb2174130 flushing nmethod 0x0000022fa587e490
Event: 8.510 Thread 0x0000022fb2174130 flushing nmethod 0x0000022fa587ca90
Event: 8.510 Thread 0x0000022fb2174130 flushing nmethod 0x0000022fa5879190
Event: 8.510 Thread 0x0000022fb2174130 flushing nmethod 0x0000022fa5877510
Event: 8.510 Thread 0x0000022fb2174130 flushing nmethod 0x0000022fa586fa90
Event: 8.510 Thread 0x0000022fb2174130 flushing nmethod 0x0000022fa586d210
Event: 8.510 Thread 0x0000022fb2174130 flushing nmethod 0x0000022fa5861490
Event: 8.629 Thread 0x0000022ff85b6ab0 Thread exited: 0x0000022ff85b6ab0
Event: 8.881 Thread 0x0000022ff8853760 Thread added: 0x0000022ff8853760
Event: 9.481 Thread 0x0000022ff93da8f0 Thread added: 0x0000022ff93da8f0
Event: 9.587 Thread 0x0000022ff93d4d10 Thread added: 0x0000022ff93d4d10
Event: 10.386 Thread 0x0000022ff8853760 Thread exited: 0x0000022ff8853760
Event: 10.709 Thread 0x0000022ffaaae260 Thread added: 0x0000022ffaaae260


Dynamic libraries:
0x00007ff7451e0000 - 0x00007ff7451f0000 	C:\Program Files\Java\jdk-21\bin\java.exe
0x00007ff8ac710000 - 0x00007ff8ac908000 	C:\WINDOWS\SYSTEM32\ntdll.dll
0x00007ff8aba80000 - 0x00007ff8abb3d000 	C:\WINDOWS\System32\KERNEL32.DLL
0x00007ff8aa250000 - 0x00007ff8aa546000 	C:\WINDOWS\System32\KERNELBASE.dll
0x00007ff8a9dc0000 - 0x00007ff8a9ec0000 	C:\WINDOWS\System32\ucrtbase.dll
0x00007ff894910000 - 0x00007ff894929000 	C:\Program Files\Java\jdk-21\bin\jli.dll
0x00007ff8abd10000 - 0x00007ff8abdc0000 	C:\WINDOWS\System32\ADVAPI32.dll
0x00007ff8ab370000 - 0x00007ff8ab40e000 	C:\WINDOWS\System32\msvcrt.dll
0x00007ff891570000 - 0x00007ff89158b000 	C:\Program Files\Java\jdk-21\bin\VCRUNTIME140.dll
0x00007ff8aabd0000 - 0x00007ff8aac70000 	C:\WINDOWS\System32\sechost.dll
0x00007ff8ab680000 - 0x00007ff8ab7a5000 	C:\WINDOWS\System32\RPCRT4.dll
0x00007ff8aa080000 - 0x00007ff8aa0a7000 	C:\WINDOWS\System32\bcrypt.dll
0x00007ff8ab0f0000 - 0x00007ff8ab28e000 	C:\WINDOWS\System32\USER32.dll
0x00007ff8aa170000 - 0x00007ff8aa192000 	C:\WINDOWS\System32\win32u.dll
0x00007ff8ac530000 - 0x00007ff8ac55b000 	C:\WINDOWS\System32\GDI32.dll
0x00007ff8a9ec0000 - 0x00007ff8a9fd7000 	C:\WINDOWS\System32\gdi32full.dll
0x00007ff8a9fe0000 - 0x00007ff8aa07d000 	C:\WINDOWS\System32\msvcp_win.dll
0x00007ff89e750000 - 0x00007ff89e9ea000 	C:\WINDOWS\WinSxS\amd64_microsoft.windows.common-controls_6595b64144ccf1df_6.0.19041.3636_none_60b6a03d71f818d5\COMCTL32.dll
0x00007ff8a3680000 - 0x00007ff8a368a000 	C:\WINDOWS\SYSTEM32\VERSION.dll
0x00007ff8ab560000 - 0x00007ff8ab592000 	C:\WINDOWS\System32\IMM32.DLL
0x00007ff897c70000 - 0x00007ff897c7c000 	C:\Program Files\Java\jdk-21\bin\vcruntime140_1.dll
0x00007ff880df0000 - 0x00007ff880e7e000 	C:\Program Files\Java\jdk-21\bin\msvcp140.dll
0x00007ff847300000 - 0x00007ff848017000 	C:\Program Files\Java\jdk-21\bin\server\jvm.dll
0x00007ff8ab5a0000 - 0x00007ff8ab60b000 	C:\WINDOWS\System32\WS2_32.dll
0x00007ff8a9310000 - 0x00007ff8a935b000 	C:\WINDOWS\SYSTEM32\POWRPROF.dll
0x00007ff8a5220000 - 0x00007ff8a5247000 	C:\WINDOWS\SYSTEM32\WINMM.dll
0x00007ff8a91d0000 - 0x00007ff8a91e2000 	C:\WINDOWS\SYSTEM32\UMPDC.dll
0x00007ff8a7b90000 - 0x00007ff8a7ba2000 	C:\WINDOWS\SYSTEM32\kernel.appcore.dll
0x00007ff894900000 - 0x00007ff89490a000 	C:\Program Files\Java\jdk-21\bin\jimage.dll
0x00007ff8a1ad0000 - 0x00007ff8a1cb4000 	C:\WINDOWS\SYSTEM32\DBGHELP.DLL
0x00007ff8a1840000 - 0x00007ff8a1874000 	C:\WINDOWS\SYSTEM32\dbgcore.DLL
0x00007ff8aa550000 - 0x00007ff8aa5d2000 	C:\WINDOWS\System32\bcryptPrimitives.dll
0x00007ff8a5930000 - 0x00007ff8a593f000 	C:\Program Files\Java\jdk-21\bin\instrument.dll
0x00007ff8891d0000 - 0x00007ff8891ef000 	C:\Program Files\Java\jdk-21\bin\java.dll
0x00007ff8abdc0000 - 0x00007ff8ac52b000 	C:\WINDOWS\System32\SHELL32.dll
0x00007ff8a7e70000 - 0x00007ff8a860e000 	C:\WINDOWS\SYSTEM32\windows.storage.dll
0x00007ff8aace0000 - 0x00007ff8ab033000 	C:\WINDOWS\System32\combase.dll
0x00007ff8a97f0000 - 0x00007ff8a981e000 	C:\WINDOWS\SYSTEM32\Wldp.dll
0x00007ff8ab490000 - 0x00007ff8ab55d000 	C:\WINDOWS\System32\OLEAUT32.dll
0x00007ff8ab040000 - 0x00007ff8ab0ed000 	C:\WINDOWS\System32\SHCORE.dll
0x00007ff8ac610000 - 0x00007ff8ac665000 	C:\WINDOWS\System32\shlwapi.dll
0x00007ff8a9cf0000 - 0x00007ff8a9d15000 	C:\WINDOWS\SYSTEM32\profapi.dll
0x00007ff8550a0000 - 0x00007ff855177000 	C:\Program Files\Java\jdk-21\bin\jsvml.dll
0x00007ff8871f0000 - 0x00007ff887208000 	C:\Program Files\Java\jdk-21\bin\zip.dll
0x00007ff891690000 - 0x00007ff8916a0000 	C:\Program Files\Java\jdk-21\bin\net.dll
0x00007ff8a2120000 - 0x00007ff8a222a000 	C:\WINDOWS\SYSTEM32\WINHTTP.dll
0x00007ff8a9550000 - 0x00007ff8a95ba000 	C:\WINDOWS\system32\mswsock.dll
0x00007ff8873b0000 - 0x00007ff8873c6000 	C:\Program Files\Java\jdk-21\bin\nio.dll
0x00007ff8a4ba0000 - 0x00007ff8a4bba000 	C:\Program Files\JetBrains\IntelliJ IDEA Community Edition 2023.3.4\bin\breakgen64.dll
0x00007ff889980000 - 0x00007ff889989000 	C:\Program Files\Java\jdk-21\bin\extnet.dll
0x00007ff8a58b0000 - 0x00007ff8a58ba000 	C:\Program Files\Java\jdk-21\bin\management.dll
0x00007ff8a4a60000 - 0x00007ff8a4a6b000 	C:\Program Files\Java\jdk-21\bin\management_ext.dll
0x00007ff8aac70000 - 0x00007ff8aac78000 	C:\WINDOWS\System32\PSAPI.DLL
0x00007ff8a4a50000 - 0x00007ff8a4a5e000 	C:\Program Files\Java\jdk-21\bin\sunmscapi.dll
0x00007ff8aa5e0000 - 0x00007ff8aa73d000 	C:\WINDOWS\System32\CRYPT32.dll
0x00007ff8a9860000 - 0x00007ff8a9888000 	C:\WINDOWS\SYSTEM32\ncrypt.dll
0x00007ff8a9820000 - 0x00007ff8a985b000 	C:\WINDOWS\SYSTEM32\NTASN1.dll
0x00007ff8a9740000 - 0x00007ff8a9758000 	C:\WINDOWS\SYSTEM32\CRYPTSP.dll
0x00007ff8a8e10000 - 0x00007ff8a8e44000 	C:\WINDOWS\system32\rsaenh.dll
0x00007ff8a9c70000 - 0x00007ff8a9c9e000 	C:\WINDOWS\SYSTEM32\USERENV.dll
0x00007ff8a9760000 - 0x00007ff8a976c000 	C:\WINDOWS\SYSTEM32\CRYPTBASE.dll
0x00007ff8a91f0000 - 0x00007ff8a922b000 	C:\WINDOWS\SYSTEM32\IPHLPAPI.DLL
0x00007ff8abd00000 - 0x00007ff8abd08000 	C:\WINDOWS\System32\NSI.dll
0x00007ff887a30000 - 0x00007ff887a40000 	C:\Program Files\Java\jdk-21\bin\verify.dll
0x00007ff8a9240000 - 0x00007ff8a930b000 	C:\WINDOWS\SYSTEM32\DNSAPI.dll
0x00007ff89ea50000 - 0x00007ff89ea5a000 	C:\Windows\System32\rasadhlp.dll
0x00007ff89eca0000 - 0x00007ff89ed20000 	C:\WINDOWS\System32\fwpuclnt.dll

dbghelp: loaded successfully - version: 4.0.5 - missing functions: none
symbol engine: initialized successfully - sym options: 0x614 - pdb path: .;C:\Program Files\Java\jdk-21\bin;C:\WINDOWS\SYSTEM32;C:\WINDOWS\WinSxS\amd64_microsoft.windows.common-controls_6595b64144ccf1df_6.0.19041.3636_none_60b6a03d71f818d5;C:\Program Files\Java\jdk-21\bin\server;C:\Program Files\JetBrains\IntelliJ IDEA Community Edition 2023.3.4\bin

VM Arguments:
jvm_args: -javaagent:C:\Program Files\JetBrains\IntelliJ IDEA Community Edition 2023.3.4\lib\idea_rt.jar=62462:C:\Program Files\JetBrains\IntelliJ IDEA Community Edition 2023.3.4\bin -Dfile.encoding=UTF-8 -Dsun.stdout.encoding=UTF-8 -Dsun.stderr.encoding=UTF-8 
java_command: com.bookvault.BookvaultApplication
java_class_path (initial): D:\java_project\bookvault\target\classes;C:\Users\DELL\.m2\repository\org\springframework\boot\spring-boot-starter-data-jpa\3.2.4\spring-boot-starter-data-jpa-3.2.4.jar;C:\Users\DELL\.m2\repository\org\springframework\boot\spring-boot-starter-aop\3.2.4\spring-boot-starter-aop-3.2.4.jar;C:\Users\DELL\.m2\repository\org\springframework\spring-aop\6.1.5\spring-aop-6.1.5.jar;C:\Users\DELL\.m2\repository\org\aspectj\aspectjweaver\1.9.21\aspectjweaver-1.9.21.jar;C:\Users\DELL\.m2\repository\org\springframework\boot\spring-boot-starter-jdbc\3.2.4\spring-boot-starter-jdbc-3.2.4.jar;C:\Users\DELL\.m2\repository\com\zaxxer\HikariCP\5.0.1\HikariCP-5.0.1.jar;C:\Users\DELL\.m2\repository\org\springframework\spring-jdbc\6.1.5\spring-jdbc-6.1.5.jar;C:\Users\DELL\.m2\repository\org\hibernate\orm\hibernate-core\6.4.4.Final\hibernate-core-6.4.4.Final.jar;C:\Users\DELL\.m2\repository\jakarta\persistence\jakarta.persistence-api\3.1.0\jakarta.persistence-api-3.1.0.jar;C:\Users\DELL\.m2\repository\jakarta\transaction\jakarta.transaction-api\2.0.1\jakarta.transaction-api-2.0.1.jar;C:\Users\DELL\.m2\repository\org\jboss\logging\jboss-logging\3.5.3.Final\jboss-logging-3.5.3.Final.jar;C:\Users\DELL\.m2\repository\org\hibernate\common\hibernate-commons-annotations\6.0.6.Final\hibernate-commons-annotations-6.0.6.Final.jar;C:\Users\DELL\.m2\repository\io\smallrye\jandex\3.1.2\jandex-3.1.2.jar;C:\Users\DELL\.m2\repository\com\fasterxml\classmate\1.6.0\classmate-1.6.0.jar;C:\Users\DELL\.m2\repository\net\bytebuddy\byte-buddy\1.14.12\byte-buddy-1.14.12.jar;C:\Users\DELL\.m2\repository\org\glassfish\jaxb\jaxb-runtime\4.0.5\jaxb-runtime-4.0.5.jar;C:\Users\DELL\.m2\repository\org\glassfish\jaxb\jaxb-core\4.0.5\jaxb-core-4.0.5.jar;C:\Users\DELL\.m2\repository\org\eclipse\angus\angus-activation\2.0.2\angus-activation-2.0.2.jar;C:\Users\DELL\.m2\repository\org\glassfish\jaxb\txw2\4.0.5\txw2-4.0.5.jar;C:\Users\DELL\.m2\repository\com\sun\istack\istack-commons-runtime\4.1.2\istack-commons-runtime-4.1.2.jar;C:\Users\DELL\.m2\repository\jakarta\inject\jakarta.inject-api\2.0.1\jakarta.inject-api-2.0.1.jar;C:\Users\DELL\.m2\repository\org\antlr\antlr4-runtime\4.13.0\antlr4-runtime-4.13.0.jar;C:\Users\DELL\.m2\repository\org\springframework\data\spring-data-jpa\3.2.4\spring-data-jpa-3.2.4.jar;C:\Users\DELL\.m2\repository\org\springframework\data\spring-data-commons\3.2.4\spring-data-commons-3.2.4.jar;C:\Users\DELL\.m2\repository\org\springframework\spring-orm\6.1.5\spring-orm-6.1.5.jar;C:\Users\DELL\.m2\repository\org\springframework\spring-context\6.1.5\spring-context-6.1.5.jar;C:\Users\DELL\.m2\repository\org\springframework\spring-tx\6.1.5\spring-tx-6.1.5.jar;C:\Users\DELL\.m2\repository\org\springframework\spring-beans\6.1.5\spring-beans-6.1.5.jar;C:\Users\DELL\.m2\repository\jakarta\annotation\jakarta.annotation-api\2.1.1\jakarta.annotation-api-2.1.1.jar;C:\Users\DELL\.m2\repository\org\slf4j\slf4j-api\2.0.12\slf4j-api-2.0.12.jar;C:\Users\DELL\.m2\repository\org\springframework\spring-aspects\6.1.5\spring-aspects-6.1.5.jar;C:\Users\DELL\.m2\repository\org\springframework\boot\spring-boot-starter-thymeleaf\3.2.4\spring-boot-starter-thymeleaf-3.2.4.jar;C:\Users\DELL\.m2\repository\org\springframework\boot\spring-boot-starter\3.2.4\spring-boot-starter-3.2.4.jar;C:\Users\DELL\.m2\repository\org\springframework\boot\spring-boot-starter-logging\3.2.4\spring-boot-starter-logging-3.2.4.jar;C:\Users\DELL\.m2\repository\ch\qos\logback\logback-classic\1.4.14\logback-classic-1.4.14.jar;C:\Users\DELL\.m2\repository\ch\qos\logback\logback-core\1.4.14\logback-core-1.4.14.jar;C:\Users\DELL\.m2\repository\org\apache\logging\log4j\log4j-to-slf4j\2.21.1\log4j-to-slf4j-2.21.1.jar;C:\Users\DELL\.m2\repository\org\apache\logging\log4j\log4j-api\2.21.1\log4j-api-2.21.1.jar;C:\Users\DELL\.m2\repository\org\slf4j\jul-to-slf4j\2.0.12\jul-to-slf4j-2.0.12.jar;C:\Users\DELL\.m2\repository\org\yaml\snakeyaml\2.2\snakeyaml-2.2.jar;C:\Users\DELL\.m2\repository\org\thymeleaf\thymeleaf-spring6\3.1.2.RELEASE\thymeleaf-spring6-3.1.2.RELEASE.jar;C:\Users\DELL\.m2\repository\org\thymeleaf\thymeleaf\3.1.2.RELEASE\thymeleaf-3.1.2.RELEASE.jar;C:\Users\DELL\.m2\repository\org\attoparser\attoparser\2.0.7.RELEASE\attoparser-2.0.7.RELEASE.jar;C:\Users\DELL\.m2\repository\org\unbescape\unbescape\1.1.6.RELEASE\unbescape-1.1.6.RELEASE.jar;C:\Users\DELL\.m2\repository\org\springframework\boot\spring-boot-starter-web\3.2.4\spring-boot-starter-web-3.2.4.jar;C:\Users\DELL\.m2\repository\org\springframework\boot\spring-boot-starter-json\3.2.4\spring-boot-starter-json-3.2.4.jar;C:\Users\DELL\.m2\repository\com\fasterxml\jackson\core\jackson-databind\2.15.4\jackson-databind-2.15.4.jar;C:\Users\DELL\.m2\repository\com\fasterxml\jackson\core\jackson-annotations\2.15.4\jackson-annotations-2.15.4.jar;C:\Users\DELL\.m2\repository\com\fasterxml\jackson\core\jackson-core\2.15.4\jackson-core-2.15.4.jar;C:\Users\DELL\.m2\repository\com\fasterxml\jackson\datatype\jackson-datatype-jdk8\2.15.4\jackson-datatype-jdk8-2.15.4.jar;C:\Users\DELL\.m2\repository\com\fasterxml\jackson\datatype\jackson-datatype-jsr310\2.15.4\jackson-datatype-jsr310-2.15.4.jar;C:\Users\DELL\.m2\repository\com\fasterxml\jackson\module\jackson-module-parameter-names\2.15.4\jackson-module-parameter-names-2.15.4.jar;C:\Users\DELL\.m2\repository\org\springframework\boot\spring-boot-starter-tomcat\3.2.4\spring-boot-starter-tomcat-3.2.4.jar;C:\Users\DELL\.m2\repository\org\apache\tomcat\embed\tomcat-embed-core\10.1.19\tomcat-embed-core-10.1.19.jar;C:\Users\DELL\.m2\repository\org\apache\tomcat\embed\tomcat-embed-el\10.1.19\tomcat-embed-el-10.1.19.jar;C:\Users\DELL\.m2\repository\org\apache\tomcat\embed\tomcat-embed-websocket\10.1.19\tomcat-embed-websocket-10.1.19.jar;C:\Users\DELL\.m2\repository\org\springframework\spring-web\6.1.5\spring-web-6.1.5.jar;C:\Users\DELL\.m2\repository\io\micrometer\micrometer-observation\1.12.4\micrometer-observation-1.12.4.jar;C:\Users\DELL\.m2\repository\io\micrometer\micrometer-commons\1.12.4\micrometer-commons-1.12.4.jar;C:\Users\DELL\.m2\repository\org\springframework\spring-webmvc\6.1.5\spring-webmvc-6.1.5.jar;C:\Users\DELL\.m2\repository\org\springframework\spring-expression\6.1.5\spring-expression-6.1.5.jar;C:\Users\DELL\.m2\repository\org\springframework\boot\spring-boot-devtools\3.2.4\spring-boot-devtools-3.2.4.jar;C:\Users\DELL\.m2\repository\org\springframework\boot\spring-boot\3.2.4\spring-boot-3.2.4.jar;C:\Users\DELL\.m2\repository\org\springframework\boot\spring-boot-autoconfigure\3.2.4\spring-boot-autoconfigure-3.2.4.jar;C:\Users\DELL\.m2\repository\com\mysql\mysql-connector-j\8.3.0\mysql-connector-j-8.3.0.jar;C:\Users\DELL\.m2\repository\jakarta\xml\bind\jakarta.xml.bind-api\4.0.2\jakarta.xml.bind-api-4.0.2.jar;C:\Users\DELL\.m2\repository\jakarta\activation\jakarta.activation-api\2.1.3\jakarta.activation-api-2.1.3.jar;C:\Users\DELL\.m2\repository\org\springframework\spring-core\6.1.5\spring-core-6.1.5.jar;C:\Users\DELL\.m2\repository\org\springframework\spring-jcl\6.1.5\spring-jcl-6.1.5.jar
Launcher Type: SUN_STANDARD

[Global flags]
     intx CICompilerCount                          = 3                                         {product} {ergonomic}
     uint ConcGCThreads                            = 1                                         {product} {ergonomic}
     uint G1ConcRefinementThreads                  = 4                                         {product} {ergonomic}
   size_t G1HeapRegionSize                         = 1048576                                   {product} {ergonomic}
    uintx GCDrainStackTargetSize                   = 64                                        {product} {ergonomic}
   size_t InitialHeapSize                          = 134217728                                 {product} {ergonomic}
   size_t MarkStackSize                            = 4194304                                   {product} {ergonomic}
   size_t MaxHeapSize                              = 2124414976                                {product} {ergonomic}
   size_t MaxNewSize                               = 1274019840                                {product} {ergonomic}
   size_t MinHeapDeltaBytes                        = 1048576                                   {product} {ergonomic}
   size_t MinHeapSize                              = 8388608                                   {product} {ergonomic}
    uintx NonNMethodCodeHeapSize                   = 5832780                                {pd product} {ergonomic}
    uintx NonProfiledCodeHeapSize                  = 122912730                              {pd product} {ergonomic}
    uintx ProfiledCodeHeapSize                     = 122912730                              {pd product} {ergonomic}
    uintx ReservedCodeCacheSize                    = 251658240                              {pd product} {ergonomic}
     bool SegmentedCodeCache                       = true                                      {product} {ergonomic}
   size_t SoftMaxHeapSize                          = 2124414976                             {manageable} {ergonomic}
     bool UseCompressedOops                        = true                           {product lp64_product} {ergonomic}
     bool UseG1GC                                  = true                                      {product} {ergonomic}
     bool UseLargePagesIndividualAllocation        = false                                  {pd product} {ergonomic}

Logging:
Log output configuration:
 #0: stdout all=warning uptime,level,tags foldmultilines=false
 #1: stderr all=off uptime,level,tags foldmultilines=false

Environment Variables:
PATH=C:\Program Files\Common Files\Oracle\Java\javapath;C:\WINDOWS\system32;C:\WINDOWS;C:\WINDOWS\System32\Wbem;C:\WINDOWS\System32\WindowsPowerShell\v1.0\;C:\WINDOWS\System32\OpenSSH\;C:\xampp\php;C:\ProgramData\ComposerSetup\bin;C:\Program Files\nodejs;C:\Users\DELL\AppData\Local\Programs\Python\Python311\Scripts;C:\Users\DELL\AppData\Local\Programs\Python\Python311;C:\Program Files\Java\jdk-21\bin;C:\Users\DELL\AppData\Local\Microsoft\WindowsApps;C:\Users\DELL\AppData\Local\Programs\Microsoft VS Code\bin;C:\Users\DELL\AppData\Roaming\Composer\vendor\bin;C:\Program Files\nodejs;;C:\Program Files\JetBrains\IntelliJ IDEA 2023.3.4\bin;;C:\Program Files\JetBrains\IntelliJ IDEA Community Edition 2023.3.4\bin;
USERNAME=DELL
OS=Windows_NT
PROCESSOR_IDENTIFIER=Intel64 Family 6 Model 61 Stepping 4, GenuineIntel
TMP=C:\Users\DELL\AppData\Local\Temp
TEMP=C:\Users\DELL\AppData\Local\Temp




Periodic native trim disabled

---------------  S Y S T E M  ---------------

OS:
 Windows 10 , 64 bit Build 19041 (10.0.19041.3636)
OS uptime: 11 days 9:58 hours

CPU: total 4 (initial active 4) (2 cores per cpu, 2 threads per core) family 6 model 61 stepping 4 microcode 0x2d, cx8, cmov, fxsr, ht, mmx, 3dnowpref, sse, sse2, sse3, ssse3, sse4.1, sse4.2, popcnt, lzcnt, tsc, tscinvbit, avx, avx2, aes, erms, clmul, bmi1, bmi2, adx, fma, vzeroupper, clflush, rdtscp, f16c
Processor Information for all 4 processors :
  Max Mhz: 2401, Current Mhz: 2401, Mhz Limit: 2401

Memory: 4k page, system-wide physical 8102M (647M free)
TotalPageFile size 10150M (AvailPageFile size 5M)
current process WorkingSet (physical memory assigned to process): 222M, peak: 222M
current process commit charge ("private bytes"): 251M, peak: 257M

vm_info: Java HotSpot(TM) 64-Bit Server VM (21.0.2+13-LTS-58) for windows-amd64 JRE (21.0.2+13-LTS-58), built on 2024-01-05T18:32:24Z by "mach5one" with MS VC++ 17.1 (VS2022)

END.
