#
# There is insufficient memory for the Java Runtime Environment to continue.
# Native memory allocation (malloc) failed to allocate 1893296 bytes for Chunk::new
# Possible reasons:
#   The system is out of physical RAM or swap space
#   The process is running with CompressedOops enabled, and the Java Heap may be blocking the growth of the native heap
# Possible solutions:
#   Reduce memory load on the system
#   Increase physical memory or swap space
#   Check if swap backing store is full
#   Decrease Java heap size (-Xmx/-Xms)
#   Decrease number of Java threads
#   Decrease Java thread stack sizes (-Xss)
#   Set larger code cache with -XX:ReservedCodeCacheSize=
#   JVM is running with Unscaled Compressed Oops mode in which the Java heap is
#     placed in the first 4GB address space. The Java Heap base address is the
#     maximum limit for the native heap growth. Please use -XX:HeapBaseMinAddress
#     to set the Java Heap base and to place the Java Heap above 4GB virtual address.
# This output file may be truncated or incomplete.
#
#  Out of Memory Error (arena.cpp:168), pid=7472, tid=5068
#
# JRE version: Java(TM) SE Runtime Environment (21.0.2+13) (build 21.0.2+13-LTS-58)
# Java VM: Java HotSpot(TM) 64-Bit Server VM (21.0.2+13-LTS-58, mixed mode, sharing, tiered, compressed oops, compressed class ptrs, g1 gc, windows-amd64)
# No core dump will be written. Minidumps are not enabled by default on client versions of Windows
#

---------------  S U M M A R Y ------------

Command Line: -javaagent:C:\Program Files\JetBrains\IntelliJ IDEA Community Edition 2023.3.4\lib\idea_rt.jar=60000:C:\Program Files\JetBrains\IntelliJ IDEA Community Edition 2023.3.4\bin -Dfile.encoding=UTF-8 -Dsun.stdout.encoding=UTF-8 -Dsun.stderr.encoding=UTF-8 com.bookvault.BookvaultApplication

Host: Intel(R) Core(TM) i7-5500U CPU @ 2.40GHz, 4 cores, 7G,  Windows 10 , 64 bit Build 19041 (10.0.19041.3636)
Time: Thu Mar 21 23:00:19 2024 Nepal Standard Time elapsed time: 6.891174 seconds (0d 0h 0m 6s)

---------------  T H R E A D  ---------------

Current thread (0x00000237e14bbe80):  JavaThread "C2 CompilerThread1" daemon [_thread_in_native, id=5068, stack(0x000000830e000000,0x000000830e100000) (1024K)]


Current CompileTask:
C2:   6891 4141   !   4       jdk.internal.loader.BuiltinClassLoader::findClassOnClassPathOrNull (64 bytes)

Stack: [0x000000830e000000,0x000000830e100000]
Native frames: (J=compiled Java code, j=interpreted, Vv=VM code, C=native code)
V  [jvm.dll+0x6cade9]
V  [jvm.dll+0x8569c1]
V  [jvm.dll+0x858d2e]
V  [jvm.dll+0x859413]
V  [jvm.dll+0x280e56]
V  [jvm.dll+0xc3f3d]
V  [jvm.dll+0xc4473]
V  [jvm.dll+0x3b5bf2]
V  [jvm.dll+0x382855]
V  [jvm.dll+0x381cca]
V  [jvm.dll+0x249bd0]
V  [jvm.dll+0x2491b1]
V  [jvm.dll+0x1c9634]
V  [jvm.dll+0x258859]
V  [jvm.dll+0x256e3a]
V  [jvm.dll+0x3ef6c6]
V  [jvm.dll+0x7ff568]
V  [jvm.dll+0x6c953d]
C  [ucrtbase.dll+0x21bb2]
C  [KERNEL32.DLL+0x17344]
C  [ntdll.dll+0x526b1]


---------------  P R O C E S S  ---------------

Threads class SMR info:
_java_thread_list=0x00000237e8698890, length=19, elements={
0x00000237c2e878d0, 0x00000237e11244a0, 0x00000237e1125d10, 0x00000237e11292e0,
0x00000237e112e1d0, 0x00000237e112c4f0, 0x00000237e112d2b0, 0x00000237e112f700,
0x00000237e12a0800, 0x00000237e10ec7a0, 0x00000237e14bbe80, 0x00000237e1515df0,
0x00000237e1516460, 0x00000237e1aa6060, 0x00000237e1e47510, 0x00000237e72bc770,
0x00000237e72be1b0, 0x00000237e72be840, 0x00000237e72bdb20
}

Java Threads: ( => current thread )
  0x00000237c2e878d0 JavaThread "main"                              [_thread_blocked, id=8228, stack(0x000000830cf00000,0x000000830d000000) (1024K)]
  0x00000237e11244a0 JavaThread "Reference Handler"          daemon [_thread_blocked, id=8620, stack(0x000000830d700000,0x000000830d800000) (1024K)]
  0x00000237e1125d10 JavaThread "Finalizer"                  daemon [_thread_blocked, id=11804, stack(0x000000830d800000,0x000000830d900000) (1024K)]
  0x00000237e11292e0 JavaThread "Signal Dispatcher"          daemon [_thread_blocked, id=10184, stack(0x000000830d900000,0x000000830da00000) (1024K)]
  0x00000237e112e1d0 JavaThread "Attach Listener"            daemon [_thread_blocked, id=8372, stack(0x000000830da00000,0x000000830db00000) (1024K)]
  0x00000237e112c4f0 JavaThread "Service Thread"             daemon [_thread_blocked, id=3332, stack(0x000000830db00000,0x000000830dc00000) (1024K)]
  0x00000237e112d2b0 JavaThread "Monitor Deflation Thread"   daemon [_thread_blocked, id=15168, stack(0x000000830dc00000,0x000000830dd00000) (1024K)]
  0x00000237e112f700 JavaThread "C2 CompilerThread0"         daemon [_thread_in_native, id=2960, stack(0x000000830dd00000,0x000000830de00000) (1024K)]
  0x00000237e12a0800 JavaThread "C1 CompilerThread0"         daemon [_thread_blocked, id=6676, stack(0x000000830de00000,0x000000830df00000) (1024K)]
  0x00000237e10ec7a0 JavaThread "Common-Cleaner"             daemon [_thread_blocked, id=14468, stack(0x000000830df00000,0x000000830e000000) (1024K)]
=>0x00000237e14bbe80 JavaThread "C2 CompilerThread1"         daemon [_thread_in_native, id=5068, stack(0x000000830e000000,0x000000830e100000) (1024K)]
  0x00000237e1515df0 JavaThread "Monitor Ctrl-Break"         daemon [_thread_in_native, id=2420, stack(0x000000830e100000,0x000000830e200000) (1024K)]
  0x00000237e1516460 JavaThread "Notification Thread"        daemon [_thread_blocked, id=13808, stack(0x000000830e200000,0x000000830e300000) (1024K)]
  0x00000237e1aa6060 JavaThread "Thread-0"                          [_thread_blocked, id=11416, stack(0x000000830e600000,0x000000830e700000) (1024K)]
  0x00000237e1e47510 JavaThread "restartedMain"                     [_thread_in_vm, id=5996, stack(0x000000830e700000,0x000000830e800000) (1024K)]
  0x00000237e72bc770 JavaThread "Catalina-utility-1"                [_thread_blocked, id=13152, stack(0x000000830e800000,0x000000830e900000) (1024K)]
  0x00000237e72be1b0 JavaThread "Catalina-utility-2"                [_thread_blocked, id=12940, stack(0x000000830e900000,0x000000830ea00000) (1024K)]
  0x00000237e72be840 JavaThread "container-0"                       [_thread_blocked, id=10904, stack(0x000000830ea00000,0x000000830eb00000) (1024K)]
  0x00000237e72bdb20 JavaThread "mysql-cj-abandoned-connection-cleanup" daemon [_thread_blocked, id=13440, stack(0x000000830eb00000,0x000000830ec00000) (1024K)]
Total: 19

Other Threads:
  0x00000237e1102280 VMThread "VM Thread"                           [id=15480, stack(0x000000830d600000,0x000000830d700000) (1024K)]
  0x00000237e10eb330 WatcherThread "VM Periodic Task Thread"        [id=12920, stack(0x000000830d500000,0x000000830d600000) (1024K)]
  0x00000237c50990c0 WorkerThread "GC Thread#0"                     [id=16588, stack(0x000000830d000000,0x000000830d100000) (1024K)]
  0x00000237e1a5cea0 WorkerThread "GC Thread#1"                     [id=3656, stack(0x000000830e300000,0x000000830e400000) (1024K)]
  0x00000237e1a5d240 WorkerThread "GC Thread#2"                     [id=16452, stack(0x000000830e400000,0x000000830e500000) (1024K)]
  0x00000237e1949600 WorkerThread "GC Thread#3"                     [id=5552, stack(0x000000830e500000,0x000000830e600000) (1024K)]
  0x00000237c50a9de0 ConcurrentGCThread "G1 Main Marker"            [id=13188, stack(0x000000830d100000,0x000000830d200000) (1024K)]
  0x00000237c50aaa90 WorkerThread "G1 Conc#0"                       [id=1648, stack(0x000000830d200000,0x000000830d300000) (1024K)]
  0x00000237c51081b0 ConcurrentGCThread "G1 Refine#0"               [id=700, stack(0x000000830d300000,0x000000830d400000) (1024K)]
  0x00000237e0fb20b0 ConcurrentGCThread "G1 Service"                [id=10288, stack(0x000000830d400000,0x000000830d500000) (1024K)]
Total: 10

Threads with active compile tasks:
C2 CompilerThread0     6925 4299       4       sun.security.util.math.intpoly.IntegerPolynomial::conditionalAssign (45 bytes)
C2 CompilerThread1     6925 4141   !   4       jdk.internal.loader.BuiltinClassLoader::findClassOnClassPathOrNull (64 bytes)
Total: 2

VM state: not at safepoint (normal execution)

VM Mutex/Monitor currently owned by a thread: None

Heap address: 0x0000000081600000, size: 2026 MB, Compressed Oops mode: 32-bit

CDS archive(s) mapped at: [0x0000023780000000-0x0000023780c90000-0x0000023780c90000), size 13172736, SharedBaseAddress: 0x0000023780000000, ArchiveRelocationMode: 1.
Compressed class space mapped at: 0x0000023781000000-0x00000237c1000000, reserved size: 1073741824
Narrow klass base: 0x0000023780000000, Narrow klass shift: 0, Narrow klass range: 0x100000000

GC Precious Log:
 CardTable entry size: 512
 Card Set container configuration: InlinePtr #cards 5 size 8 Array Of Cards #cards 12 size 40 Howl #buckets 4 coarsen threshold 1843 Howl Bitmap #cards 512 size 80 coarsen threshold 460 Card regions per heap region 1 cards per card region 2048
 CPUs: 4 total, 4 available
 Memory: 8102M
 Large Page Support: Disabled
 NUMA Support: Disabled
 Compressed Oops: Enabled (32-bit)
 Heap Region Size: 1M
 Heap Min Capacity: 8M
 Heap Initial Capacity: 128M
 Heap Max Capacity: 2026M
 Pre-touch: Disabled
 Parallel Workers: 4
 Concurrent Workers: 1
 Concurrent Refinement Workers: 4
 Periodic GC: Disabled

Heap:
 garbage-first heap   total 45056K, used 24717K [0x0000000081600000, 0x0000000100000000)
  region size 1024K, 10 young (10240K), 2 survivors (2048K)
 Metaspace       used 40708K, committed 41216K, reserved 1114112K
  class space    used 5193K, committed 5440K, reserved 1048576K

Heap Regions: E=young(eden), S=young(survivor), O=old, HS=humongous(starts), HC=humongous(continues), CS=collection set, F=free, TAMS=top-at-mark-start, PB=parsable bottom
|   0|0x0000000081600000, 0x0000000081700000, 0x0000000081700000|100%|HS|  |TAMS 0x0000000081600000| PB 0x0000000081600000| Complete 
|   1|0x0000000081700000, 0x0000000081800000, 0x0000000081800000|100%| O|  |TAMS 0x0000000081700000| PB 0x0000000081700000| Untracked 
|   2|0x0000000081800000, 0x0000000081900000, 0x0000000081900000|100%| O|  |TAMS 0x0000000081800000| PB 0x0000000081800000| Untracked 
|   3|0x0000000081900000, 0x0000000081a00000, 0x0000000081a00000|100%| O|  |TAMS 0x0000000081900000| PB 0x0000000081900000| Untracked 
|   4|0x0000000081a00000, 0x0000000081b00000, 0x0000000081b00000|100%| O|  |TAMS 0x0000000081a00000| PB 0x0000000081a00000| Untracked 
|   5|0x0000000081b00000, 0x0000000081c00000, 0x0000000081c00000|100%| O|  |TAMS 0x0000000081b00000| PB 0x0000000081b00000| Untracked 
|   6|0x0000000081c00000, 0x0000000081d00000, 0x0000000081d00000|100%| O|  |TAMS 0x0000000081c00000| PB 0x0000000081c00000| Untracked 
|   7|0x0000000081d00000, 0x0000000081e00000, 0x0000000081e00000|100%| O|  |TAMS 0x0000000081d00000| PB 0x0000000081d00000| Untracked 
|   8|0x0000000081e00000, 0x0000000081f00000, 0x0000000081f00000|100%| O|  |TAMS 0x0000000081e00000| PB 0x0000000081e00000| Untracked 
|   9|0x0000000081f00000, 0x0000000082000000, 0x0000000082000000|100%| O|  |TAMS 0x0000000081f00000| PB 0x0000000081f00000| Untracked 
|  10|0x0000000082000000, 0x0000000082100000, 0x0000000082100000|100%| O|  |TAMS 0x0000000082000000| PB 0x0000000082000000| Untracked 
|  11|0x0000000082100000, 0x0000000082200000, 0x0000000082200000|100%| O|  |TAMS 0x0000000082100000| PB 0x0000000082100000| Untracked 
|  12|0x0000000082200000, 0x0000000082300000, 0x0000000082300000|100%| O|  |TAMS 0x0000000082200000| PB 0x0000000082200000| Untracked 
|  13|0x0000000082300000, 0x0000000082400000, 0x0000000082400000|100%| O|  |TAMS 0x0000000082300000| PB 0x0000000082300000| Untracked 
|  14|0x0000000082400000, 0x0000000082500000, 0x0000000082500000|100%| O|  |TAMS 0x0000000082400000| PB 0x0000000082400000| Untracked 
|  15|0x0000000082500000, 0x00000000825973a0, 0x0000000082600000| 59%| O|  |TAMS 0x0000000082500000| PB 0x0000000082500000| Untracked 
|  16|0x0000000082600000, 0x0000000082600000, 0x0000000082700000|  0%| F|  |TAMS 0x0000000082600000| PB 0x0000000082600000| Untracked 
|  17|0x0000000082700000, 0x0000000082700000, 0x0000000082800000|  0%| F|  |TAMS 0x0000000082700000| PB 0x0000000082700000| Untracked 
|  18|0x0000000082800000, 0x0000000082900000, 0x0000000082900000|100%| O|Cm|TAMS 0x0000000082800000| PB 0x0000000082800000| Complete 
|  19|0x0000000082900000, 0x0000000082900000, 0x0000000082a00000|  0%| F|  |TAMS 0x0000000082900000| PB 0x0000000082900000| Untracked 
|  20|0x0000000082a00000, 0x0000000082a00000, 0x0000000082b00000|  0%| F|  |TAMS 0x0000000082a00000| PB 0x0000000082a00000| Untracked 
|  21|0x0000000082b00000, 0x0000000082b00000, 0x0000000082c00000|  0%| F|  |TAMS 0x0000000082b00000| PB 0x0000000082b00000| Untracked 
|  22|0x0000000082c00000, 0x0000000082c00000, 0x0000000082d00000|  0%| F|  |TAMS 0x0000000082c00000| PB 0x0000000082c00000| Untracked 
|  23|0x0000000082d00000, 0x0000000082d00000, 0x0000000082e00000|  0%| F|  |TAMS 0x0000000082d00000| PB 0x0000000082d00000| Untracked 
|  24|0x0000000082e00000, 0x0000000082e00000, 0x0000000082f00000|  0%| F|  |TAMS 0x0000000082e00000| PB 0x0000000082e00000| Untracked 
|  25|0x0000000082f00000, 0x0000000082f00000, 0x0000000083000000|  0%| F|  |TAMS 0x0000000082f00000| PB 0x0000000082f00000| Untracked 
|  26|0x0000000083000000, 0x0000000083000000, 0x0000000083100000|  0%| F|  |TAMS 0x0000000083000000| PB 0x0000000083000000| Untracked 
|  27|0x0000000083100000, 0x0000000083100000, 0x0000000083200000|  0%| F|  |TAMS 0x0000000083100000| PB 0x0000000083100000| Untracked 
|  28|0x0000000083200000, 0x0000000083200000, 0x0000000083300000|  0%| F|  |TAMS 0x0000000083200000| PB 0x0000000083200000| Untracked 
|  29|0x0000000083300000, 0x0000000083300000, 0x0000000083400000|  0%| F|  |TAMS 0x0000000083300000| PB 0x0000000083300000| Untracked 
|  30|0x0000000083400000, 0x0000000083400000, 0x0000000083500000|  0%| F|  |TAMS 0x0000000083400000| PB 0x0000000083400000| Untracked 
|  31|0x0000000083500000, 0x0000000083500000, 0x0000000083600000|  0%| F|  |TAMS 0x0000000083500000| PB 0x0000000083500000| Untracked 
|  32|0x0000000083600000, 0x0000000083600000, 0x0000000083700000|  0%| F|  |TAMS 0x0000000083600000| PB 0x0000000083600000| Untracked 
|  33|0x0000000083700000, 0x0000000083700000, 0x0000000083800000|  0%| F|  |TAMS 0x0000000083700000| PB 0x0000000083700000| Untracked 
|  34|0x0000000083800000, 0x00000000838e4498, 0x0000000083900000| 89%| E|  |TAMS 0x0000000083800000| PB 0x0000000083800000| Complete 
|  35|0x0000000083900000, 0x000000008398c0e8, 0x0000000083a00000| 54%| S|CS|TAMS 0x0000000083900000| PB 0x0000000083900000| Complete 
|  36|0x0000000083a00000, 0x0000000083b00000, 0x0000000083b00000|100%| S|CS|TAMS 0x0000000083a00000| PB 0x0000000083a00000| Complete 
|  83|0x0000000086900000, 0x0000000086a00000, 0x0000000086a00000|100%| E|CS|TAMS 0x0000000086900000| PB 0x0000000086900000| Complete 
|  84|0x0000000086a00000, 0x0000000086b00000, 0x0000000086b00000|100%| E|CS|TAMS 0x0000000086a00000| PB 0x0000000086a00000| Complete 
|  85|0x0000000086b00000, 0x0000000086c00000, 0x0000000086c00000|100%| E|CS|TAMS 0x0000000086b00000| PB 0x0000000086b00000| Complete 
|  86|0x0000000086c00000, 0x0000000086d00000, 0x0000000086d00000|100%| E|CS|TAMS 0x0000000086c00000| PB 0x0000000086c00000| Complete 
|  87|0x0000000086d00000, 0x0000000086e00000, 0x0000000086e00000|100%| E|CS|TAMS 0x0000000086d00000| PB 0x0000000086d00000| Complete 
|  92|0x0000000087200000, 0x0000000087300000, 0x0000000087300000|100%| E|CS|TAMS 0x0000000087200000| PB 0x0000000087200000| Complete 
|  93|0x0000000087300000, 0x0000000087400000, 0x0000000087400000|100%| E|  |TAMS 0x0000000087300000| PB 0x0000000087300000| Complete 

Card table byte_map: [0x00000237dc8b0000,0x00000237dccb0000] _byte_map_base: 0x00000237dc4a5000

Marking Bits: (CMBitMap*) 0x00000237c50997c0
 Bits: [0x00000237dccb0000, 0x00000237dec58000)

Polling page: 0x00000237c31b0000

Metaspace:

Usage:
  Non-class:     34.68 MB used.
      Class:      5.07 MB used.
       Both:     39.75 MB used.

Virtual space:
  Non-class space:       64.00 MB reserved,      34.94 MB ( 55%) committed,  1 nodes.
      Class space:        1.00 GB reserved,       5.31 MB ( <1%) committed,  1 nodes.
             Both:        1.06 GB reserved,      40.25 MB (  4%) committed. 

Chunk freelists:
   Non-Class:  12.88 MB
       Class:  10.72 MB
        Both:  23.59 MB

MaxMetaspaceSize: unlimited
CompressedClassSpaceSize: 1.00 GB
Initial GC threshold: 21.00 MB
Current GC threshold: 59.19 MB
CDS: on
 - commit_granule_bytes: 65536.
 - commit_granule_words: 8192.
 - virtual_space_node_default_size: 8388608.
 - enlarge_chunks_in_place: 1.
 - use_allocation_guard: 0.


Internal statistics:

num_allocs_failed_limit: 9.
num_arena_births: 708.
num_arena_deaths: 0.
num_vsnodes_births: 2.
num_vsnodes_deaths: 0.
num_space_committed: 644.
num_space_uncommitted: 0.
num_chunks_returned_to_freelist: 9.
num_chunks_taken_from_freelist: 2065.
num_chunk_merges: 9.
num_chunk_splits: 1440.
num_chunks_enlarged: 1034.
num_inconsistent_stats: 0.

CodeHeap 'non-profiled nmethods': size=120000Kb used=2187Kb max_used=2246Kb free=117812Kb
 bounds [0x00000237d4f80000, 0x00000237d51f0000, 0x00000237dc4b0000]
CodeHeap 'profiled nmethods': size=120000Kb used=7857Kb max_used=8535Kb free=112142Kb
 bounds [0x00000237cd4b0000, 0x00000237cdd10000, 0x00000237d49e0000]
CodeHeap 'non-nmethods': size=5760Kb used=1561Kb max_used=1575Kb free=4198Kb
 bounds [0x00000237d49e0000, 0x00000237d4c50000, 0x00000237d4f80000]
 total_blobs=4493 nmethods=3872 adapters=525
 compilation: enabled
              stopped_count=0, restarted_count=0
 full_count=0

Compilation events (20 events):
Event: 6.854 Thread 0x00000237e12a0800 nmethod 4240 0x00000237cd720110 code [0x00000237cd7202e0, 0x00000237cd720660]
Event: 6.854 Thread 0x00000237e12a0800 4241       3       sun.security.ssl.CipherSuite$KeyExchange::isAvailable (46 bytes)
Event: 6.855 Thread 0x00000237e12a0800 nmethod 4241 0x00000237cd594b90 code [0x00000237cd594d60, 0x00000237cd595040]
Event: 6.876 Thread 0x00000237e112f700 nmethod 4238 0x00000237d4ffea90 code [0x00000237d4ffecc0, 0x00000237d4fff758]
Event: 6.878 Thread 0x00000237e12a0800 4242       3       java.util.LinkedList::add (7 bytes)
Event: 6.879 Thread 0x00000237e12a0800 nmethod 4242 0x00000237cd82e790 code [0x00000237cd82e940, 0x00000237cd82ea98]
Event: 6.879 Thread 0x00000237e12a0800 4243       3       java.util.LinkedList::linkLast (59 bytes)
Event: 6.879 Thread 0x00000237e12a0800 nmethod 4243 0x00000237cd90a110 code [0x00000237cd90a2e0, 0x00000237cd90a738]
Event: 6.880 Thread 0x00000237e12a0800 4244       3       java.util.regex.Pattern::split (8 bytes)
Event: 6.880 Thread 0x00000237e12a0800 nmethod 4244 0x00000237cd691110 code [0x00000237cd6912c0, 0x00000237cd691408]
Event: 6.881 Thread 0x00000237e12a0800 4245       3       java.util.KeyValueHolder::<init> (21 bytes)
Event: 6.881 Thread 0x00000237e12a0800 nmethod 4245 0x00000237cda5b690 code [0x00000237cda5b880, 0x00000237cda5bd58]
Event: 6.881 Thread 0x00000237e112f700 4246       4       java.util.regex.Pattern$SliceI::match (96 bytes)
Event: 6.881 Thread 0x00000237e12a0800 4247       3       java.util.HashMap::put (13 bytes)
Event: 6.882 Thread 0x00000237e12a0800 nmethod 4247 0x00000237cdad0a90 code [0x00000237cdad0c60, 0x00000237cdad0f68]
Event: 6.882 Thread 0x00000237e12a0800 4248       3       java.util.ImmutableCollections$MapN$MapNIterator::nextIndex (56 bytes)
Event: 6.882 Thread 0x00000237e12a0800 nmethod 4248 0x00000237cd884090 code [0x00000237cd884240, 0x00000237cd8843b0]
Event: 6.888 Thread 0x00000237e112f700 nmethod 4246 0x00000237d506dd10 code [0x00000237d506dee0, 0x00000237d506e2c0]
Event: 6.888 Thread 0x00000237e12a0800 4249       1       java.nio.DirectByteBuffer::attachment (5 bytes)
Event: 6.889 Thread 0x00000237e12a0800 nmethod 4249 0x00000237d4fb1d10 code [0x00000237d4fb1ea0, 0x00000237d4fb1f68]

GC Heap History (16 events):
Event: 0.832 GC heap before
{Heap before GC invocations=0 (full 0):
 garbage-first heap   total 131072K, used 13312K [0x0000000081600000, 0x0000000100000000)
  region size 1024K, 13 young (13312K), 0 survivors (0K)
 Metaspace       used 3521K, committed 3712K, reserved 1114112K
  class space    used 358K, committed 448K, reserved 1048576K
}
Event: 0.837 GC heap after
{Heap after GC invocations=1 (full 0):
 garbage-first heap   total 131072K, used 6144K [0x0000000081600000, 0x0000000100000000)
  region size 1024K, 2 young (2048K), 2 survivors (2048K)
 Metaspace       used 3521K, committed 3712K, reserved 1114112K
  class space    used 358K, committed 448K, reserved 1048576K
}
Event: 1.380 GC heap before
{Heap before GC invocations=1 (full 0):
 garbage-first heap   total 131072K, used 19456K [0x0000000081600000, 0x0000000100000000)
  region size 1024K, 15 young (15360K), 2 survivors (2048K)
 Metaspace       used 7157K, committed 7424K, reserved 1114112K
  class space    used 812K, committed 960K, reserved 1048576K
}
Event: 1.384 GC heap after
{Heap after GC invocations=2 (full 0):
 garbage-first heap   total 131072K, used 7353K [0x0000000081600000, 0x0000000100000000)
  region size 1024K, 2 young (2048K), 2 survivors (2048K)
 Metaspace       used 7157K, committed 7424K, reserved 1114112K
  class space    used 812K, committed 960K, reserved 1048576K
}
Event: 2.208 GC heap before
{Heap before GC invocations=2 (full 0):
 garbage-first heap   total 131072K, used 41145K [0x0000000081600000, 0x0000000100000000)
  region size 1024K, 36 young (36864K), 2 survivors (2048K)
 Metaspace       used 16615K, committed 16960K, reserved 1114112K
  class space    used 2015K, committed 2176K, reserved 1048576K
}
Event: 2.215 GC heap after
{Heap after GC invocations=3 (full 0):
 garbage-first heap   total 131072K, used 9966K [0x0000000081600000, 0x0000000100000000)
  region size 1024K, 4 young (4096K), 4 survivors (4096K)
 Metaspace       used 16615K, committed 16960K, reserved 1114112K
  class space    used 2015K, committed 2176K, reserved 1048576K
}
Event: 3.850 GC heap before
{Heap before GC invocations=3 (full 0):
 garbage-first heap   total 131072K, used 43758K [0x0000000081600000, 0x0000000100000000)
  region size 1024K, 38 young (38912K), 4 survivors (4096K)
 Metaspace       used 21237K, committed 21504K, reserved 1114112K
  class space    used 2553K, committed 2688K, reserved 1048576K
}
Event: 3.863 GC heap after
{Heap after GC invocations=4 (full 0):
 garbage-first heap   total 131072K, used 13238K [0x0000000081600000, 0x0000000100000000)
  region size 1024K, 7 young (7168K), 7 survivors (7168K)
 Metaspace       used 21237K, committed 21504K, reserved 1114112K
  class space    used 2553K, committed 2688K, reserved 1048576K
}
Event: 4.763 GC heap before
{Heap before GC invocations=5 (full 0):
 garbage-first heap   total 45056K, used 32694K [0x0000000081600000, 0x0000000100000000)
  region size 1024K, 26 young (26624K), 7 survivors (7168K)
 Metaspace       used 24941K, committed 25344K, reserved 1114112K
  class space    used 3094K, committed 3264K, reserved 1048576K
}
Event: 4.777 GC heap after
{Heap after GC invocations=6 (full 0):
 garbage-first heap   total 45056K, used 15384K [0x0000000081600000, 0x0000000100000000)
  region size 1024K, 3 young (3072K), 3 survivors (3072K)
 Metaspace       used 24941K, committed 25344K, reserved 1114112K
  class space    used 3094K, committed 3264K, reserved 1048576K
}
Event: 5.555 GC heap before
{Heap before GC invocations=6 (full 0):
 garbage-first heap   total 45056K, used 34840K [0x0000000081600000, 0x0000000100000000)
  region size 1024K, 22 young (22528K), 3 survivors (3072K)
 Metaspace       used 28604K, committed 29120K, reserved 1114112K
  class space    used 3561K, committed 3776K, reserved 1048576K
}
Event: 5.563 GC heap after
{Heap after GC invocations=7 (full 0):
 garbage-first heap   total 45056K, used 17188K [0x0000000081600000, 0x0000000100000000)
  region size 1024K, 2 young (2048K), 2 survivors (2048K)
 Metaspace       used 28604K, committed 29120K, reserved 1114112K
  class space    used 3561K, committed 3776K, reserved 1048576K
}
Event: 6.228 GC heap before
{Heap before GC invocations=7 (full 0):
 garbage-first heap   total 45056K, used 36644K [0x0000000081600000, 0x0000000100000000)
  region size 1024K, 21 young (21504K), 2 survivors (2048K)
 Metaspace       used 33489K, committed 33984K, reserved 1114112K
  class space    used 4266K, committed 4480K, reserved 1048576K
}
Event: 6.233 GC heap after
{Heap after GC invocations=8 (full 0):
 garbage-first heap   total 45056K, used 18340K [0x0000000081600000, 0x0000000100000000)
  region size 1024K, 2 young (2048K), 2 survivors (2048K)
 Metaspace       used 33489K, committed 33984K, reserved 1114112K
  class space    used 4266K, committed 4480K, reserved 1048576K
}
Event: 6.506 GC heap before
{Heap before GC invocations=8 (full 0):
 garbage-first heap   total 45056K, used 23460K [0x0000000081600000, 0x0000000100000000)
  region size 1024K, 9 young (9216K), 2 survivors (2048K)
 Metaspace       used 35407K, committed 35968K, reserved 1114112K
  class space    used 4587K, committed 4800K, reserved 1048576K
}
Event: 6.509 GC heap after
{Heap after GC invocations=9 (full 0):
 garbage-first heap   total 45056K, used 18573K [0x0000000081600000, 0x0000000100000000)
  region size 1024K, 2 young (2048K), 2 survivors (2048K)
 Metaspace       used 35407K, committed 35968K, reserved 1114112K
  class space    used 4587K, committed 4800K, reserved 1048576K
}

Dll operation events (14 events):
Event: 0.017 Loaded shared library C:\Program Files\Java\jdk-21\bin\java.dll
Event: 0.077 Loaded shared library C:\Program Files\Java\jdk-21\bin\jsvml.dll
Event: 0.245 Loaded shared library C:\Program Files\Java\jdk-21\bin\zip.dll
Event: 0.252 Loaded shared library C:\Program Files\Java\jdk-21\bin\instrument.dll
Event: 0.263 Loaded shared library C:\Program Files\Java\jdk-21\bin\net.dll
Event: 0.267 Loaded shared library C:\Program Files\Java\jdk-21\bin\nio.dll
Event: 0.272 Loaded shared library C:\Program Files\Java\jdk-21\bin\zip.dll
Event: 0.426 Loaded shared library C:\Program Files\JetBrains\IntelliJ IDEA Community Edition 2023.3.4\bin\breakgen64.dll
Event: 0.441 Loaded shared library C:\Program Files\Java\jdk-21\bin\extnet.dll
Event: 0.496 Loaded shared library C:\Program Files\Java\jdk-21\bin\jimage.dll
Event: 0.961 Loaded shared library C:\Program Files\Java\jdk-21\bin\management.dll
Event: 0.964 Loaded shared library C:\Program Files\Java\jdk-21\bin\management_ext.dll
Event: 2.338 Loaded shared library C:\Program Files\Java\jdk-21\bin\sunmscapi.dll
Event: 6.177 Loaded shared library C:\Program Files\Java\jdk-21\bin\verify.dll

Deoptimization events (20 events):
Event: 6.791 Thread 0x00000237e1e47510 Uncommon trap: trap_request=0xffffffc6 fr.pc=0x00000237d4ff69e0 relative=0x0000000000000b60
Event: 6.791 Thread 0x00000237e1e47510 Uncommon trap: reason=bimorphic_or_optimized_type_check action=maybe_recompile pc=0x00000237d4ff69e0 method=java.util.regex.Pattern$Start.match(Ljava/util/regex/Matcher;ILjava/lang/CharSequence;)Z @ 44 c2
Event: 6.791 Thread 0x00000237e1e47510 DEOPT PACKING pc=0x00000237d4ff69e0 sp=0x000000830e7fb1b0
Event: 6.791 Thread 0x00000237e1e47510 DEOPT UNPACKING pc=0x00000237d4a346a2 sp=0x000000830e7fb0f0 mode 2
Event: 6.791 Thread 0x00000237e1e47510 Uncommon trap: trap_request=0xffffffc6 fr.pc=0x00000237d4ff69e0 relative=0x0000000000000b60
Event: 6.791 Thread 0x00000237e1e47510 Uncommon trap: reason=bimorphic_or_optimized_type_check action=maybe_recompile pc=0x00000237d4ff69e0 method=java.util.regex.Pattern$Start.match(Ljava/util/regex/Matcher;ILjava/lang/CharSequence;)Z @ 44 c2
Event: 6.791 Thread 0x00000237e1e47510 DEOPT PACKING pc=0x00000237d4ff69e0 sp=0x000000830e7fb1b0
Event: 6.791 Thread 0x00000237e1e47510 DEOPT UNPACKING pc=0x00000237d4a346a2 sp=0x000000830e7fb0f0 mode 2
Event: 6.791 Thread 0x00000237e1e47510 Uncommon trap: trap_request=0xffffffc6 fr.pc=0x00000237d4ff69e0 relative=0x0000000000000b60
Event: 6.791 Thread 0x00000237e1e47510 Uncommon trap: reason=bimorphic_or_optimized_type_check action=maybe_recompile pc=0x00000237d4ff69e0 method=java.util.regex.Pattern$Start.match(Ljava/util/regex/Matcher;ILjava/lang/CharSequence;)Z @ 44 c2
Event: 6.791 Thread 0x00000237e1e47510 DEOPT PACKING pc=0x00000237d4ff69e0 sp=0x000000830e7fb1b0
Event: 6.791 Thread 0x00000237e1e47510 DEOPT UNPACKING pc=0x00000237d4a346a2 sp=0x000000830e7fb0f0 mode 2
Event: 6.830 Thread 0x00000237e1e47510 Uncommon trap: trap_request=0xffffff45 fr.pc=0x00000237d4ff1b80 relative=0x0000000000000240
Event: 6.830 Thread 0x00000237e1e47510 Uncommon trap: reason=unstable_if action=reinterpret pc=0x00000237d4ff1b80 method=java.util.HashMap.putVal(ILjava/lang/Object;Ljava/lang/Object;ZZ)Ljava/lang/Object; @ 162 c2
Event: 6.830 Thread 0x00000237e1e47510 DEOPT PACKING pc=0x00000237d4ff1b80 sp=0x000000830e7fa0f0
Event: 6.830 Thread 0x00000237e1e47510 DEOPT UNPACKING pc=0x00000237d4a346a2 sp=0x000000830e7fa028 mode 2
Event: 6.842 Thread 0x00000237e1e47510 Uncommon trap: trap_request=0xffffff45 fr.pc=0x00000237d4f92cb0 relative=0x0000000000000190
Event: 6.842 Thread 0x00000237e1e47510 Uncommon trap: reason=unstable_if action=reinterpret pc=0x00000237d4f92cb0 method=jdk.internal.util.ArraysSupport.vectorizedHashCode(Ljava/lang/Object;IIII)I @ 2 c2
Event: 6.842 Thread 0x00000237e1e47510 DEOPT PACKING pc=0x00000237d4f92cb0 sp=0x000000830e7fa030
Event: 6.842 Thread 0x00000237e1e47510 DEOPT UNPACKING pc=0x00000237d4a346a2 sp=0x000000830e7f9fe0 mode 2

Classes loaded (20 events):
Event: 6.886 Loading class sun/security/ssl/RSAKeyExchange$RSAKAGenerator
Event: 6.886 Loading class sun/security/ssl/RSAKeyExchange$RSAKAGenerator done
Event: 6.886 Loading class sun/security/ssl/DHKeyExchange
Event: 6.887 Loading class sun/security/ssl/DHKeyExchange done
Event: 6.887 Loading class sun/security/ssl/DHKeyExchange$DHEPossessionGenerator
Event: 6.887 Loading class sun/security/ssl/DHKeyExchange$DHEPossessionGenerator done
Event: 6.887 Loading class sun/security/ssl/DHKeyExchange$DHEKAGenerator
Event: 6.887 Loading class sun/security/ssl/DHKeyExchange$DHEKAGenerator done
Event: 6.887 Loading class sun/security/ssl/ECDHKeyExchange
Event: 6.887 Loading class sun/security/ssl/ECDHKeyExchange done
Event: 6.887 Loading class sun/security/ssl/ECDHKeyExchange$ECDHEPossessionGenerator
Event: 6.887 Loading class sun/security/ssl/ECDHKeyExchange$ECDHEPossessionGenerator done
Event: 6.887 Loading class sun/security/ssl/ECDHKeyExchange$ECDHKAGenerator
Event: 6.888 Loading class sun/security/ssl/ECDHKeyExchange$ECDHKAGenerator done
Event: 6.888 Loading class sun/security/ssl/ECDHKeyExchange$ECDHEKAGenerator
Event: 6.888 Loading class sun/security/ssl/ECDHKeyExchange$ECDHEKAGenerator done
Event: 6.888 Loading class sun/security/ssl/ECDHKeyExchange$ECDHEXDHKAGenerator
Event: 6.888 Loading class sun/security/ssl/ECDHKeyExchange$ECDHEXDHKAGenerator done
Event: 6.888 Loading class sun/security/ssl/XDHKeyExchange$XDHEPossession
Event: 6.888 Loading class sun/security/ssl/XDHKeyExchange$XDHEPossession done

Classes unloaded (0 events):
No events

Classes redefined (0 events):
No events

Internal exceptions (20 events):
Event: 4.860 Thread 0x00000237e1e47510 Exception <a 'java/lang/NoSuchMethodError'{0x00000000872ab9c8}: 'void java.lang.invoke.DirectMethodHandle$Holder.invokeInterface(java.lang.Object, java.lang.Object, int)'> (0x00000000872ab9c8) 
thrown [s\open\src\hotspot\share\interpreter\linkResolver.cpp, line 773]
Event: 4.869 Thread 0x00000237e1e47510 Exception <a 'java/lang/IncompatibleClassChangeError'{0x00000000872edc98}: Found class java.lang.Object, but interface was expected> (0x00000000872edc98) 
thrown [s\open\src\hotspot\share\interpreter\linkResolver.cpp, line 840]
Event: 4.871 Thread 0x00000237e1e47510 Exception <a 'java/lang/NoSuchMethodError'{0x00000000872fbd00}: 'int java.lang.invoke.DirectMethodHandle$Holder.invokeSpecialIFC(java.lang.Object, java.lang.Object, java.lang.Object)'> (0x00000000872fbd00) 
thrown [s\open\src\hotspot\share\interpreter\linkResolver.cpp, line 773]
Event: 4.872 Thread 0x00000237e1e47510 Exception <a 'java/lang/NoSuchMethodError'{0x0000000086d08530}: 'void java.lang.invoke.DirectMethodHandle$Holder.invokeStatic(java.lang.Object, int, java.lang.Object)'> (0x0000000086d08530) 
thrown [s\open\src\hotspot\share\interpreter\linkResolver.cpp, line 773]
Event: 4.880 Thread 0x00000237e1e47510 Exception <a 'java/lang/NoSuchMethodError'{0x0000000086d3e248}: 'void java.lang.invoke.DirectMethodHandle$Holder.invokeStatic(java.lang.Object, java.lang.Object, java.lang.Object, int, java.lang.Object)'> (0x0000000086d3e248) 
thrown [s\open\src\hotspot\share\interpreter\linkResolver.cpp, line 773]
Event: 4.881 Thread 0x00000237e1e47510 Exception <a 'java/lang/NoSuchMethodError'{0x0000000086d44a88}: 'java.lang.Object java.lang.invoke.DirectMethodHandle$Holder.newInvokeSpecial(java.lang.Object, java.lang.Object, java.lang.Object, int)'> (0x0000000086d44a88) 
thrown [s\open\src\hotspot\share\interpreter\linkResolver.cpp, line 773]
Event: 4.882 Thread 0x00000237e1e47510 Exception <a 'java/lang/NoSuchMethodError'{0x0000000086d48908}: 'java.lang.Object java.lang.invoke.DirectMethodHandle$Holder.invokeSpecial(java.lang.Object, java.lang.Object, java.lang.Object, java.lang.Object, int)'> (0x0000000086d48908) 
thrown [s\open\src\hotspot\share\interpreter\linkResolver.cpp, line 773]
Event: 4.882 Thread 0x00000237e1e47510 Exception <a 'java/lang/NoSuchMethodError'{0x0000000086d4c038}: 'java.lang.Object java.lang.invoke.Invokers$Holder.linkToTargetMethod(java.lang.Object, java.lang.Object, int, java.lang.Object)'> (0x0000000086d4c038) 
thrown [s\open\src\hotspot\share\interpreter\linkResolver.cpp, line 773]
Event: 5.036 Thread 0x00000237e1e47510 Exception <a 'java/lang/NoSuchMethodError'{0x0000000086ad80a8}: 'java.lang.Object java.lang.invoke.DirectMethodHandle$Holder.invokeStaticInit(java.lang.Object, int, int, int, int)'> (0x0000000086ad80a8) 
thrown [s\open\src\hotspot\share\interpreter\linkResolver.cpp, line 773]
Event: 5.064 Thread 0x00000237e1e47510 Exception <a 'java/lang/NoSuchMethodError'{0x00000000869394e0}: 'java.lang.Object java.lang.invoke.DirectMethodHandle$Holder.invokeStaticInit(java.lang.Object, java.lang.Object, int, int, int, int)'> (0x00000000869394e0) 
thrown [s\open\src\hotspot\share\interpreter\linkResolver.cpp, line 773]
Event: 5.273 Thread 0x00000237e1e47510 Exception <a 'java/lang/NoSuchMethodError'{0x00000000835aaea8}: 'int java.lang.invoke.DirectMethodHandle$Holder.invokeVirtual(java.lang.Object, java.lang.Object, java.lang.Object, java.lang.Object)'> (0x00000000835aaea8) 
thrown [s\open\src\hotspot\share\interpreter\linkResolver.cpp, line 773]
Event: 5.274 Thread 0x00000237e1e47510 Exception <a 'java/lang/NoSuchMethodError'{0x00000000835ae910}: 'int java.lang.invoke.DelegatingMethodHandle$Holder.reinvoke_L(java.lang.Object, java.lang.Object, java.lang.Object, java.lang.Object)'> (0x00000000835ae910) 
thrown [s\open\src\hotspot\share\interpreter\linkResolver.cpp, line 773]
Event: 5.369 Thread 0x00000237e1e47510 Exception <a 'java/io/FileNotFoundException'{0x00000000833b82f0}> (0x00000000833b82f0) 
thrown [s\open\src\hotspot\share\prims\jni.cpp, line 520]
Event: 5.412 Thread 0x00000237e1e47510 Exception <a 'java/lang/NoSuchMethodError'{0x0000000083102658}: 'int java.lang.invoke.DirectMethodHandle$Holder.invokeInterface(java.lang.Object, java.lang.Object, java.lang.Object, java.lang.Object)'> (0x0000000083102658) 
thrown [s\open\src\hotspot\share\interpreter\linkResolver.cpp, line 773]
Event: 5.499 Thread 0x00000237e1e47510 Exception <a 'java/lang/NoSuchMethodError'{0x00000000830ba1c0}: 'long java.lang.invoke.DirectMethodHandle$Holder.invokeVirtual(java.lang.Object, java.lang.Object)'> (0x00000000830ba1c0) 
thrown [s\open\src\hotspot\share\interpreter\linkResolver.cpp, line 773]
Event: 5.516 Thread 0x00000237e1e47510 Exception <a 'java/io/FileNotFoundException'{0x00000000830e2d98}> (0x00000000830e2d98) 
thrown [s\open\src\hotspot\share\prims\jni.cpp, line 520]
Event: 5.655 Thread 0x00000237e1e47510 Exception <a 'java/lang/NoSuchMethodError'{0x0000000086cb4b68}: 'java.lang.Object java.lang.invoke.DirectMethodHandle$Holder.newInvokeSpecial(java.lang.Object, java.lang.Object, java.lang.Object, java.lang.Object, java.lang.Object, java.lang.Object, java.lang.Object, java.lang.Object, java.lang.Object, java.lang.Object, java.lang.Object)'> (0x0000000086cb4b68) 
thrown [s\open\src\hotspot\share\interpreter\linkResolver.cpp, line 773]
Event: 5.815 Thread 0x00000237e1e47510 Exception <a 'java/lang/NoSuchMethodError'{0x00000000869b7468}: 'void java.lang.invoke.DelegatingMethodHandle$Holder.reinvoke_L(java.lang.Object, java.lang.Object, java.lang.Object, java.lang.Object, int, java.lang.Object, java.lang.Object, java.lang.Object)'> (0x00000000869b7468) 
thrown [s\open\src\hotspot\share\interpreter\linkResolver.cpp, line 773]
Event: 6.470 Thread 0x00000237e1e47510 Exception <a 'java/lang/NoSuchMethodError'{0x0000000086917770}: 'int java.lang.invoke.DirectMethodHandle$Holder.invokeStatic(java.lang.Object)'> (0x0000000086917770) 
thrown [s\open\src\hotspot\share\interpreter\linkResolver.cpp, line 773]
Event: 6.761 Thread 0x00000237e1e47510 Exception <a 'sun/nio/fs/WindowsException'{0x00000000869a1230}> (0x00000000869a1230) 
thrown [s\open\src\hotspot\share\prims\jni.cpp, line 520]

ZGC Phase Switch (0 events):
No events

VM Operations (20 events):
Event: 5.448 Executing VM operation: HandshakeAllThreads (Deoptimize)
Event: 5.448 Executing VM operation: HandshakeAllThreads (Deoptimize) done
Event: 5.524 Executing VM operation: HandshakeAllThreads (Deoptimize)
Event: 5.524 Executing VM operation: HandshakeAllThreads (Deoptimize) done
Event: 5.555 Executing VM operation: G1CollectForAllocation (G1 Evacuation Pause)
Event: 5.563 Executing VM operation: G1CollectForAllocation (G1 Evacuation Pause) done
Event: 5.910 Executing VM operation: HandshakeAllThreads (Deoptimize)
Event: 5.910 Executing VM operation: HandshakeAllThreads (Deoptimize) done
Event: 6.228 Executing VM operation: G1CollectForAllocation (G1 Evacuation Pause)
Event: 6.233 Executing VM operation: G1CollectForAllocation (G1 Evacuation Pause) done
Event: 6.506 Executing VM operation: CollectForMetadataAllocation (Metadata GC Threshold)
Event: 6.509 Executing VM operation: CollectForMetadataAllocation (Metadata GC Threshold) done
Event: 6.555 Executing VM operation: CollectForMetadataAllocation (Metadata GC Threshold)
Event: 6.555 Executing VM operation: CollectForMetadataAllocation (Metadata GC Threshold) done
Event: 6.556 Executing VM operation: G1PauseRemark
Event: 6.561 Executing VM operation: G1PauseRemark done
Event: 6.574 Executing VM operation: G1PauseCleanup
Event: 6.574 Executing VM operation: G1PauseCleanup done
Event: 6.769 Executing VM operation: HandshakeAllThreads (Deoptimize)
Event: 6.769 Executing VM operation: HandshakeAllThreads (Deoptimize) done

Events (20 events):
Event: 6.561 Thread 0x00000237e1102280 flushing nmethod 0x00000237d4fc9d90
Event: 6.561 Thread 0x00000237e1102280 flushing nmethod 0x00000237d4fae190
Event: 6.561 Thread 0x00000237e1102280 flushing nmethod 0x00000237d4fad690
Event: 6.561 Thread 0x00000237e1102280 flushing nmethod 0x00000237d4f94610
Event: 6.561 Thread 0x00000237e1102280 flushing nmethod 0x00000237d4fb2910
Event: 6.561 Thread 0x00000237e1102280 flushing nmethod 0x00000237d4facf90
Event: 6.561 Thread 0x00000237e1102280 flushing nmethod 0x00000237d4facc90
Event: 6.561 Thread 0x00000237e1102280 flushing nmethod 0x00000237d4fac910
Event: 6.561 Thread 0x00000237e1102280 flushing nmethod 0x00000237d4fb1610
Event: 6.561 Thread 0x00000237e1102280 flushing nmethod 0x00000237d4fac610
Event: 6.561 Thread 0x00000237e1102280 flushing nmethod 0x00000237d4faac90
Event: 6.561 Thread 0x00000237e1102280 flushing nmethod 0x00000237d4fa8410
Event: 6.561 Thread 0x00000237e1102280 flushing nmethod 0x00000237d4f9fd10
Event: 6.561 Thread 0x00000237e1102280 flushing nmethod 0x00000237d4f9dd10
Event: 6.561 Thread 0x00000237e1102280 flushing nmethod 0x00000237d4f91290
Event: 6.561 Thread 0x00000237e1102280 flushing nmethod 0x00000237d4f8f810
Event: 6.561 Thread 0x00000237e1102280 flushing nmethod 0x00000237d4f99a90
Event: 6.561 Thread 0x00000237e1102280 flushing nmethod 0x00000237d4f98d90
Event: 6.561 Thread 0x00000237e1102280 flushing nmethod 0x00000237d4f97910
Event: 6.561 Thread 0x00000237e1102280 flushing nmethod 0x00000237d4f81490


Dynamic libraries:
0x00007ff685d30000 - 0x00007ff685d40000 	C:\Program Files\Java\jdk-21\bin\java.exe
0x00007ff8ac710000 - 0x00007ff8ac908000 	C:\WINDOWS\SYSTEM32\ntdll.dll
0x00007ff8aba80000 - 0x00007ff8abb3d000 	C:\WINDOWS\System32\KERNEL32.DLL
0x00007ff8aa250000 - 0x00007ff8aa546000 	C:\WINDOWS\System32\KERNELBASE.dll
0x00007ff8a9dc0000 - 0x00007ff8a9ec0000 	C:\WINDOWS\System32\ucrtbase.dll
0x00007ff8a3820000 - 0x00007ff8a383b000 	C:\Program Files\Java\jdk-21\bin\VCRUNTIME140.dll
0x00007ff8a4070000 - 0x00007ff8a4089000 	C:\Program Files\Java\jdk-21\bin\jli.dll
0x00007ff8abd10000 - 0x00007ff8abdc0000 	C:\WINDOWS\System32\ADVAPI32.dll
0x00007ff8ab370000 - 0x00007ff8ab40e000 	C:\WINDOWS\System32\msvcrt.dll
0x00007ff8aabd0000 - 0x00007ff8aac70000 	C:\WINDOWS\System32\sechost.dll
0x00007ff8ab680000 - 0x00007ff8ab7a5000 	C:\WINDOWS\System32\RPCRT4.dll
0x00007ff8aa080000 - 0x00007ff8aa0a7000 	C:\WINDOWS\System32\bcrypt.dll
0x00007ff8ab0f0000 - 0x00007ff8ab28e000 	C:\WINDOWS\System32\USER32.dll
0x00007ff8aa170000 - 0x00007ff8aa192000 	C:\WINDOWS\System32\win32u.dll
0x00007ff8ac530000 - 0x00007ff8ac55b000 	C:\WINDOWS\System32\GDI32.dll
0x00007ff8a9ec0000 - 0x00007ff8a9fd7000 	C:\WINDOWS\System32\gdi32full.dll
0x00007ff8a9fe0000 - 0x00007ff8aa07d000 	C:\WINDOWS\System32\msvcp_win.dll
0x00007ff89e750000 - 0x00007ff89e9ea000 	C:\WINDOWS\WinSxS\amd64_microsoft.windows.common-controls_6595b64144ccf1df_6.0.19041.3636_none_60b6a03d71f818d5\COMCTL32.dll
0x00007ff8a3680000 - 0x00007ff8a368a000 	C:\WINDOWS\SYSTEM32\VERSION.dll
0x00007ff8ab560000 - 0x00007ff8ab592000 	C:\WINDOWS\System32\IMM32.DLL
0x00007ff8a48a0000 - 0x00007ff8a48ac000 	C:\Program Files\Java\jdk-21\bin\vcruntime140_1.dll
0x00007ff897380000 - 0x00007ff89740e000 	C:\Program Files\Java\jdk-21\bin\msvcp140.dll
0x00007ff86acc0000 - 0x00007ff86b9d7000 	C:\Program Files\Java\jdk-21\bin\server\jvm.dll
0x00007ff8ab5a0000 - 0x00007ff8ab60b000 	C:\WINDOWS\System32\WS2_32.dll
0x00007ff8a9310000 - 0x00007ff8a935b000 	C:\WINDOWS\SYSTEM32\POWRPROF.dll
0x00007ff8967e0000 - 0x00007ff896807000 	C:\WINDOWS\SYSTEM32\WINMM.dll
0x00007ff8a91d0000 - 0x00007ff8a91e2000 	C:\WINDOWS\SYSTEM32\UMPDC.dll
0x00007ff8a7b90000 - 0x00007ff8a7ba2000 	C:\WINDOWS\SYSTEM32\kernel.appcore.dll
0x00007ff8a4290000 - 0x00007ff8a429a000 	C:\Program Files\Java\jdk-21\bin\jimage.dll
0x00007ff8a1ad0000 - 0x00007ff8a1cb4000 	C:\WINDOWS\SYSTEM32\DBGHELP.DLL
0x00007ff8a1840000 - 0x00007ff8a1874000 	C:\WINDOWS\SYSTEM32\dbgcore.DLL
0x00007ff8aa550000 - 0x00007ff8aa5d2000 	C:\WINDOWS\System32\bcryptPrimitives.dll
0x00007ff8a2700000 - 0x00007ff8a270f000 	C:\Program Files\Java\jdk-21\bin\instrument.dll
0x00007ff8a2c30000 - 0x00007ff8a2c4f000 	C:\Program Files\Java\jdk-21\bin\java.dll
0x00007ff8abdc0000 - 0x00007ff8ac52b000 	C:\WINDOWS\System32\SHELL32.dll
0x00007ff8a7e70000 - 0x00007ff8a860e000 	C:\WINDOWS\SYSTEM32\windows.storage.dll
0x00007ff8aace0000 - 0x00007ff8ab033000 	C:\WINDOWS\System32\combase.dll
0x00007ff8a97f0000 - 0x00007ff8a981e000 	C:\WINDOWS\SYSTEM32\Wldp.dll
0x00007ff8ab490000 - 0x00007ff8ab55d000 	C:\WINDOWS\System32\OLEAUT32.dll
0x00007ff8ab040000 - 0x00007ff8ab0ed000 	C:\WINDOWS\System32\SHCORE.dll
0x00007ff8ac610000 - 0x00007ff8ac665000 	C:\WINDOWS\System32\shlwapi.dll
0x00007ff8a9cf0000 - 0x00007ff8a9d15000 	C:\WINDOWS\SYSTEM32\profapi.dll
0x00007ff8972a0000 - 0x00007ff897377000 	C:\Program Files\Java\jdk-21\bin\jsvml.dll
0x00007ff8a0490000 - 0x00007ff8a04a8000 	C:\Program Files\Java\jdk-21\bin\zip.dll
0x00007ff8a4010000 - 0x00007ff8a4020000 	C:\Program Files\Java\jdk-21\bin\net.dll
0x00007ff8a2120000 - 0x00007ff8a222a000 	C:\WINDOWS\SYSTEM32\WINHTTP.dll
0x00007ff8a9550000 - 0x00007ff8a95ba000 	C:\WINDOWS\system32\mswsock.dll
0x00007ff8a0800000 - 0x00007ff8a0816000 	C:\Program Files\Java\jdk-21\bin\nio.dll
0x00007ff89fdf0000 - 0x00007ff89fe0a000 	C:\Program Files\JetBrains\IntelliJ IDEA Community Edition 2023.3.4\bin\breakgen64.dll
0x00007ff8a3810000 - 0x00007ff8a3819000 	C:\Program Files\Java\jdk-21\bin\extnet.dll
0x00007ff8a0480000 - 0x00007ff8a048a000 	C:\Program Files\Java\jdk-21\bin\management.dll
0x00007ff89f920000 - 0x00007ff89f92b000 	C:\Program Files\Java\jdk-21\bin\management_ext.dll
0x00007ff8aac70000 - 0x00007ff8aac78000 	C:\WINDOWS\System32\PSAPI.DLL
0x00007ff89f910000 - 0x00007ff89f91e000 	C:\Program Files\Java\jdk-21\bin\sunmscapi.dll
0x00007ff8aa5e0000 - 0x00007ff8aa73d000 	C:\WINDOWS\System32\CRYPT32.dll
0x00007ff8a9860000 - 0x00007ff8a9888000 	C:\WINDOWS\SYSTEM32\ncrypt.dll
0x00007ff8a9820000 - 0x00007ff8a985b000 	C:\WINDOWS\SYSTEM32\NTASN1.dll
0x00007ff8a9740000 - 0x00007ff8a9758000 	C:\WINDOWS\SYSTEM32\CRYPTSP.dll
0x00007ff8a8e10000 - 0x00007ff8a8e44000 	C:\WINDOWS\system32\rsaenh.dll
0x00007ff8a9c70000 - 0x00007ff8a9c9e000 	C:\WINDOWS\SYSTEM32\USERENV.dll
0x00007ff8a9760000 - 0x00007ff8a976c000 	C:\WINDOWS\SYSTEM32\CRYPTBASE.dll
0x00007ff8a91f0000 - 0x00007ff8a922b000 	C:\WINDOWS\SYSTEM32\IPHLPAPI.DLL
0x00007ff8abd00000 - 0x00007ff8abd08000 	C:\WINDOWS\System32\NSI.dll
0x00007ff8a2840000 - 0x00007ff8a2850000 	C:\Program Files\Java\jdk-21\bin\verify.dll
0x00007ff8a9240000 - 0x00007ff8a930b000 	C:\WINDOWS\SYSTEM32\DNSAPI.dll
0x00007ff89ea50000 - 0x00007ff89ea5a000 	C:\Windows\System32\rasadhlp.dll
0x00007ff89eca0000 - 0x00007ff89ed20000 	C:\WINDOWS\System32\fwpuclnt.dll

dbghelp: loaded successfully - version: 4.0.5 - missing functions: none
symbol engine: initialized successfully - sym options: 0x614 - pdb path: .;C:\Program Files\Java\jdk-21\bin;C:\WINDOWS\SYSTEM32;C:\WINDOWS\WinSxS\amd64_microsoft.windows.common-controls_6595b64144ccf1df_6.0.19041.3636_none_60b6a03d71f818d5;C:\Program Files\Java\jdk-21\bin\server;C:\Program Files\JetBrains\IntelliJ IDEA Community Edition 2023.3.4\bin

VM Arguments:
jvm_args: -javaagent:C:\Program Files\JetBrains\IntelliJ IDEA Community Edition 2023.3.4\lib\idea_rt.jar=60000:C:\Program Files\JetBrains\IntelliJ IDEA Community Edition 2023.3.4\bin -Dfile.encoding=UTF-8 -Dsun.stdout.encoding=UTF-8 -Dsun.stderr.encoding=UTF-8 
java_command: com.bookvault.BookvaultApplication
java_class_path (initial): D:\java_project\bookvault\target\classes;C:\Users\DELL\.m2\repository\org\springframework\boot\spring-boot-starter-data-jpa\3.2.4\spring-boot-starter-data-jpa-3.2.4.jar;C:\Users\DELL\.m2\repository\org\springframework\boot\spring-boot-starter-aop\3.2.4\spring-boot-starter-aop-3.2.4.jar;C:\Users\DELL\.m2\repository\org\springframework\spring-aop\6.1.5\spring-aop-6.1.5.jar;C:\Users\DELL\.m2\repository\org\aspectj\aspectjweaver\1.9.21\aspectjweaver-1.9.21.jar;C:\Users\DELL\.m2\repository\org\springframework\boot\spring-boot-starter-jdbc\3.2.4\spring-boot-starter-jdbc-3.2.4.jar;C:\Users\DELL\.m2\repository\com\zaxxer\HikariCP\5.0.1\HikariCP-5.0.1.jar;C:\Users\DELL\.m2\repository\org\springframework\spring-jdbc\6.1.5\spring-jdbc-6.1.5.jar;C:\Users\DELL\.m2\repository\org\hibernate\orm\hibernate-core\6.4.4.Final\hibernate-core-6.4.4.Final.jar;C:\Users\DELL\.m2\repository\jakarta\persistence\jakarta.persistence-api\3.1.0\jakarta.persistence-api-3.1.0.jar;C:\Users\DELL\.m2\repository\jakarta\transaction\jakarta.transaction-api\2.0.1\jakarta.transaction-api-2.0.1.jar;C:\Users\DELL\.m2\repository\org\jboss\logging\jboss-logging\3.5.3.Final\jboss-logging-3.5.3.Final.jar;C:\Users\DELL\.m2\repository\org\hibernate\common\hibernate-commons-annotations\6.0.6.Final\hibernate-commons-annotations-6.0.6.Final.jar;C:\Users\DELL\.m2\repository\io\smallrye\jandex\3.1.2\jandex-3.1.2.jar;C:\Users\DELL\.m2\repository\com\fasterxml\classmate\1.6.0\classmate-1.6.0.jar;C:\Users\DELL\.m2\repository\net\bytebuddy\byte-buddy\1.14.12\byte-buddy-1.14.12.jar;C:\Users\DELL\.m2\repository\org\glassfish\jaxb\jaxb-runtime\4.0.5\jaxb-runtime-4.0.5.jar;C:\Users\DELL\.m2\repository\org\glassfish\jaxb\jaxb-core\4.0.5\jaxb-core-4.0.5.jar;C:\Users\DELL\.m2\repository\org\eclipse\angus\angus-activation\2.0.2\angus-activation-2.0.2.jar;C:\Users\DELL\.m2\repository\org\glassfish\jaxb\txw2\4.0.5\txw2-4.0.5.jar;C:\Users\DELL\.m2\repository\com\sun\istack\istack-commons-runtime\4.1.2\istack-commons-runtime-4.1.2.jar;C:\Users\DELL\.m2\repository\jakarta\inject\jakarta.inject-api\2.0.1\jakarta.inject-api-2.0.1.jar;C:\Users\DELL\.m2\repository\org\antlr\antlr4-runtime\4.13.0\antlr4-runtime-4.13.0.jar;C:\Users\DELL\.m2\repository\org\springframework\data\spring-data-jpa\3.2.4\spring-data-jpa-3.2.4.jar;C:\Users\DELL\.m2\repository\org\springframework\data\spring-data-commons\3.2.4\spring-data-commons-3.2.4.jar;C:\Users\DELL\.m2\repository\org\springframework\spring-orm\6.1.5\spring-orm-6.1.5.jar;C:\Users\DELL\.m2\repository\org\springframework\spring-context\6.1.5\spring-context-6.1.5.jar;C:\Users\DELL\.m2\repository\org\springframework\spring-tx\6.1.5\spring-tx-6.1.5.jar;C:\Users\DELL\.m2\repository\org\springframework\spring-beans\6.1.5\spring-beans-6.1.5.jar;C:\Users\DELL\.m2\repository\jakarta\annotation\jakarta.annotation-api\2.1.1\jakarta.annotation-api-2.1.1.jar;C:\Users\DELL\.m2\repository\org\slf4j\slf4j-api\2.0.12\slf4j-api-2.0.12.jar;C:\Users\DELL\.m2\repository\org\springframework\spring-aspects\6.1.5\spring-aspects-6.1.5.jar;C:\Users\DELL\.m2\repository\org\springframework\boot\spring-boot-starter-thymeleaf\3.2.4\spring-boot-starter-thymeleaf-3.2.4.jar;C:\Users\DELL\.m2\repository\org\springframework\boot\spring-boot-starter\3.2.4\spring-boot-starter-3.2.4.jar;C:\Users\DELL\.m2\repository\org\springframework\boot\spring-boot-starter-logging\3.2.4\spring-boot-starter-logging-3.2.4.jar;C:\Users\DELL\.m2\repository\ch\qos\logback\logback-classic\1.4.14\logback-classic-1.4.14.jar;C:\Users\DELL\.m2\repository\ch\qos\logback\logback-core\1.4.14\logback-core-1.4.14.jar;C:\Users\DELL\.m2\repository\org\apache\logging\log4j\log4j-to-slf4j\2.21.1\log4j-to-slf4j-2.21.1.jar;C:\Users\DELL\.m2\repository\org\apache\logging\log4j\log4j-api\2.21.1\log4j-api-2.21.1.jar;C:\Users\DELL\.m2\repository\org\slf4j\jul-to-slf4j\2.0.12\jul-to-slf4j-2.0.12.jar;C:\Users\DELL\.m2\repository\org\yaml\snakeyaml\2.2\snakeyaml-2.2.jar;C:\Users\DELL\.m2\repository\org\thymeleaf\thymeleaf-spring6\3.1.2.RELEASE\thymeleaf-spring6-3.1.2.RELEASE.jar;C:\Users\DELL\.m2\repository\org\thymeleaf\thymeleaf\3.1.2.RELEASE\thymeleaf-3.1.2.RELEASE.jar;C:\Users\DELL\.m2\repository\org\attoparser\attoparser\2.0.7.RELEASE\attoparser-2.0.7.RELEASE.jar;C:\Users\DELL\.m2\repository\org\unbescape\unbescape\1.1.6.RELEASE\unbescape-1.1.6.RELEASE.jar;C:\Users\DELL\.m2\repository\org\springframework\boot\spring-boot-starter-web\3.2.4\spring-boot-starter-web-3.2.4.jar;C:\Users\DELL\.m2\repository\org\springframework\boot\spring-boot-starter-json\3.2.4\spring-boot-starter-json-3.2.4.jar;C:\Users\DELL\.m2\repository\com\fasterxml\jackson\core\jackson-databind\2.15.4\jackson-databind-2.15.4.jar;C:\Users\DELL\.m2\repository\com\fasterxml\jackson\core\jackson-annotations\2.15.4\jackson-annotations-2.15.4.jar;C:\Users\DELL\.m2\repository\com\fasterxml\jackson\core\jackson-core\2.15.4\jackson-core-2.15.4.jar;C:\Users\DELL\.m2\repository\com\fasterxml\jackson\datatype\jackson-datatype-jdk8\2.15.4\jackson-datatype-jdk8-2.15.4.jar;C:\Users\DELL\.m2\repository\com\fasterxml\jackson\datatype\jackson-datatype-jsr310\2.15.4\jackson-datatype-jsr310-2.15.4.jar;C:\Users\DELL\.m2\repository\com\fasterxml\jackson\module\jackson-module-parameter-names\2.15.4\jackson-module-parameter-names-2.15.4.jar;C:\Users\DELL\.m2\repository\org\springframework\boot\spring-boot-starter-tomcat\3.2.4\spring-boot-starter-tomcat-3.2.4.jar;C:\Users\DELL\.m2\repository\org\apache\tomcat\embed\tomcat-embed-core\10.1.19\tomcat-embed-core-10.1.19.jar;C:\Users\DELL\.m2\repository\org\apache\tomcat\embed\tomcat-embed-el\10.1.19\tomcat-embed-el-10.1.19.jar;C:\Users\DELL\.m2\repository\org\apache\tomcat\embed\tomcat-embed-websocket\10.1.19\tomcat-embed-websocket-10.1.19.jar;C:\Users\DELL\.m2\repository\org\springframework\spring-web\6.1.5\spring-web-6.1.5.jar;C:\Users\DELL\.m2\repository\io\micrometer\micrometer-observation\1.12.4\micrometer-observation-1.12.4.jar;C:\Users\DELL\.m2\repository\io\micrometer\micrometer-commons\1.12.4\micrometer-commons-1.12.4.jar;C:\Users\DELL\.m2\repository\org\springframework\spring-webmvc\6.1.5\spring-webmvc-6.1.5.jar;C:\Users\DELL\.m2\repository\org\springframework\spring-expression\6.1.5\spring-expression-6.1.5.jar;C:\Users\DELL\.m2\repository\org\springframework\boot\spring-boot-devtools\3.2.4\spring-boot-devtools-3.2.4.jar;C:\Users\DELL\.m2\repository\org\springframework\boot\spring-boot\3.2.4\spring-boot-3.2.4.jar;C:\Users\DELL\.m2\repository\org\springframework\boot\spring-boot-autoconfigure\3.2.4\spring-boot-autoconfigure-3.2.4.jar;C:\Users\DELL\.m2\repository\com\mysql\mysql-connector-j\8.3.0\mysql-connector-j-8.3.0.jar;C:\Users\DELL\.m2\repository\jakarta\xml\bind\jakarta.xml.bind-api\4.0.2\jakarta.xml.bind-api-4.0.2.jar;C:\Users\DELL\.m2\repository\jakarta\activation\jakarta.activation-api\2.1.3\jakarta.activation-api-2.1.3.jar;C:\Users\DELL\.m2\repository\org\springframework\spring-core\6.1.5\spring-core-6.1.5.jar;C:\Users\DELL\.m2\repository\org\springframework\spring-jcl\6.1.5\spring-jcl-6.1.5.jar
Launcher Type: SUN_STANDARD

[Global flags]
     intx CICompilerCount                          = 3                                         {product} {ergonomic}
     uint ConcGCThreads                            = 1                                         {product} {ergonomic}
     uint G1ConcRefinementThreads                  = 4                                         {product} {ergonomic}
   size_t G1HeapRegionSize                         = 1048576                                   {product} {ergonomic}
    uintx GCDrainStackTargetSize                   = 64                                        {product} {ergonomic}
   size_t InitialHeapSize                          = 134217728                                 {product} {ergonomic}
   size_t MarkStackSize                            = 4194304                                   {product} {ergonomic}
   size_t MaxHeapSize                              = 2124414976                                {product} {ergonomic}
   size_t MaxNewSize                               = 1274019840                                {product} {ergonomic}
   size_t MinHeapDeltaBytes                        = 1048576                                   {product} {ergonomic}
   size_t MinHeapSize                              = 8388608                                   {product} {ergonomic}
    uintx NonNMethodCodeHeapSize                   = 5832780                                {pd product} {ergonomic}
    uintx NonProfiledCodeHeapSize                  = 122912730                              {pd product} {ergonomic}
    uintx ProfiledCodeHeapSize                     = 122912730                              {pd product} {ergonomic}
    uintx ReservedCodeCacheSize                    = 251658240                              {pd product} {ergonomic}
     bool SegmentedCodeCache                       = true                                      {product} {ergonomic}
   size_t SoftMaxHeapSize                          = 2124414976                             {manageable} {ergonomic}
     bool UseCompressedOops                        = true                           {product lp64_product} {ergonomic}
     bool UseG1GC                                  = true                                      {product} {ergonomic}
     bool UseLargePagesIndividualAllocation        = false                                  {pd product} {ergonomic}

Logging:
Log output configuration:
 #0: stdout all=warning uptime,level,tags foldmultilines=false
 #1: stderr all=off uptime,level,tags foldmultilines=false

Environment Variables:
PATH=C:\Program Files\Common Files\Oracle\Java\javapath;C:\WINDOWS\system32;C:\WINDOWS;C:\WINDOWS\System32\Wbem;C:\WINDOWS\System32\WindowsPowerShell\v1.0\;C:\WINDOWS\System32\OpenSSH\;C:\xampp\php;C:\ProgramData\ComposerSetup\bin;C:\Program Files\nodejs;C:\Users\DELL\AppData\Local\Programs\Python\Python311\Scripts;C:\Users\DELL\AppData\Local\Programs\Python\Python311;C:\Program Files\Java\jdk-21\bin;C:\Users\DELL\AppData\Local\Microsoft\WindowsApps;C:\Users\DELL\AppData\Local\Programs\Microsoft VS Code\bin;C:\Users\DELL\AppData\Roaming\Composer\vendor\bin;C:\Program Files\nodejs;;C:\Program Files\JetBrains\IntelliJ IDEA 2023.3.4\bin;;C:\Program Files\JetBrains\IntelliJ IDEA Community Edition 2023.3.4\bin;
USERNAME=DELL
OS=Windows_NT
PROCESSOR_IDENTIFIER=Intel64 Family 6 Model 61 Stepping 4, GenuineIntel
TMP=C:\Users\DELL\AppData\Local\Temp
TEMP=C:\Users\DELL\AppData\Local\Temp




Periodic native trim disabled

---------------  S Y S T E M  ---------------

OS:
 Windows 10 , 64 bit Build 19041 (10.0.19041.3636)
OS uptime: 7 days 9:46 hours

CPU: total 4 (initial active 4) (2 cores per cpu, 2 threads per core) family 6 model 61 stepping 4 microcode 0x2d, cx8, cmov, fxsr, ht, mmx, 3dnowpref, sse, sse2, sse3, ssse3, sse4.1, sse4.2, popcnt, lzcnt, tsc, tscinvbit, avx, avx2, aes, erms, clmul, bmi1, bmi2, adx, fma, vzeroupper, clflush, rdtscp, f16c
Processor Information for all 4 processors :
  Max Mhz: 2401, Current Mhz: 2401, Mhz Limit: 2401

Memory: 4k page, system-wide physical 8102M (1094M free)
TotalPageFile size 10150M (AvailPageFile size 5M)
current process WorkingSet (physical memory assigned to process): 184M, peak: 184M
current process commit charge ("private bytes"): 213M, peak: 265M

vm_info: Java HotSpot(TM) 64-Bit Server VM (21.0.2+13-LTS-58) for windows-amd64 JRE (21.0.2+13-LTS-58), built on 2024-01-05T18:32:24Z by "mach5one" with MS VC++ 17.1 (VS2022)

END.
