#
# There is insufficient memory for the Java Runtime Environment to continue.
# Native memory allocation (mmap) failed to map 65536 bytes for Failed to commit metaspace.
# Possible reasons:
#   The system is out of physical RAM or swap space
#   The process is running with CompressedOops enabled, and the Java Heap may be blocking the growth of the native heap
# Possible solutions:
#   Reduce memory load on the system
#   Increase physical memory or swap space
#   Check if swap backing store is full
#   Decrease Java heap size (-Xmx/-Xms)
#   Decrease number of Java threads
#   Decrease Java thread stack sizes (-Xss)
#   Set larger code cache with -XX:ReservedCodeCacheSize=
#   JVM is running with Unscaled Compressed Oops mode in which the Java heap is
#     placed in the first 4GB address space. The Java Heap base address is the
#     maximum limit for the native heap growth. Please use -XX:HeapBaseMinAddress
#     to set the Java Heap base and to place the Java Heap above 4GB virtual address.
# This output file may be truncated or incomplete.
#
#  Out of Memory Error (virtualSpaceNode.cpp:112), pid=13504, tid=15252
#
# JRE version: Java(TM) SE Runtime Environment (21.0.2+13) (build 21.0.2+13-LTS-58)
# Java VM: Java HotSpot(TM) 64-Bit Server VM (21.0.2+13-LTS-58, mixed mode, sharing, tiered, compressed oops, compressed class ptrs, g1 gc, windows-amd64)
# No core dump will be written. Minidumps are not enabled by default on client versions of Windows
#

---------------  S U M M A R Y ------------

Command Line: -javaagent:C:\Program Files\JetBrains\IntelliJ IDEA Community Edition 2023.3.4\lib\idea_rt.jar=60073:C:\Program Files\JetBrains\IntelliJ IDEA Community Edition 2023.3.4\bin -Dfile.encoding=UTF-8 -Dsun.stdout.encoding=UTF-8 -Dsun.stderr.encoding=UTF-8 com.bookvault.BookvaultApplication

Host: Intel(R) Core(TM) i7-5500U CPU @ 2.40GHz, 4 cores, 7G,  Windows 10 , 64 bit Build 19041 (10.0.19041.3636)
Time: Thu Mar 21 23:12:50 2024 Nepal Standard Time elapsed time: 1.036433 seconds (0d 0h 0m 1s)

---------------  T H R E A D  ---------------

Current thread (0x00000241fe8ee260):  JavaThread "Attach Listener" daemon [_thread_in_vm, id=15252, stack(0x000000858f000000,0x000000858f100000) (1024K)]

Stack: [0x000000858f000000,0x000000858f100000]
Native frames: (J=compiled Java code, j=interpreted, Vv=VM code, C=native code)
V  [jvm.dll+0x6cade9]
V  [jvm.dll+0x8569c1]
V  [jvm.dll+0x858d2e]
V  [jvm.dll+0x859413]
V  [jvm.dll+0x280e56]
V  [jvm.dll+0x8526ee]
V  [jvm.dll+0x66e705]
V  [jvm.dll+0x66e76a]
V  [jvm.dll+0x670f96]
V  [jvm.dll+0x670e62]
V  [jvm.dll+0x66f0de]
V  [jvm.dll+0x26c721]
V  [jvm.dll+0x218617]
V  [jvm.dll+0x20dd9e]
V  [jvm.dll+0x5ad3dc]
V  [jvm.dll+0x21f76a]
V  [jvm.dll+0x7cec21]
V  [jvm.dll+0x7cfc85]
V  [jvm.dll+0x7d022f]
V  [jvm.dll+0x476ff6]
C  [java.dll+0x1a2d]

Java frames: (J=compiled Java code, j=interpreted, Vv=VM code)
J 978  java.lang.ClassLoader.findBootstrapClass(Ljava/lang/String;)Ljava/lang/Class; java.base@21.0.2 (0 bytes) @ 0x0000024187b26eaa [0x0000024187b26e40+0x000000000000006a]
J 766 c1 java.lang.System$2.findBootstrapClassOrNull(Ljava/lang/String;)Ljava/lang/Class; java.base@21.0.2 (5 bytes) @ 0x000002418011ef0c [0x000002418011ede0+0x000000000000012c]
j  jdk.internal.loader.BootLoader.loadClassOrNull(Ljava/lang/String;)Ljava/lang/Class;+4 java.base@21.0.2
j  jdk.internal.loader.BootLoader.loadClass(Ljava/lang/Module;Ljava/lang/String;)Ljava/lang/Class;+1 java.base@21.0.2
j  java.lang.Class.forName(Ljava/lang/Module;Ljava/lang/String;Ljava/lang/Class;)Ljava/lang/Class;+83 java.base@21.0.2
j  java.lang.Class.forName(Ljava/lang/Module;Ljava/lang/String;)Ljava/lang/Class;+17 java.base@21.0.2
j  sun.util.resources.Bundles.findBundleOf(Lsun/util/resources/Bundles$CacheKey;Lsun/util/resources/Bundles$Strategy;Ljava/lang/String;Ljava/util/List;I)Ljava/util/ResourceBundle;+205 java.base@21.0.2
j  sun.util.resources.Bundles.findBundleOf(Lsun/util/resources/Bundles$CacheKey;Lsun/util/resources/Bundles$Strategy;Ljava/lang/String;Ljava/util/List;I)Ljava/util/ResourceBundle;+37 java.base@21.0.2
j  sun.util.resources.Bundles.loadBundleOf(Ljava/lang/String;Ljava/util/Locale;Lsun/util/resources/Bundles$Strategy;)Ljava/util/ResourceBundle;+112 java.base@21.0.2
j  sun.util.resources.Bundles.of(Ljava/lang/String;Ljava/util/Locale;Lsun/util/resources/Bundles$Strategy;)Ljava/util/ResourceBundle;+3 java.base@21.0.2
j  sun.util.resources.LocaleData$1.run()Ljava/util/ResourceBundle;+11 java.base@21.0.2
j  sun.util.resources.LocaleData$1.run()Ljava/lang/Object;+1 java.base@21.0.2
j  java.security.AccessController.executePrivileged(Ljava/security/PrivilegedAction;Ljava/security/AccessControlContext;Ljava/lang/Class;)Ljava/lang/Object;+29 java.base@21.0.2
j  java.security.AccessController.doPrivileged(Ljava/security/PrivilegedAction;)Ljava/lang/Object;+5 java.base@21.0.2
j  sun.util.resources.LocaleData.getBundle(Ljava/lang/String;Ljava/util/Locale;)Ljava/util/ResourceBundle;+9 java.base@21.0.2
j  sun.util.resources.LocaleData.getTimeZoneNames(Ljava/util/Locale;)Lsun/util/resources/TimeZoneNamesBundle;+26 java.base@21.0.2
j  sun.util.locale.provider.LocaleResources.getTimeZoneNames(Ljava/lang/String;)Ljava/lang/Object;+70 java.base@21.0.2
j  sun.util.locale.provider.TimeZoneNameProviderImpl.getDisplayNameArray(Ljava/lang/String;Ljava/util/Locale;)[Ljava/lang/String;+22 java.base@21.0.2
j  sun.util.cldr.CLDRTimeZoneNameProviderImpl.getDisplayNameArray(Ljava/lang/String;Ljava/util/Locale;)[Ljava/lang/String;+3 java.base@21.0.2
j  sun.util.locale.provider.TimeZoneNameProviderImpl.getDisplayName(Ljava/lang/String;ZILjava/util/Locale;)Ljava/lang/String;+4 java.base@21.0.2
j  sun.util.locale.provider.TimeZoneNameUtility$TimeZoneNameGetter.getName(Ljava/util/spi/TimeZoneNameProvider;Ljava/util/Locale;Ljava/lang/String;ILjava/lang/String;)Ljava/lang/String;+126 java.base@21.0.2
j  sun.util.locale.provider.TimeZoneNameUtility$TimeZoneNameGetter.getObject(Ljava/util/spi/TimeZoneNameProvider;Ljava/util/Locale;Ljava/lang/String;[Ljava/lang/Object;)Ljava/lang/String;+49 java.base@21.0.2
j  sun.util.locale.provider.TimeZoneNameUtility$TimeZoneNameGetter.getObject(Ljava/util/spi/LocaleServiceProvider;Ljava/util/Locale;Ljava/lang/String;[Ljava/lang/Object;)Ljava/lang/Object;+9 java.base@21.0.2
j  sun.util.locale.provider.LocaleServiceProviderPool.getLocalizedObjectImpl(Lsun/util/locale/provider/LocaleServiceProviderPool$LocalizedObjectGetter;Ljava/util/Locale;ZLjava/lang/String;[Ljava/lang/Object;)Ljava/lang/Object;+93 java.base@21.0.2
j  sun.util.locale.provider.LocaleServiceProviderPool.getLocalizedObject(Lsun/util/locale/provider/LocaleServiceProviderPool$LocalizedObjectGetter;Ljava/util/Locale;Ljava/lang/String;[Ljava/lang/Object;)Ljava/lang/Object;+7 java.base@21.0.2
j  sun.util.locale.provider.TimeZoneNameUtility.retrieveDisplayNamesImpl(Ljava/lang/String;Ljava/util/Locale;)[Ljava/lang/String;+140 java.base@21.0.2
j  sun.util.locale.provider.TimeZoneNameUtility.retrieveDisplayName(Ljava/lang/String;ZILjava/util/Locale;)Ljava/lang/String;+2 java.base@21.0.2
j  java.util.TimeZone.getDisplayName(ZILjava/util/Locale;)Ljava/lang/String;+47 java.base@21.0.2
j  java.util.Date.toString()Ljava/lang/String;+150 java.base@21.0.2
j  java.lang.String.valueOf(Ljava/lang/Object;)Ljava/lang/String;+11 java.base@21.0.2
j  java.lang.StringBuilder.append(Ljava/lang/Object;)Ljava/lang/StringBuilder;+2 java.base@21.0.2
j  java.util.Properties.writeDateComment(Ljava/io/BufferedWriter;)V+43 java.base@21.0.2
j  java.util.Properties.store0(Ljava/io/BufferedWriter;Ljava/lang/String;Z)V+10 java.base@21.0.2
j  java.util.Properties.store(Ljava/io/OutputStream;Ljava/lang/String;)V+21 java.base@21.0.2
j  jdk.internal.vm.VMSupport.serializePropertiesToByteArray(Ljava/util/Properties;)[B+14 java.base@21.0.2
j  jdk.internal.vm.VMSupport.serializeAgentPropertiesToByteArray()[B+6 java.base@21.0.2
v  ~StubRoutines::call_stub 0x000002418753100d

Compiled method (n/a)    1065  978     n 0       java.lang.ClassLoader::findBootstrapClass (native)
 total in heap  [0x0000024187b26c90,0x0000024187b27288] = 1528
 relocation     [0x0000024187b26df0,0x0000024187b26e28] = 56
 main code      [0x0000024187b26e40,0x0000024187b27284] = 1092
 stub code      [0x0000024187b27284,0x0000024187b27288] = 4

[Constant Pool (empty)]

[MachCode]
[Entry Point]
  # {method} {0x000002419143cc00} 'findBootstrapClass' '(Ljava/lang/String;)Ljava/lang/Class;' in 'java/lang/ClassLoader'
  # parm0:    rdx:rdx   = 'java/lang/String'
  #           [sp+0x70]  (sp of caller)
  0x0000024187b26e40: 448b 5208 | 49bb 0000 | 0091 4102 | 0000 4d03 | d349 3bc2 | 0f84 0600 

  0x0000024187b26e58: ;   {runtime_call ic_miss_stub}
  0x0000024187b26e58: 0000 e921 | 79a5 ff90 
[Verified Entry Point]
  0x0000024187b26e60: 8984 2400 | 80ff ff55 | 488b ec48 | 83ec 6090 | 4181 7f20 | 0100 0000 

  0x0000024187b26e78: ;   {runtime_call StubRoutines (final stubs)}
  0x0000024187b26e78: 7405 e8e1 | dea3 ff48 | 8954 2420 | 4883 fa00 | 4c8d 4424 | 204c 0f44 

  0x0000024187b26e90: ;   {oop(a 'java/lang/Class'{0x0000000088771358} = 'java/lang/ClassLoader')}
  0x0000024187b26e90: 4424 2049 | be58 1377 | 8800 0000 | 004c 8974 | 2450 4c8d | 7424 5049 | 8bd6 c5f8 

  0x0000024187b26eac: ;   {internal_word}
  0x0000024187b26eac: 7749 baaa | 6eb2 8741 | 0200 004d | 8997 a003 | 0000 4989 | a798 0300 

  0x0000024187b26ec4: ;   {external_word}
  0x0000024187b26ec4: 0049 baf9 | 458e 6bf8 | 7f00 0041 | 803a 000f | 844a 0000 | 0052 4150 

  0x0000024187b26edc: ;   {metadata({method} {0x000002419143cc00} 'findBootstrapClass' '(Ljava/lang/String;)Ljava/lang/Class;' in 'java/lang/ClassLoader')}
  0x0000024187b26edc: 48ba f8cb | 4391 4102 | 0000 498b | cf48 83ec | 2040 f6c4 | 0f0f 8419 | 0000 0048 

  0x0000024187b26ef8: ;   {runtime_call}
  0x0000024187b26ef8: 83ec 0848 | b840 093f | 6bf8 7f00 | 00ff d048 | 83c4 08e9 | 0c00 0000 

  0x0000024187b26f10: ;   {runtime_call}
  0x0000024187b26f10: 48b8 4009 | 3f6b f87f | 0000 ffd0 | 4883 c420 | 4158 5a49 | 8d8f b803 | 0000 41c7 | 874c 0400 
  0x0000024187b26f30: 0004 0000 

  0x0000024187b26f34: ;   {runtime_call}
  0x0000024187b26f34: 0048 b8c0 | 19c3 a2f8 | 7f00 00ff | d0c5 f877 | 41c7 874c | 0400 0005 | 0000 00f0 | 8344 24c0 
  0x0000024187b26f54: 0049 3baf | 5004 0000 | 0f87 0e00 | 0000 4183 | bf48 0400 | 0000 0f84 | 2b00 0000 | c5f8 7748 
  0x0000024187b26f74: 8945 f849 | 8bcf 4c8b | e448 83ec | 2048 83e4 

  0x0000024187b26f84: ;   {runtime_call}
  0x0000024187b26f84: f048 b8d0 | c30a 6bf8 | 7f00 00ff | d049 8be4 | 4d33 e448 | 8b45 f841 | c787 4c04 | 0000 0800 
  0x0000024187b26fa4: 0000 4183 | bfc8 0400 | 0002 0f84 | a302 0000 

  0x0000024187b26fb4: ;   {external_word}
  0x0000024187b26fb4: 49ba f945 | 8e6b f87f | 0000 4180 | 3a00 0f84 | 4c00 0000 | 4889 45f8 

  0x0000024187b26fcc: ;   {metadata({method} {0x000002419143cc00} 'findBootstrapClass' '(Ljava/lang/String;)Ljava/lang/Class;' in 'java/lang/ClassLoader')}
  0x0000024187b26fcc: 48ba f8cb | 4391 4102 | 0000 498b | cf48 83ec | 2040 f6c4 | 0f0f 8419 | 0000 0048 

  0x0000024187b26fe8: ;   {runtime_call}
  0x0000024187b26fe8: 83ec 0848 | b840 093f | 6bf8 7f00 | 00ff d048 | 83c4 08e9 | 0c00 0000 

  0x0000024187b27000: ;   {runtime_call}
  0x0000024187b27000: 48b8 4009 | 3f6b f87f | 0000 ffd0 | 4883 c420 | 488b 45f8 | 49c7 8798 | 0300 0000 | 0000 0049 
  0x0000024187b27020: c787 a003 | 0000 0000 | 0000 c5f8 | 7748 85c0 | 0f84 fe01 | 0000 a803 | 0f85 0800 | 0000 488b 
  0x0000024187b27040: 00e9 ee01 | 0000 a801 | 0f85 0900 | 0000 488b | 40fe e9dd | 0100 0048 | 8b40 ff41 | 807f 4000 
  0x0000024187b27060: 0f84 ce01 | 0000 4883 | f800 0f84 | c401 0000 | 498b 4f28 | 4883 f900 | 0f84 1400 | 0000 4883 
  0x0000024187b27080: e908 4989 | 4f28 4903 | 4f38 4889 | 01e9 a201 | 0000 4881 | ecd0 0000 | 0048 8904 | 2448 894c 
  0x0000024187b270a0: 2408 4889 | 5424 1048 | 8974 2418 | 4889 7c24 | 204c 8944 | 2428 4c89 | 4c24 304c | 8954 2438 
  0x0000024187b270c0: 4c89 5c24 | 40c5 fb11 | 4424 50c5 | fb11 4c24 | 58c5 fb11 | 5424 60c5 | fb11 5c24 | 68c5 fb11 
  0x0000024187b270e0: 6424 70c5 | fb11 6c24 | 78c5 fb11 | b424 8000 | 0000 c5fb | 11bc 2488 | 0000 00c5 

  0x0000024187b270fc: ;   {no_reloc}
  0x0000024187b270fc: 7b11 8424 | 9000 0000 | c57b 118c | 2498 0000 | 00c5 7b11 | 9424 a000 | 0000 c57b | 119c 24a8 
  0x0000024187b2711c: 0000 00c5 | 7b11 a424 | b000 0000 | c57b 11ac | 24b8 0000 | 00c5 7b11 | b424 c000 | 0000 c57b 
  0x0000024187b2713c: 11bc 24c8 | 0000 0049 | 8bd7 488b | c848 83ec | 2040 f6c4 | 0f0f 8419 | 0000 0048 

  0x0000024187b27158: ;   {runtime_call}
  0x0000024187b27158: 83ec 0848 | b890 26fe | 6af8 7f00 | 00ff d048 | 83c4 08e9 | 0c00 0000 

  0x0000024187b27170: ;   {runtime_call}
  0x0000024187b27170: 48b8 9026 | fe6a f87f | 0000 ffd0 | 4883 c420 | c57b 10bc | 24c8 0000 | 00c5 7b10 | b424 c000 
  0x0000024187b27190: 0000 c57b | 10ac 24b8 | 0000 00c5 | 7b10 a424 | b000 0000 | c57b 109c | 24a8 0000 | 00c5 7b10 
  0x0000024187b271b0: 9424 a000 | 0000 c57b | 108c 2498 | 0000 00c5 | 7b10 8424 | 9000 0000 | c5fb 10bc | 2488 0000 
  0x0000024187b271d0: 00c5 fb10 | b424 8000 | 0000 c5fb | 106c 2478 | c5fb 1064 | 2470 c5fb | 105c 2468 | c5fb 1054 
  0x0000024187b271f0: 2460 c5fb | 104c 2458 | c5fb 1044 | 2450 4c8b | 5c24 404c | 8b54 2438 | 4c8b 4c24 | 304c 8b44 
  0x0000024187b27210: 2428 488b | 7c24 2048 | 8b74 2418 | 488b 5424 | 1048 8b4c | 2408 488b | 0424 4881 | c4d0 0000 
  0x0000024187b27230: 00c5 f877 | 498b 8f28 | 0400 00c7 | 8100 0100 | 0000 0000 | 00c9 4983 | 7f08 000f | 8501 0000 
  0x0000024187b27250: ;   {runtime_call StubRoutines (initial stubs)}
  0x0000024187b27250: 00c3 e9a9 | 9ca0 ffc5 | f877 4889 | 45f8 4c8b | e448 83ec | 2048 83e4 

  0x0000024187b27268: ;   {runtime_call}
  0x0000024187b27268: f048 b870 | 413f 6bf8 | 7f00 00ff | d049 8be4 | 4d33 e448 | 8b45 f8e9 | 30fd ffff 
[Stub Code]
  0x0000024187b27284: f4f4 f4f4 
[/MachCode]


Compiled method (c1)    1075  766       3       java.lang.System$2::findBootstrapClassOrNull (5 bytes)
 total in heap  [0x000002418011ec10,0x000002418011f0b0] = 1184
 relocation     [0x000002418011ed70,0x000002418011edc8] = 88
 main code      [0x000002418011ede0,0x000002418011efb0] = 464
 stub code      [0x000002418011efb0,0x000002418011f000] = 80
 metadata       [0x000002418011f000,0x000002418011f010] = 16
 scopes data    [0x000002418011f010,0x000002418011f048] = 56
 scopes pcs     [0x000002418011f048,0x000002418011f0a8] = 96
 dependencies   [0x000002418011f0a8,0x000002418011f0b0] = 8

[Constant Pool (empty)]

[MachCode]
[Entry Point]
  # {method} {0x0000024191019438} 'findBootstrapClassOrNull' '(Ljava/lang/String;)Ljava/lang/Class;' in 'java/lang/System$2'
  # this:     rdx:rdx   = 'java/lang/System$2'
  # parm0:    r8:r8     = 'java/lang/String'
  #           [sp+0x40]  (sp of caller)
  0x000002418011ede0: 448b 5208 | 49bb 0000 | 0091 4102 | 0000 4d03 | d34c 3bd0 

  0x000002418011edf4: ;   {runtime_call ic_miss_stub}
  0x000002418011edf4: 0f85 86f9 | 4507 660f | 1f44 0000 
[Verified Entry Point]
  0x000002418011ee00: 8984 2400 | 80ff ff55 | 4883 ec30 | 4181 7f20 | 0100 0000 

  0x000002418011ee14: ;   {runtime_call StubRoutines (final stubs)}
  0x000002418011ee14: 7405 e845 

  0x000002418011ee18: ;   {metadata(method data for {method} {0x0000024191019438} 'findBootstrapClassOrNull' '(Ljava/lang/String;)Ljava/lang/Class;' in 'java/lang/System$2')}
  0x000002418011ee18: 5f44 0748 | be08 1d1b | d241 0200 | 008b becc | 0000 0083 | c702 89be | cc00 0000 | 81e7 fe07 
  0x000002418011ee38: 0000 85ff | 0f84 eb00 

  0x000002418011ee40: ;   {metadata(method data for {method} {0x0000024191019438} 'findBootstrapClassOrNull' '(Ljava/lang/String;)Ljava/lang/Class;' in 'java/lang/System$2')}
  0x000002418011ee40: 0000 48ba | 081d 1bd2 | 4102 0000 | 4883 8210 | 0100 0001 

  0x000002418011ee54: ;   {metadata(method data for {method} {0x000002419143d1b0} 'findBootstrapClassOrNull' '(Ljava/lang/String;)Ljava/lang/Class;' in 'java/lang/ClassLoader')}
  0x000002418011ee54: 48ba 701e | 1bd2 4102 | 0000 8bb2 | cc00 0000 | 83c6 0289 | b2cc 0000 | 0081 e6fe | ff1f 0085 
  0x000002418011ee74: f60f 84d3 

  0x000002418011ee78: ;   {metadata(method data for {method} {0x000002419143d1b0} 'findBootstrapClassOrNull' '(Ljava/lang/String;)Ljava/lang/Class;' in 'java/lang/ClassLoader')}
  0x000002418011ee78: 0000 0048 | ba70 1e1b | d241 0200 | 0048 8382 | 1001 0000 | 0149 8bd0 | 4c89 4424 

  0x000002418011ee94: ;   {static_call}
  0x000002418011ee94: 2066 90e8 

  0x000002418011ee98: ; ImmutableOopMap {[32]=Oop }
                      ;*invokestatic checkName {reexecute=0 rethrow=0 return_oop=0}
                      ; - java.lang.ClassLoader::findBootstrapClassOrNull@1 (line 1275)
                      ; - java.lang.System$2::findBootstrapClassOrNull@1 (line 2397)
  0x000002418011ee98: 24fe f6ff 

  0x000002418011ee9c: ;   {other}
  0x000002418011ee9c: 0f1f 8400 | 8c02 0000 

  0x000002418011eea4: ;   {metadata(method data for {method} {0x000002419143d1b0} 'findBootstrapClassOrNull' '(Ljava/lang/String;)Ljava/lang/Class;' in 'java/lang/ClassLoader')}
  0x000002418011eea4: 85c0 48ba | 701e 1bd2 | 4102 0000 | 48be 2001 | 0000 0000 | 0000 750a | 48be 3001 | 0000 0000 
  0x000002418011eec4: 0000 488b | 3c32 488d | 7f01 4889 | 3c32 0f85 | 0f00 0000 

  0x000002418011eed8: ;   {oop(nullptr)}
  0x000002418011eed8: 48be 0000 | 0000 0000 | 0000 e930 | 0000 004c | 8b44 2420 

  0x000002418011eeec: ;   {metadata(method data for {method} {0x000002419143d1b0} 'findBootstrapClassOrNull' '(Ljava/lang/String;)Ljava/lang/Class;' in 'java/lang/ClassLoader')}
  0x000002418011eeec: 48ba 701e | 1bd2 4102 | 0000 4883 | 8240 0100 | 0001 498b | d066 0f1f 

  0x000002418011ef04: ;   {static_call}
  0x000002418011ef04: 4400 00e8 

  0x000002418011ef08: ; ImmutableOopMap {}
                      ;*invokestatic findBootstrapClass {reexecute=0 rethrow=0 return_oop=0}
                      ; - java.lang.ClassLoader::findBootstrapClassOrNull@10 (line 1277)
                      ; - java.lang.System$2::findBootstrapClassOrNull@1 (line 2397)
  0x000002418011ef08: 547f a007 

  0x000002418011ef0c: ;   {other}
  0x000002418011ef0c: 0f1f 8400 | fc02 0001 | 488b f048 | 8bc6 4883 

  0x000002418011ef1c: ;   {poll_return}
  0x000002418011ef1c: c430 5d49 | 3ba7 5004 | 0000 0f87 | 4300 0000 

  0x000002418011ef2c: ;   {metadata({method} {0x0000024191019438} 'findBootstrapClassOrNull' '(Ljava/lang/String;)Ljava/lang/Class;' in 'java/lang/System$2')}
  0x000002418011ef2c: c349 ba30 | 9401 9141 | 0200 004c | 8954 2408 | 48c7 0424 | ffff ffff 

  0x000002418011ef44: ;   {runtime_call counter_overflow Runtime1 stub}
  0x000002418011ef44: e837 8652 

  0x000002418011ef48: ; ImmutableOopMap {rdx=Oop r8=Oop }
                      ;*synchronization entry
                      ; - java.lang.System$2::findBootstrapClassOrNull@-1 (line 2397)
  0x000002418011ef48: 07e9 f4fe 

  0x000002418011ef4c: ;   {metadata({method} {0x000002419143d1b0} 'findBootstrapClassOrNull' '(Ljava/lang/String;)Ljava/lang/Class;' in 'java/lang/ClassLoader')}
  0x000002418011ef4c: ffff 49ba | a8d1 4391 | 4102 0000 | 4c89 5424 | 0848 c704 | 24ff ffff 

  0x000002418011ef64: ;   {runtime_call counter_overflow Runtime1 stub}
  0x000002418011ef64: ffe8 1686 

  0x000002418011ef68: ; ImmutableOopMap {r8=Oop }
                      ;*synchronization entry
                      ; - java.lang.ClassLoader::findBootstrapClassOrNull@-1 (line 1275)
                      ; - java.lang.System$2::findBootstrapClassOrNull@1 (line 2397)
  0x000002418011ef68: 5207 e90c 

  0x000002418011ef6c: ;   {internal_word}
  0x000002418011ef6c: ffff ff49 | ba1f ef11 | 8041 0200 | 004d 8997 | 6804 0000 

  0x000002418011ef80: ;   {runtime_call SafepointBlob}
  0x000002418011ef80: e97b 6746 | 0749 8b87 | 0005 0000 | 49c7 8700 | 0500 0000 | 0000 0049 | c787 0805 | 0000 0000 
  0x000002418011efa0: 0000 4883 

  0x000002418011efa4: ;   {runtime_call unwind_exception Runtime1 stub}
  0x000002418011efa4: c430 5de9 | 54f7 5107 | f4f4 f4f4 
[Stub Code]
  0x000002418011efb0: ;   {no_reloc}
  0x000002418011efb0: 48bb 0000 | 0000 0000 

  0x000002418011efb8: ;   {runtime_call}
  0x000002418011efb8: 0000 e9fb 

  0x000002418011efbc: ;   {static_stub}
  0x000002418011efbc: ffff ff48 | bbf8 cb43 | 9141 0200 

  0x000002418011efc8: ;   {runtime_call I2C/C2I adapters}
  0x000002418011efc8: 00e9 9544 

  0x000002418011efcc: ;   {runtime_call handle_exception_from_callee Runtime1 stub}
  0x000002418011efcc: 4607 e8ad 

  0x000002418011efd0: ;   {external_word}
  0x000002418011efd0: 2d52 0748 | b900 4866 | 6bf8 7f00 | 0048 83e4 

  0x000002418011efe0: ;   {runtime_call}
  0x000002418011efe0: f048 b840 | 242e 6bf8 | 7f00 00ff 

  0x000002418011efec: ;   {section_word}
  0x000002418011efec: d0f4 49ba | eeef 1180 | 4102 0000 

  0x000002418011eff8: ;   {runtime_call DeoptimizationBlob}
  0x000002418011eff8: 4152 e9a1 | 5946 07f4 
[/MachCode]


---------------  P R O C E S S  ---------------

Threads class SMR info:
_java_thread_list=0x00000241ff12b0a0, length=15, elements={
0x00000241f1667790, 0x00000241fe8e6480, 0x00000241fe8e73a0, 0x00000241fe8eb7f0,
0x00000241fe8ee260, 0x00000241fe8ef0d0, 0x00000241fe8efb30, 0x00000241fe8f1800,
0x00000241fe8fc710, 0x00000241fe8ac420, 0x00000241fecb37a0, 0x00000241feeb1140,
0x00000241fef865c0, 0x00000241ff5a3710, 0x00000241ff6172d0
}

Java Threads: ( => current thread )
  0x00000241f1667790 JavaThread "main"                              [_thread_blocked, id=2140, stack(0x000000858e500000,0x000000858e600000) (1024K)]
  0x00000241fe8e6480 JavaThread "Reference Handler"          daemon [_thread_blocked, id=10008, stack(0x000000858ed00000,0x000000858ee00000) (1024K)]
  0x00000241fe8e73a0 JavaThread "Finalizer"                  daemon [_thread_blocked, id=7136, stack(0x000000858ee00000,0x000000858ef00000) (1024K)]
  0x00000241fe8eb7f0 JavaThread "Signal Dispatcher"          daemon [_thread_blocked, id=13968, stack(0x000000858ef00000,0x000000858f000000) (1024K)]
=>0x00000241fe8ee260 JavaThread "Attach Listener"            daemon [_thread_in_vm, id=15252, stack(0x000000858f000000,0x000000858f100000) (1024K)]
  0x00000241fe8ef0d0 JavaThread "Service Thread"             daemon [_thread_blocked, id=13372, stack(0x000000858f100000,0x000000858f200000) (1024K)]
  0x00000241fe8efb30 JavaThread "Monitor Deflation Thread"   daemon [_thread_blocked, id=5216, stack(0x000000858f200000,0x000000858f300000) (1024K)]
  0x00000241fe8f1800 JavaThread "C2 CompilerThread0"         daemon [_thread_blocked, id=436, stack(0x000000858f300000,0x000000858f400000) (1024K)]
  0x00000241fe8fc710 JavaThread "C1 CompilerThread0"         daemon [_thread_blocked, id=15792, stack(0x000000858f400000,0x000000858f500000) (1024K)]
  0x00000241fe8ac420 JavaThread "Common-Cleaner"             daemon [_thread_blocked, id=10928, stack(0x000000858f500000,0x000000858f600000) (1024K)]
  0x00000241fecb37a0 JavaThread "C2 CompilerThread1"         daemon [_thread_blocked, id=10276, stack(0x000000858f600000,0x000000858f700000) (1024K)]
  0x00000241feeb1140 JavaThread "Monitor Ctrl-Break"         daemon [_thread_in_native, id=15968, stack(0x000000858f700000,0x000000858f800000) (1024K)]
  0x00000241fef865c0 JavaThread "Notification Thread"        daemon [_thread_blocked, id=2676, stack(0x000000858f800000,0x000000858f900000) (1024K)]
  0x00000241ff5a3710 JavaThread "Thread-0"                          [_thread_blocked, id=10340, stack(0x000000858fc00000,0x000000858fd00000) (1024K)]
  0x00000241ff6172d0 JavaThread "restartedMain"                     [_thread_in_vm, id=4428, stack(0x000000858fd00000,0x000000858fe00000) (1024K)]
Total: 15

Other Threads:
  0x00000241fe8c2320 VMThread "VM Thread"                           [id=3472, stack(0x000000858ec00000,0x000000858ed00000) (1024K)]
  0x00000241fe8ab930 WatcherThread "VM Periodic Task Thread"        [id=12160, stack(0x000000858eb00000,0x000000858ec00000) (1024K)]
  0x00000241f18fa500 WorkerThread "GC Thread#0"                     [id=13288, stack(0x000000858e600000,0x000000858e700000) (1024K)]
  0x00000241ff51ac60 WorkerThread "GC Thread#1"                     [id=15860, stack(0x000000858f900000,0x000000858fa00000) (1024K)]
  0x00000241ff59ff00 WorkerThread "GC Thread#2"                     [id=6460, stack(0x000000858fa00000,0x000000858fb00000) (1024K)]
  0x00000241ff36d630 WorkerThread "GC Thread#3"                     [id=16252, stack(0x000000858fb00000,0x000000858fc00000) (1024K)]
  0x00000241f190c140 ConcurrentGCThread "G1 Main Marker"            [id=3180, stack(0x000000858e700000,0x000000858e800000) (1024K)]
  0x00000241f190cd00 WorkerThread "G1 Conc#0"                       [id=10236, stack(0x000000858e800000,0x000000858e900000) (1024K)]
  0x00000241fe7724c0 ConcurrentGCThread "G1 Refine#0"               [id=9908, stack(0x000000858e900000,0x000000858ea00000) (1024K)]
  0x00000241f196a080 ConcurrentGCThread "G1 Service"                [id=1744, stack(0x000000858ea00000,0x000000858eb00000) (1024K)]
Total: 10

Threads with active compile tasks:
Total: 0

VM state: not at safepoint (normal execution)

VM Mutex/Monitor currently owned by a thread:  ([mutex/lock_event])
[0x00007ff86b8face8] Metaspace_lock - owner thread: 0x00000241fe8ee260

Heap address: 0x0000000081600000, size: 2026 MB, Compressed Oops mode: 32-bit

CDS archive(s) mapped at: [0x0000024191000000-0x0000024191c90000-0x0000024191c90000), size 13172736, SharedBaseAddress: 0x0000024191000000, ArchiveRelocationMode: 1.
Compressed class space mapped at: 0x0000024192000000-0x00000241d2000000, reserved size: 1073741824
Narrow klass base: 0x0000024191000000, Narrow klass shift: 0, Narrow klass range: 0x100000000

GC Precious Log:
 CardTable entry size: 512
 Card Set container configuration: InlinePtr #cards 5 size 8 Array Of Cards #cards 12 size 40 Howl #buckets 4 coarsen threshold 1843 Howl Bitmap #cards 512 size 80 coarsen threshold 460 Card regions per heap region 1 cards per card region 2048
 CPUs: 4 total, 4 available
 Memory: 8102M
 Large Page Support: Disabled
 NUMA Support: Disabled
 Compressed Oops: Enabled (32-bit)
 Heap Region Size: 1M
 Heap Min Capacity: 8M
 Heap Initial Capacity: 128M
 Heap Max Capacity: 2026M
 Pre-touch: Disabled
 Parallel Workers: 4
 Concurrent Workers: 1
 Concurrent Refinement Workers: 4
 Periodic GC: Disabled

Heap:
 garbage-first heap   total 131072K, used 14212K [0x0000000081600000, 0x0000000100000000)
  region size 1024K, 12 young (12288K), 2 survivors (2048K)
 Metaspace       used 5905K, committed 6080K, reserved 1114112K
  class space    used 669K, committed 768K, reserved 1048576K

Heap Regions: E=young(eden), S=young(survivor), O=old, HS=humongous(starts), HC=humongous(continues), CS=collection set, F=free, TAMS=top-at-mark-start, PB=parsable bottom
|   0|0x0000000081600000, 0x0000000081700000, 0x0000000081700000|100%|HS|  |TAMS 0x0000000081600000| PB 0x0000000081600000| Complete 
|   1|0x0000000081700000, 0x0000000081800000, 0x0000000081800000|100%| O|  |TAMS 0x0000000081700000| PB 0x0000000081700000| Untracked 
|   2|0x0000000081800000, 0x0000000081900000, 0x0000000081900000|100%| O|  |TAMS 0x0000000081800000| PB 0x0000000081800000| Untracked 
|   3|0x0000000081900000, 0x00000000819e10e8, 0x0000000081a00000| 87%| O|  |TAMS 0x0000000081900000| PB 0x0000000081900000| Untracked 
|   4|0x0000000081a00000, 0x0000000081a00000, 0x0000000081b00000|  0%| F|  |TAMS 0x0000000081a00000| PB 0x0000000081a00000| Untracked 
|   5|0x0000000081b00000, 0x0000000081b00000, 0x0000000081c00000|  0%| F|  |TAMS 0x0000000081b00000| PB 0x0000000081b00000| Untracked 
|   6|0x0000000081c00000, 0x0000000081c00000, 0x0000000081d00000|  0%| F|  |TAMS 0x0000000081c00000| PB 0x0000000081c00000| Untracked 
|   7|0x0000000081d00000, 0x0000000081d00000, 0x0000000081e00000|  0%| F|  |TAMS 0x0000000081d00000| PB 0x0000000081d00000| Untracked 
|   8|0x0000000081e00000, 0x0000000081e00000, 0x0000000081f00000|  0%| F|  |TAMS 0x0000000081e00000| PB 0x0000000081e00000| Untracked 
|   9|0x0000000081f00000, 0x0000000081f00000, 0x0000000082000000|  0%| F|  |TAMS 0x0000000081f00000| PB 0x0000000081f00000| Untracked 
|  10|0x0000000082000000, 0x0000000082000000, 0x0000000082100000|  0%| F|  |TAMS 0x0000000082000000| PB 0x0000000082000000| Untracked 
|  11|0x0000000082100000, 0x0000000082100000, 0x0000000082200000|  0%| F|  |TAMS 0x0000000082100000| PB 0x0000000082100000| Untracked 
|  12|0x0000000082200000, 0x0000000082200000, 0x0000000082300000|  0%| F|  |TAMS 0x0000000082200000| PB 0x0000000082200000| Untracked 
|  13|0x0000000082300000, 0x0000000082300000, 0x0000000082400000|  0%| F|  |TAMS 0x0000000082300000| PB 0x0000000082300000| Untracked 
|  14|0x0000000082400000, 0x0000000082400000, 0x0000000082500000|  0%| F|  |TAMS 0x0000000082400000| PB 0x0000000082400000| Untracked 
|  15|0x0000000082500000, 0x0000000082500000, 0x0000000082600000|  0%| F|  |TAMS 0x0000000082500000| PB 0x0000000082500000| Untracked 
|  16|0x0000000082600000, 0x0000000082600000, 0x0000000082700000|  0%| F|  |TAMS 0x0000000082600000| PB 0x0000000082600000| Untracked 
|  17|0x0000000082700000, 0x0000000082700000, 0x0000000082800000|  0%| F|  |TAMS 0x0000000082700000| PB 0x0000000082700000| Untracked 
|  18|0x0000000082800000, 0x0000000082800000, 0x0000000082900000|  0%| F|  |TAMS 0x0000000082800000| PB 0x0000000082800000| Untracked 
|  19|0x0000000082900000, 0x0000000082900000, 0x0000000082a00000|  0%| F|  |TAMS 0x0000000082900000| PB 0x0000000082900000| Untracked 
|  20|0x0000000082a00000, 0x0000000082a00000, 0x0000000082b00000|  0%| F|  |TAMS 0x0000000082a00000| PB 0x0000000082a00000| Untracked 
|  21|0x0000000082b00000, 0x0000000082b00000, 0x0000000082c00000|  0%| F|  |TAMS 0x0000000082b00000| PB 0x0000000082b00000| Untracked 
|  22|0x0000000082c00000, 0x0000000082c00000, 0x0000000082d00000|  0%| F|  |TAMS 0x0000000082c00000| PB 0x0000000082c00000| Untracked 
|  23|0x0000000082d00000, 0x0000000082d00000, 0x0000000082e00000|  0%| F|  |TAMS 0x0000000082d00000| PB 0x0000000082d00000| Untracked 
|  24|0x0000000082e00000, 0x0000000082e00000, 0x0000000082f00000|  0%| F|  |TAMS 0x0000000082e00000| PB 0x0000000082e00000| Untracked 
|  25|0x0000000082f00000, 0x0000000082f00000, 0x0000000083000000|  0%| F|  |TAMS 0x0000000082f00000| PB 0x0000000082f00000| Untracked 
|  26|0x0000000083000000, 0x0000000083000000, 0x0000000083100000|  0%| F|  |TAMS 0x0000000083000000| PB 0x0000000083000000| Untracked 
|  27|0x0000000083100000, 0x0000000083100000, 0x0000000083200000|  0%| F|  |TAMS 0x0000000083100000| PB 0x0000000083100000| Untracked 
|  28|0x0000000083200000, 0x0000000083200000, 0x0000000083300000|  0%| F|  |TAMS 0x0000000083200000| PB 0x0000000083200000| Untracked 
|  29|0x0000000083300000, 0x0000000083300000, 0x0000000083400000|  0%| F|  |TAMS 0x0000000083300000| PB 0x0000000083300000| Untracked 
|  30|0x0000000083400000, 0x0000000083400000, 0x0000000083500000|  0%| F|  |TAMS 0x0000000083400000| PB 0x0000000083400000| Untracked 
|  31|0x0000000083500000, 0x0000000083500000, 0x0000000083600000|  0%| F|  |TAMS 0x0000000083500000| PB 0x0000000083500000| Untracked 
|  32|0x0000000083600000, 0x0000000083600000, 0x0000000083700000|  0%| F|  |TAMS 0x0000000083600000| PB 0x0000000083600000| Untracked 
|  33|0x0000000083700000, 0x0000000083700000, 0x0000000083800000|  0%| F|  |TAMS 0x0000000083700000| PB 0x0000000083700000| Untracked 
|  34|0x0000000083800000, 0x0000000083800000, 0x0000000083900000|  0%| F|  |TAMS 0x0000000083800000| PB 0x0000000083800000| Untracked 
|  35|0x0000000083900000, 0x0000000083900000, 0x0000000083a00000|  0%| F|  |TAMS 0x0000000083900000| PB 0x0000000083900000| Untracked 
|  36|0x0000000083a00000, 0x0000000083a00000, 0x0000000083b00000|  0%| F|  |TAMS 0x0000000083a00000| PB 0x0000000083a00000| Untracked 
|  37|0x0000000083b00000, 0x0000000083b00000, 0x0000000083c00000|  0%| F|  |TAMS 0x0000000083b00000| PB 0x0000000083b00000| Untracked 
|  38|0x0000000083c00000, 0x0000000083c00000, 0x0000000083d00000|  0%| F|  |TAMS 0x0000000083c00000| PB 0x0000000083c00000| Untracked 
|  39|0x0000000083d00000, 0x0000000083d00000, 0x0000000083e00000|  0%| F|  |TAMS 0x0000000083d00000| PB 0x0000000083d00000| Untracked 
|  40|0x0000000083e00000, 0x0000000083e00000, 0x0000000083f00000|  0%| F|  |TAMS 0x0000000083e00000| PB 0x0000000083e00000| Untracked 
|  41|0x0000000083f00000, 0x0000000083f00000, 0x0000000084000000|  0%| F|  |TAMS 0x0000000083f00000| PB 0x0000000083f00000| Untracked 
|  42|0x0000000084000000, 0x0000000084000000, 0x0000000084100000|  0%| F|  |TAMS 0x0000000084000000| PB 0x0000000084000000| Untracked 
|  43|0x0000000084100000, 0x0000000084100000, 0x0000000084200000|  0%| F|  |TAMS 0x0000000084100000| PB 0x0000000084100000| Untracked 
|  44|0x0000000084200000, 0x0000000084200000, 0x0000000084300000|  0%| F|  |TAMS 0x0000000084200000| PB 0x0000000084200000| Untracked 
|  45|0x0000000084300000, 0x0000000084300000, 0x0000000084400000|  0%| F|  |TAMS 0x0000000084300000| PB 0x0000000084300000| Untracked 
|  46|0x0000000084400000, 0x0000000084400000, 0x0000000084500000|  0%| F|  |TAMS 0x0000000084400000| PB 0x0000000084400000| Untracked 
|  47|0x0000000084500000, 0x0000000084500000, 0x0000000084600000|  0%| F|  |TAMS 0x0000000084500000| PB 0x0000000084500000| Untracked 
|  48|0x0000000084600000, 0x0000000084600000, 0x0000000084700000|  0%| F|  |TAMS 0x0000000084600000| PB 0x0000000084600000| Untracked 
|  49|0x0000000084700000, 0x0000000084700000, 0x0000000084800000|  0%| F|  |TAMS 0x0000000084700000| PB 0x0000000084700000| Untracked 
|  50|0x0000000084800000, 0x0000000084800000, 0x0000000084900000|  0%| F|  |TAMS 0x0000000084800000| PB 0x0000000084800000| Untracked 
|  51|0x0000000084900000, 0x0000000084900000, 0x0000000084a00000|  0%| F|  |TAMS 0x0000000084900000| PB 0x0000000084900000| Untracked 
|  52|0x0000000084a00000, 0x0000000084a00000, 0x0000000084b00000|  0%| F|  |TAMS 0x0000000084a00000| PB 0x0000000084a00000| Untracked 
|  53|0x0000000084b00000, 0x0000000084b00000, 0x0000000084c00000|  0%| F|  |TAMS 0x0000000084b00000| PB 0x0000000084b00000| Untracked 
|  54|0x0000000084c00000, 0x0000000084c00000, 0x0000000084d00000|  0%| F|  |TAMS 0x0000000084c00000| PB 0x0000000084c00000| Untracked 
|  55|0x0000000084d00000, 0x0000000084d00000, 0x0000000084e00000|  0%| F|  |TAMS 0x0000000084d00000| PB 0x0000000084d00000| Untracked 
|  56|0x0000000084e00000, 0x0000000084e00000, 0x0000000084f00000|  0%| F|  |TAMS 0x0000000084e00000| PB 0x0000000084e00000| Untracked 
|  57|0x0000000084f00000, 0x0000000084f00000, 0x0000000085000000|  0%| F|  |TAMS 0x0000000084f00000| PB 0x0000000084f00000| Untracked 
|  58|0x0000000085000000, 0x0000000085000000, 0x0000000085100000|  0%| F|  |TAMS 0x0000000085000000| PB 0x0000000085000000| Untracked 
|  59|0x0000000085100000, 0x0000000085100000, 0x0000000085200000|  0%| F|  |TAMS 0x0000000085100000| PB 0x0000000085100000| Untracked 
|  60|0x0000000085200000, 0x0000000085200000, 0x0000000085300000|  0%| F|  |TAMS 0x0000000085200000| PB 0x0000000085200000| Untracked 
|  61|0x0000000085300000, 0x0000000085300000, 0x0000000085400000|  0%| F|  |TAMS 0x0000000085300000| PB 0x0000000085300000| Untracked 
|  62|0x0000000085400000, 0x0000000085400000, 0x0000000085500000|  0%| F|  |TAMS 0x0000000085400000| PB 0x0000000085400000| Untracked 
|  63|0x0000000085500000, 0x0000000085500000, 0x0000000085600000|  0%| F|  |TAMS 0x0000000085500000| PB 0x0000000085500000| Untracked 
|  64|0x0000000085600000, 0x0000000085600000, 0x0000000085700000|  0%| F|  |TAMS 0x0000000085600000| PB 0x0000000085600000| Untracked 
|  65|0x0000000085700000, 0x0000000085700000, 0x0000000085800000|  0%| F|  |TAMS 0x0000000085700000| PB 0x0000000085700000| Untracked 
|  66|0x0000000085800000, 0x0000000085800000, 0x0000000085900000|  0%| F|  |TAMS 0x0000000085800000| PB 0x0000000085800000| Untracked 
|  67|0x0000000085900000, 0x0000000085900000, 0x0000000085a00000|  0%| F|  |TAMS 0x0000000085900000| PB 0x0000000085900000| Untracked 
|  68|0x0000000085a00000, 0x0000000085a00000, 0x0000000085b00000|  0%| F|  |TAMS 0x0000000085a00000| PB 0x0000000085a00000| Untracked 
|  69|0x0000000085b00000, 0x0000000085b00000, 0x0000000085c00000|  0%| F|  |TAMS 0x0000000085b00000| PB 0x0000000085b00000| Untracked 
|  70|0x0000000085c00000, 0x0000000085c00000, 0x0000000085d00000|  0%| F|  |TAMS 0x0000000085c00000| PB 0x0000000085c00000| Untracked 
|  71|0x0000000085d00000, 0x0000000085d00000, 0x0000000085e00000|  0%| F|  |TAMS 0x0000000085d00000| PB 0x0000000085d00000| Untracked 
|  72|0x0000000085e00000, 0x0000000085e00000, 0x0000000085f00000|  0%| F|  |TAMS 0x0000000085e00000| PB 0x0000000085e00000| Untracked 
|  73|0x0000000085f00000, 0x0000000085f00000, 0x0000000086000000|  0%| F|  |TAMS 0x0000000085f00000| PB 0x0000000085f00000| Untracked 
|  74|0x0000000086000000, 0x0000000086000000, 0x0000000086100000|  0%| F|  |TAMS 0x0000000086000000| PB 0x0000000086000000| Untracked 
|  75|0x0000000086100000, 0x0000000086100000, 0x0000000086200000|  0%| F|  |TAMS 0x0000000086100000| PB 0x0000000086100000| Untracked 
|  76|0x0000000086200000, 0x0000000086200000, 0x0000000086300000|  0%| F|  |TAMS 0x0000000086200000| PB 0x0000000086200000| Untracked 
|  77|0x0000000086300000, 0x0000000086300000, 0x0000000086400000|  0%| F|  |TAMS 0x0000000086300000| PB 0x0000000086300000| Untracked 
|  78|0x0000000086400000, 0x0000000086400000, 0x0000000086500000|  0%| F|  |TAMS 0x0000000086400000| PB 0x0000000086400000| Untracked 
|  79|0x0000000086500000, 0x0000000086500000, 0x0000000086600000|  0%| F|  |TAMS 0x0000000086500000| PB 0x0000000086500000| Untracked 
|  80|0x0000000086600000, 0x0000000086600000, 0x0000000086700000|  0%| F|  |TAMS 0x0000000086600000| PB 0x0000000086600000| Untracked 
|  81|0x0000000086700000, 0x0000000086700000, 0x0000000086800000|  0%| F|  |TAMS 0x0000000086700000| PB 0x0000000086700000| Untracked 
|  82|0x0000000086800000, 0x0000000086800000, 0x0000000086900000|  0%| F|  |TAMS 0x0000000086800000| PB 0x0000000086800000| Untracked 
|  83|0x0000000086900000, 0x0000000086900000, 0x0000000086a00000|  0%| F|  |TAMS 0x0000000086900000| PB 0x0000000086900000| Untracked 
|  84|0x0000000086a00000, 0x0000000086a00000, 0x0000000086b00000|  0%| F|  |TAMS 0x0000000086a00000| PB 0x0000000086a00000| Untracked 
|  85|0x0000000086b00000, 0x0000000086b00000, 0x0000000086c00000|  0%| F|  |TAMS 0x0000000086b00000| PB 0x0000000086b00000| Untracked 
|  86|0x0000000086c00000, 0x0000000086c00000, 0x0000000086d00000|  0%| F|  |TAMS 0x0000000086c00000| PB 0x0000000086c00000| Untracked 
|  87|0x0000000086d00000, 0x0000000086d00000, 0x0000000086e00000|  0%| F|  |TAMS 0x0000000086d00000| PB 0x0000000086d00000| Untracked 
|  88|0x0000000086e00000, 0x0000000086e00000, 0x0000000086f00000|  0%| F|  |TAMS 0x0000000086e00000| PB 0x0000000086e00000| Untracked 
|  89|0x0000000086f00000, 0x0000000086f00000, 0x0000000087000000|  0%| F|  |TAMS 0x0000000086f00000| PB 0x0000000086f00000| Untracked 
|  90|0x0000000087000000, 0x0000000087000000, 0x0000000087100000|  0%| F|  |TAMS 0x0000000087000000| PB 0x0000000087000000| Untracked 
|  91|0x0000000087100000, 0x0000000087100000, 0x0000000087200000|  0%| F|  |TAMS 0x0000000087100000| PB 0x0000000087100000| Untracked 
|  92|0x0000000087200000, 0x0000000087200000, 0x0000000087300000|  0%| F|  |TAMS 0x0000000087200000| PB 0x0000000087200000| Untracked 
|  93|0x0000000087300000, 0x0000000087300000, 0x0000000087400000|  0%| F|  |TAMS 0x0000000087300000| PB 0x0000000087300000| Untracked 
|  94|0x0000000087400000, 0x0000000087400000, 0x0000000087500000|  0%| F|  |TAMS 0x0000000087400000| PB 0x0000000087400000| Untracked 
|  95|0x0000000087500000, 0x0000000087500000, 0x0000000087600000|  0%| F|  |TAMS 0x0000000087500000| PB 0x0000000087500000| Untracked 
|  96|0x0000000087600000, 0x0000000087600000, 0x0000000087700000|  0%| F|  |TAMS 0x0000000087600000| PB 0x0000000087600000| Untracked 
|  97|0x0000000087700000, 0x0000000087700000, 0x0000000087800000|  0%| F|  |TAMS 0x0000000087700000| PB 0x0000000087700000| Untracked 
|  98|0x0000000087800000, 0x0000000087800000, 0x0000000087900000|  0%| F|  |TAMS 0x0000000087800000| PB 0x0000000087800000| Untracked 
|  99|0x0000000087900000, 0x0000000087900000, 0x0000000087a00000|  0%| F|  |TAMS 0x0000000087900000| PB 0x0000000087900000| Untracked 
| 100|0x0000000087a00000, 0x0000000087a00000, 0x0000000087b00000|  0%| F|  |TAMS 0x0000000087a00000| PB 0x0000000087a00000| Untracked 
| 101|0x0000000087b00000, 0x0000000087b00000, 0x0000000087c00000|  0%| F|  |TAMS 0x0000000087b00000| PB 0x0000000087b00000| Untracked 
| 102|0x0000000087c00000, 0x0000000087c00000, 0x0000000087d00000|  0%| F|  |TAMS 0x0000000087c00000| PB 0x0000000087c00000| Untracked 
| 103|0x0000000087d00000, 0x0000000087d00000, 0x0000000087e00000|  0%| F|  |TAMS 0x0000000087d00000| PB 0x0000000087d00000| Untracked 
| 104|0x0000000087e00000, 0x0000000087e00000, 0x0000000087f00000|  0%| F|  |TAMS 0x0000000087e00000| PB 0x0000000087e00000| Untracked 
| 105|0x0000000087f00000, 0x0000000087f00000, 0x0000000088000000|  0%| F|  |TAMS 0x0000000087f00000| PB 0x0000000087f00000| Untracked 
| 106|0x0000000088000000, 0x0000000088000000, 0x0000000088100000|  0%| F|  |TAMS 0x0000000088000000| PB 0x0000000088000000| Untracked 
| 107|0x0000000088100000, 0x0000000088100000, 0x0000000088200000|  0%| F|  |TAMS 0x0000000088100000| PB 0x0000000088100000| Untracked 
| 108|0x0000000088200000, 0x0000000088200000, 0x0000000088300000|  0%| F|  |TAMS 0x0000000088200000| PB 0x0000000088200000| Untracked 
| 109|0x0000000088300000, 0x0000000088300000, 0x0000000088400000|  0%| F|  |TAMS 0x0000000088300000| PB 0x0000000088300000| Untracked 
| 110|0x0000000088400000, 0x0000000088400000, 0x0000000088500000|  0%| F|  |TAMS 0x0000000088400000| PB 0x0000000088400000| Untracked 
| 111|0x0000000088500000, 0x0000000088500000, 0x0000000088600000|  0%| F|  |TAMS 0x0000000088500000| PB 0x0000000088500000| Untracked 
| 112|0x0000000088600000, 0x0000000088600000, 0x0000000088700000|  0%| F|  |TAMS 0x0000000088600000| PB 0x0000000088600000| Untracked 
| 113|0x0000000088700000, 0x0000000088800000, 0x0000000088800000|100%| S|CS|TAMS 0x0000000088700000| PB 0x0000000088700000| Complete 
| 114|0x0000000088800000, 0x0000000088900000, 0x0000000088900000|100%| S|CS|TAMS 0x0000000088800000| PB 0x0000000088800000| Complete 
| 115|0x0000000088900000, 0x0000000088900000, 0x0000000088a00000|  0%| F|  |TAMS 0x0000000088900000| PB 0x0000000088900000| Untracked 
| 116|0x0000000088a00000, 0x0000000088a00000, 0x0000000088b00000|  0%| F|  |TAMS 0x0000000088a00000| PB 0x0000000088a00000| Untracked 
| 117|0x0000000088b00000, 0x0000000088b00000, 0x0000000088c00000|  0%| F|  |TAMS 0x0000000088b00000| PB 0x0000000088b00000| Untracked 
| 118|0x0000000088c00000, 0x0000000088c7d988, 0x0000000088d00000| 49%| E|  |TAMS 0x0000000088c00000| PB 0x0000000088c00000| Complete 
| 119|0x0000000088d00000, 0x0000000088e00000, 0x0000000088e00000|100%| E|CS|TAMS 0x0000000088d00000| PB 0x0000000088d00000| Complete 
| 120|0x0000000088e00000, 0x0000000088f00000, 0x0000000088f00000|100%| E|CS|TAMS 0x0000000088e00000| PB 0x0000000088e00000| Complete 
| 121|0x0000000088f00000, 0x0000000089000000, 0x0000000089000000|100%| E|CS|TAMS 0x0000000088f00000| PB 0x0000000088f00000| Complete 
| 122|0x0000000089000000, 0x0000000089100000, 0x0000000089100000|100%| E|CS|TAMS 0x0000000089000000| PB 0x0000000089000000| Complete 
| 123|0x0000000089100000, 0x0000000089200000, 0x0000000089200000|100%| E|CS|TAMS 0x0000000089100000| PB 0x0000000089100000| Complete 
| 124|0x0000000089200000, 0x0000000089300000, 0x0000000089300000|100%| E|  |TAMS 0x0000000089200000| PB 0x0000000089200000| Complete 
| 125|0x0000000089300000, 0x0000000089400000, 0x0000000089400000|100%| E|CS|TAMS 0x0000000089300000| PB 0x0000000089300000| Complete 
| 126|0x0000000089400000, 0x0000000089500000, 0x0000000089500000|100%| E|CS|TAMS 0x0000000089400000| PB 0x0000000089400000| Complete 
| 127|0x0000000089500000, 0x0000000089600000, 0x0000000089600000|100%| E|CS|TAMS 0x0000000089500000| PB 0x0000000089500000| Complete 

Card table byte_map: [0x00000241fbf10000,0x00000241fc310000] _byte_map_base: 0x00000241fbb05000

Marking Bits: (CMBitMap*) 0x00000241f18fbb20
 Bits: [0x00000241fc310000, 0x00000241fe2b8000)

Polling page: 0x00000241f1970000

Metaspace:

Usage:
  Non-class:      5.11 MB used.
      Class:    669.42 KB used.
       Both:      5.77 MB used.

Virtual space:
  Non-class space:       64.00 MB reserved,       5.19 MB (  8%) committed,  1 nodes.
      Class space:        1.00 GB reserved,     768.00 KB ( <1%) committed,  1 nodes.
             Both:        1.06 GB reserved,       5.94 MB ( <1%) committed. 

Chunk freelists:
   Non-Class:  9.70 MB
       Class:  15.09 MB
        Both:  24.79 MB

MaxMetaspaceSize: unlimited
CompressedClassSpaceSize: 1.00 GB
Initial GC threshold: 21.00 MB
Current GC threshold: 21.00 MB
CDS: on
 - commit_granule_bytes: 65536.
 - commit_granule_words: 8192.
 - virtual_space_node_default_size: 8388608.
 - enlarge_chunks_in_place: 1.
 - use_allocation_guard: 0.


Internal statistics:

num_allocs_failed_limit: 0.
num_arena_births: 160.
num_arena_deaths: 0.
num_vsnodes_births: 2.
num_vsnodes_deaths: 0.
num_space_committed: 95.
num_space_uncommitted: 0.
num_chunks_returned_to_freelist: 0.
num_chunks_taken_from_freelist: 350.
num_chunk_merges: 0.
num_chunk_splits: 197.
num_chunks_enlarged: 93.
num_inconsistent_stats: 0.

CodeHeap 'non-profiled nmethods': size=120000Kb used=438Kb max_used=438Kb free=119561Kb
 bounds [0x0000024187ad0000, 0x0000024187d40000, 0x000002418f000000]
CodeHeap 'profiled nmethods': size=120000Kb used=2094Kb max_used=2094Kb free=117905Kb
 bounds [0x0000024180000000, 0x0000024180270000, 0x0000024187530000]
CodeHeap 'non-nmethods': size=5760Kb used=1364Kb max_used=1381Kb free=4395Kb
 bounds [0x0000024187530000, 0x00000241877a0000, 0x0000024187ad0000]
 total_blobs=1669 nmethods=1199 adapters=375
 compilation: enabled
              stopped_count=0, restarted_count=0
 full_count=0

Compilation events (20 events):
Event: 1.029 Thread 0x00000241fecb37a0 1194       4       java.util.regex.Pattern$$Lambda/0x80000002a::is (9 bytes)
Event: 1.029 Thread 0x00000241fe8fc710 nmethod 1189 0x0000024180206810 code [0x00000241802069e0, 0x0000024180206cc8]
Event: 1.029 Thread 0x00000241fe8fc710 1190       3       java.util.regex.Matcher::start (9 bytes)
Event: 1.030 Thread 0x00000241fe8fc710 nmethod 1190 0x0000024180206e10 code [0x0000024180206fe0, 0x0000024180207320]
Event: 1.030 Thread 0x00000241fe8fc710 1191       3       java.util.regex.Matcher::end (9 bytes)
Event: 1.030 Thread 0x00000241fecb37a0 nmethod 1194 0x0000024187b3a990 code [0x0000024187b3ab20, 0x0000024187b3abb8]
Event: 1.030 Thread 0x00000241fecb37a0 1195       4       java.util.regex.Pattern$BmpCharPropertyGreedy::match (89 bytes)
Event: 1.030 Thread 0x00000241fe8fc710 nmethod 1191 0x0000024180207490 code [0x0000024180207660, 0x00000241802079a8]
Event: 1.030 Thread 0x00000241fe8fc710 1192       3       java.util.regex.Pattern$LastNode::match (45 bytes)
Event: 1.030 Thread 0x00000241fe8fc710 nmethod 1192 0x0000024180207b10 code [0x0000024180207cc0, 0x0000024180207ed0]
Event: 1.030 Thread 0x00000241fe8fc710 1193       3       java.lang.String::subSequence (7 bytes)
Event: 1.030 Thread 0x00000241fe8fc710 nmethod 1193 0x0000024180208010 code [0x00000241802081c0, 0x00000241802082f8]
Event: 1.030 Thread 0x00000241fe8fc710 1197       3       java.util.ImmutableCollections$SetN::<init> (90 bytes)
Event: 1.031 Thread 0x00000241fe8fc710 nmethod 1197 0x0000024180208390 code [0x0000024180208640, 0x0000024180209370]
Event: 1.032 Thread 0x00000241fe8fc710 1198       3       java.util.jar.Manifest::getTrustedAttributes (57 bytes)
Event: 1.033 Thread 0x00000241fe8fc710 nmethod 1198 0x0000024180209810 code [0x0000024180209a80, 0x000002418020a390]
Event: 1.033 Thread 0x00000241fe8fc710 1199       2       java.util.HashMap::put (13 bytes)
Event: 1.033 Thread 0x00000241fe8fc710 nmethod 1199 0x000002418020a710 code [0x000002418020a8c0, 0x000002418020aa70]
Event: 1.033 Thread 0x00000241fe8fc710 1200       3       java.lang.invoke.MethodHandle::keepsAlive (20 bytes)
Event: 1.034 Thread 0x00000241fe8fc710 nmethod 1200 0x000002418020ab90 code [0x000002418020ade0, 0x000002418020b830]

GC Heap History (2 events):
Event: 0.718 GC heap before
{Heap before GC invocations=0 (full 0):
 garbage-first heap   total 131072K, used 13312K [0x0000000081600000, 0x0000000100000000)
  region size 1024K, 13 young (13312K), 0 survivors (0K)
 Metaspace       used 3518K, committed 3712K, reserved 1114112K
  class space    used 358K, committed 448K, reserved 1048576K
}
Event: 0.723 GC heap after
{Heap after GC invocations=1 (full 0):
 garbage-first heap   total 131072K, used 6020K [0x0000000081600000, 0x0000000100000000)
  region size 1024K, 2 young (2048K), 2 survivors (2048K)
 Metaspace       used 3518K, committed 3712K, reserved 1114112K
  class space    used 358K, committed 448K, reserved 1048576K
}

Dll operation events (12 events):
Event: 0.014 Loaded shared library C:\Program Files\Java\jdk-21\bin\java.dll
Event: 0.064 Loaded shared library C:\Program Files\Java\jdk-21\bin\jsvml.dll
Event: 0.186 Loaded shared library C:\Program Files\Java\jdk-21\bin\zip.dll
Event: 0.190 Loaded shared library C:\Program Files\Java\jdk-21\bin\instrument.dll
Event: 0.198 Loaded shared library C:\Program Files\Java\jdk-21\bin\net.dll
Event: 0.200 Loaded shared library C:\Program Files\Java\jdk-21\bin\nio.dll
Event: 0.206 Loaded shared library C:\Program Files\Java\jdk-21\bin\zip.dll
Event: 0.368 Loaded shared library C:\Program Files\JetBrains\IntelliJ IDEA Community Edition 2023.3.4\bin\breakgen64.dll
Event: 0.382 Loaded shared library C:\Program Files\Java\jdk-21\bin\extnet.dll
Event: 0.431 Loaded shared library C:\Program Files\Java\jdk-21\bin\jimage.dll
Event: 0.837 Loaded shared library C:\Program Files\Java\jdk-21\bin\management.dll
Event: 0.839 Loaded shared library C:\Program Files\Java\jdk-21\bin\management_ext.dll

Deoptimization events (20 events):
Event: 0.999 Thread 0x00000241ff6172d0 DEOPT PACKING pc=0x00000241801d815f sp=0x000000858fdfab20
Event: 0.999 Thread 0x00000241ff6172d0 DEOPT UNPACKING pc=0x0000024187584e42 sp=0x000000858fdf9ff8 mode 0
Event: 1.010 Thread 0x00000241ff6172d0 DEOPT PACKING pc=0x000002418009bd83 sp=0x000000858fdfdd00
Event: 1.010 Thread 0x00000241ff6172d0 DEOPT UNPACKING pc=0x0000024187584e42 sp=0x000000858fdfd208 mode 0
Event: 1.024 Thread 0x00000241ff6172d0 Uncommon trap: trap_request=0xffffffc6 fr.pc=0x0000024187b2a2f8 relative=0x0000000000000c18
Event: 1.024 Thread 0x00000241ff6172d0 Uncommon trap: reason=bimorphic_or_optimized_type_check action=maybe_recompile pc=0x0000024187b2a2f8 method=java.util.HashMap.putVal(ILjava/lang/Object;Ljava/lang/Object;ZZ)Ljava/lang/Object; @ 56 c2
Event: 1.024 Thread 0x00000241ff6172d0 DEOPT PACKING pc=0x0000024187b2a2f8 sp=0x000000858fdfdc90
Event: 1.024 Thread 0x00000241ff6172d0 DEOPT UNPACKING pc=0x00000241875846a2 sp=0x000000858fdfdbc0 mode 2
Event: 1.024 Thread 0x00000241ff6172d0 Uncommon trap: trap_request=0xffffffc6 fr.pc=0x0000024187b2a2f8 relative=0x0000000000000c18
Event: 1.024 Thread 0x00000241ff6172d0 Uncommon trap: reason=bimorphic_or_optimized_type_check action=maybe_recompile pc=0x0000024187b2a2f8 method=java.util.HashMap.putVal(ILjava/lang/Object;Ljava/lang/Object;ZZ)Ljava/lang/Object; @ 56 c2
Event: 1.024 Thread 0x00000241ff6172d0 DEOPT PACKING pc=0x0000024187b2a2f8 sp=0x000000858fdfdc90
Event: 1.024 Thread 0x00000241ff6172d0 DEOPT UNPACKING pc=0x00000241875846a2 sp=0x000000858fdfdbc0 mode 2
Event: 1.024 Thread 0x00000241ff6172d0 Uncommon trap: trap_request=0xffffffc6 fr.pc=0x0000024187b2a2f8 relative=0x0000000000000c18
Event: 1.024 Thread 0x00000241ff6172d0 Uncommon trap: reason=bimorphic_or_optimized_type_check action=maybe_recompile pc=0x0000024187b2a2f8 method=java.util.HashMap.putVal(ILjava/lang/Object;Ljava/lang/Object;ZZ)Ljava/lang/Object; @ 56 c2
Event: 1.024 Thread 0x00000241ff6172d0 DEOPT PACKING pc=0x0000024187b2a2f8 sp=0x000000858fdfdc90
Event: 1.024 Thread 0x00000241ff6172d0 DEOPT UNPACKING pc=0x00000241875846a2 sp=0x000000858fdfdbc0 mode 2
Event: 1.024 Thread 0x00000241ff6172d0 Uncommon trap: trap_request=0xffffffc6 fr.pc=0x0000024187b2a2f8 relative=0x0000000000000c18
Event: 1.024 Thread 0x00000241ff6172d0 Uncommon trap: reason=bimorphic_or_optimized_type_check action=maybe_recompile pc=0x0000024187b2a2f8 method=java.util.HashMap.putVal(ILjava/lang/Object;Ljava/lang/Object;ZZ)Ljava/lang/Object; @ 56 c2
Event: 1.024 Thread 0x00000241ff6172d0 DEOPT PACKING pc=0x0000024187b2a2f8 sp=0x000000858fdfdc90
Event: 1.024 Thread 0x00000241ff6172d0 DEOPT UNPACKING pc=0x00000241875846a2 sp=0x000000858fdfdbc0 mode 2

Classes loaded (20 events):
Event: 1.025 Loading class java/lang/ProcessEnvironment$CheckedEntrySet done
Event: 1.025 Loading class java/lang/ProcessEnvironment$CheckedEntrySet$1
Event: 1.025 Loading class jdk/internal/module/ModulePatcher$PatchedModuleReader
Event: 1.025 Loading class java/lang/ProcessEnvironment$CheckedEntrySet$1 done
Event: 1.025 Loading class java/lang/ProcessEnvironment$CheckedEntry
Event: 1.025 Loading class jdk/internal/module/ModulePatcher$PatchedModuleReader done
Event: 1.025 Loading class java/lang/ProcessEnvironment$CheckedEntry done
Event: 1.026 Loading class sun/util/cldr/CLDRTimeZoneNameProviderImpl
Event: 1.026 Loading class sun/util/locale/provider/TimeZoneNameProviderImpl
Event: 1.026 Loading class sun/util/locale/provider/TimeZoneNameProviderImpl done
Event: 1.026 Loading class sun/util/cldr/CLDRTimeZoneNameProviderImpl done
Event: 1.031 Loading class sun/util/locale/provider/BaseLocaleDataMetaInfo
Event: 1.031 Loading class sun/util/locale/provider/BaseLocaleDataMetaInfo done
Event: 1.034 Loading class sun/util/resources/cldr/TimeZoneNames
Event: 1.034 Loading class sun/util/resources/TimeZoneNamesBundle
Event: 1.034 Loading class sun/util/resources/OpenListResourceBundle
Event: 1.034 Loading class sun/util/resources/OpenListResourceBundle done
Event: 1.034 Loading class sun/util/resources/TimeZoneNamesBundle done
Event: 1.034 Loading class sun/util/resources/cldr/TimeZoneNames done
Event: 1.035 Loading class sun/util/resources/cldr/TimeZoneNames_en

Classes unloaded (0 events):
No events

Classes redefined (0 events):
No events

Internal exceptions (20 events):
Event: 0.355 Thread 0x00000241f1667790 Exception <a 'java/lang/NoSuchMethodError'{0x0000000088f57350}: 'void java.lang.invoke.DirectMethodHandle$Holder.invokeStatic(java.lang.Object, java.lang.Object, java.lang.Object)'> (0x0000000088f57350) 
thrown [s\open\src\hotspot\share\interpreter\linkResolver.cpp, line 773]
Event: 0.362 Thread 0x00000241f1667790 Exception <a 'java/lang/NoSuchMethodError'{0x0000000088f6e858}: 'java.lang.Object java.lang.invoke.Invokers$Holder.invokeExact_MT(java.lang.Object, java.lang.Object, java.lang.Object, java.lang.Object, java.lang.Object)'> (0x0000000088f6e858) 
thrown [s\open\src\hotspot\share\interpreter\linkResolver.cpp, line 773]
Event: 0.384 Thread 0x00000241feeb1140 Exception <a 'java/lang/NoSuchMethodError'{0x0000000088f9cfa8}: 'void java.lang.invoke.DirectMethodHandle$Holder.invokeStatic(java.lang.Object, java.lang.Object)'> (0x0000000088f9cfa8) 
thrown [s\open\src\hotspot\share\interpreter\linkResolver.cpp, line 773]
Event: 0.495 Thread 0x00000241f1667790 Exception <a 'java/lang/ClassNotFoundException'{0x0000000088d99720}: javax/smartcardio/CardPermission> (0x0000000088d99720) 
thrown [s\open\src\hotspot\share\classfile\systemDictionary.cpp, line 312]
Event: 0.500 Thread 0x00000241f1667790 Exception <a 'java/io/FileNotFoundException'{0x0000000088da7f10}> (0x0000000088da7f10) 
thrown [s\open\src\hotspot\share\prims\jni.cpp, line 520]
Event: 0.537 Thread 0x00000241f1667790 Exception <a 'java/lang/NoSuchMethodError'{0x0000000088c31e20}: 'java.lang.Object java.lang.invoke.DirectMethodHandle$Holder.invokeSpecial(java.lang.Object, java.lang.Object, java.lang.Object, long, java.lang.Object)'> (0x0000000088c31e20) 
thrown [s\open\src\hotspot\share\interpreter\linkResolver.cpp, line 773]
Event: 0.538 Thread 0x00000241f1667790 Exception <a 'java/lang/NoSuchMethodError'{0x0000000088c35770}: 'java.lang.Object java.lang.invoke.Invokers$Holder.linkToTargetMethod(java.lang.Object, long, java.lang.Object, java.lang.Object)'> (0x0000000088c35770) 
thrown [s\open\src\hotspot\share\interpreter\linkResolver.cpp, line 773]
Event: 0.643 Thread 0x00000241f1667790 Exception <a 'java/lang/NoSuchMethodError'{0x0000000088a31ea0}: 'void java.lang.invoke.DirectMethodHandle$Holder.invokeStatic(java.lang.Object, java.lang.Object, java.lang.Object, java.lang.Object)'> (0x0000000088a31ea0) 
thrown [s\open\src\hotspot\share\interpreter\linkResolver.cpp, line 773]
Event: 0.689 Thread 0x00000241f1667790 Exception <a 'java/lang/NoSuchMethodError'{0x000000008894ae98}: 'int java.lang.invoke.DirectMethodHandle$Holder.invokeStaticInit(java.lang.Object, java.lang.Object)'> (0x000000008894ae98) 
thrown [s\open\src\hotspot\share\interpreter\linkResolver.cpp, line 773]
Event: 0.704 Thread 0x00000241f1667790 Exception <a 'java/lang/NoSuchMethodError'{0x00000000889946e8}: 'void java.lang.invoke.DirectMethodHandle$Holder.invokeInterface(java.lang.Object, java.lang.Object, java.lang.Object, java.lang.Object)'> (0x00000000889946e8) 
thrown [s\open\src\hotspot\share\interpreter\linkResolver.cpp, line 773]
Event: 0.794 Thread 0x00000241f1667790 Exception <a 'java/lang/NoSuchMethodError'{0x00000000894ebf60}: 'java.lang.Object java.lang.invoke.DirectMethodHandle$Holder.invokeInterface(java.lang.Object, java.lang.Object)'> (0x00000000894ebf60) 
thrown [s\open\src\hotspot\share\interpreter\linkResolver.cpp, line 773]
Event: 0.805 Thread 0x00000241f1667790 Exception <a 'java/lang/NoSuchMethodError'{0x0000000089335fc0}: 'java.lang.Object java.lang.invoke.DirectMethodHandle$Holder.invokeSpecialIFC(java.lang.Object, java.lang.Object, java.lang.Object, java.lang.Object)'> (0x0000000089335fc0) 
thrown [s\open\src\hotspot\share\interpreter\linkResolver.cpp, line 773]
Event: 0.810 Thread 0x00000241f1667790 Exception <a 'java/lang/NoSuchMethodError'{0x0000000089356018}: 'java.lang.Object java.lang.invoke.DirectMethodHandle$Holder.invokeInterface(java.lang.Object, java.lang.Object, java.lang.Object)'> (0x0000000089356018) 
thrown [s\open\src\hotspot\share\interpreter\linkResolver.cpp, line 773]
Event: 0.845 Thread 0x00000241f1667790 Exception <a 'java/lang/NoSuchMethodError'{0x0000000089264ee0}: 'int java.lang.invoke.DirectMethodHandle$Holder.invokeSpecial(java.lang.Object, java.lang.Object, java.lang.Object)'> (0x0000000089264ee0) 
thrown [s\open\src\hotspot\share\interpreter\linkResolver.cpp, line 773]
Event: 0.919 Thread 0x00000241ff6172d0 Exception <a 'java/lang/NoSuchMethodError'{0x0000000088f5d020}: 'void java.lang.invoke.DirectMethodHandle$Holder.invokeSpecial(java.lang.Object, java.lang.Object, java.lang.Object)'> (0x0000000088f5d020) 
thrown [s\open\src\hotspot\share\interpreter\linkResolver.cpp, line 773]
Event: 0.947 Thread 0x00000241ff6172d0 Exception <a 'java/lang/NoSuchMethodError'{0x0000000088e38568}: 'int java.lang.invoke.DirectMethodHandle$Holder.invokeStaticInit(java.lang.Object, java.lang.Object, java.lang.Object)'> (0x0000000088e38568) 
thrown [s\open\src\hotspot\share\interpreter\linkResolver.cpp, line 773]
Event: 0.960 Thread 0x00000241ff6172d0 Exception <a 'java/lang/NoSuchMethodError'{0x0000000088e92ea8}: 'java.lang.Object java.lang.invoke.DirectMethodHandle$Holder.newInvokeSpecial(java.lang.Object, java.lang.Object, java.lang.Object, java.lang.Object, java.lang.Object)'> (0x0000000088e92ea8) 
thrown [s\open\src\hotspot\share\interpreter\linkResolver.cpp, line 773]
Event: 0.969 Thread 0x00000241ff6172d0 Exception <a 'java/lang/NoSuchMethodError'{0x0000000088edc640}: 'java.lang.Object java.lang.invoke.DirectMethodHandle$Holder.invokeStaticInit(java.lang.Object, java.lang.Object, java.lang.Object)'> (0x0000000088edc640) 
thrown [s\open\src\hotspot\share\interpreter\linkResolver.cpp, line 773]
Event: 0.995 Thread 0x00000241ff6172d0 Exception <a 'java/lang/IncompatibleClassChangeError'{0x0000000088d65890}: Found class java.lang.Object, but interface was expected> (0x0000000088d65890) 
thrown [s\open\src\hotspot\share\interpreter\linkResolver.cpp, line 840]
Event: 1.022 Thread 0x00000241ff6172d0 Exception <a 'sun/nio/fs/WindowsException'{0x0000000088de5858}> (0x0000000088de5858) 
thrown [s\open\src\hotspot\share\prims\jni.cpp, line 520]

ZGC Phase Switch (0 events):
No events

VM Operations (12 events):
Event: 0.165 Executing VM operation: HandshakeAllThreads (Deoptimize)
Event: 0.165 Executing VM operation: HandshakeAllThreads (Deoptimize) done
Event: 0.436 Executing VM operation: HandshakeAllThreads (Deoptimize)
Event: 0.436 Executing VM operation: HandshakeAllThreads (Deoptimize) done
Event: 0.718 Executing VM operation: G1CollectForAllocation (G1 Evacuation Pause)
Event: 0.723 Executing VM operation: G1CollectForAllocation (G1 Evacuation Pause) done
Event: 0.791 Executing VM operation: HandshakeAllThreads (Deoptimize)
Event: 0.791 Executing VM operation: HandshakeAllThreads (Deoptimize) done
Event: 0.791 Executing VM operation: HandshakeAllThreads (Deoptimize)
Event: 0.791 Executing VM operation: HandshakeAllThreads (Deoptimize) done
Event: 1.024 Executing VM operation: HandshakeAllThreads (Deoptimize)
Event: 1.024 Executing VM operation: HandshakeAllThreads (Deoptimize) done

Events (15 events):
Event: 0.039 Thread 0x00000241f1667790 Thread added: 0x00000241f1667790
Event: 0.061 Thread 0x00000241fe8e6480 Thread added: 0x00000241fe8e6480
Event: 0.061 Thread 0x00000241fe8e73a0 Thread added: 0x00000241fe8e73a0
Event: 0.062 Thread 0x00000241fe8eb7f0 Thread added: 0x00000241fe8eb7f0
Event: 0.062 Thread 0x00000241fe8ee260 Thread added: 0x00000241fe8ee260
Event: 0.062 Thread 0x00000241fe8ef0d0 Thread added: 0x00000241fe8ef0d0
Event: 0.062 Thread 0x00000241fe8efb30 Thread added: 0x00000241fe8efb30
Event: 0.062 Thread 0x00000241fe8f1800 Thread added: 0x00000241fe8f1800
Event: 0.062 Thread 0x00000241fe8fc710 Thread added: 0x00000241fe8fc710
Event: 0.154 Thread 0x00000241fe8ac420 Thread added: 0x00000241fe8ac420
Event: 0.231 Thread 0x00000241fecb37a0 Thread added: 0x00000241fecb37a0
Event: 0.369 Thread 0x00000241feeb1140 Thread added: 0x00000241feeb1140
Event: 0.369 Thread 0x00000241fef865c0 Thread added: 0x00000241fef865c0
Event: 0.912 Thread 0x00000241ff5a3710 Thread added: 0x00000241ff5a3710
Event: 0.916 Thread 0x00000241ff6172d0 Thread added: 0x00000241ff6172d0


Dynamic libraries:
0x00007ff685d30000 - 0x00007ff685d40000 	C:\Program Files\Java\jdk-21\bin\java.exe
0x00007ff8ac710000 - 0x00007ff8ac908000 	C:\WINDOWS\SYSTEM32\ntdll.dll
0x00007ff8aba80000 - 0x00007ff8abb3d000 	C:\WINDOWS\System32\KERNEL32.DLL
0x00007ff8aa250000 - 0x00007ff8aa546000 	C:\WINDOWS\System32\KERNELBASE.dll
0x00007ff8a9dc0000 - 0x00007ff8a9ec0000 	C:\WINDOWS\System32\ucrtbase.dll
0x00007ff8a3820000 - 0x00007ff8a383b000 	C:\Program Files\Java\jdk-21\bin\VCRUNTIME140.dll
0x00007ff8a4070000 - 0x00007ff8a4089000 	C:\Program Files\Java\jdk-21\bin\jli.dll
0x00007ff8abd10000 - 0x00007ff8abdc0000 	C:\WINDOWS\System32\ADVAPI32.dll
0x00007ff8ab370000 - 0x00007ff8ab40e000 	C:\WINDOWS\System32\msvcrt.dll
0x00007ff8aabd0000 - 0x00007ff8aac70000 	C:\WINDOWS\System32\sechost.dll
0x00007ff8ab680000 - 0x00007ff8ab7a5000 	C:\WINDOWS\System32\RPCRT4.dll
0x00007ff8aa080000 - 0x00007ff8aa0a7000 	C:\WINDOWS\System32\bcrypt.dll
0x00007ff8ab0f0000 - 0x00007ff8ab28e000 	C:\WINDOWS\System32\USER32.dll
0x00007ff8aa170000 - 0x00007ff8aa192000 	C:\WINDOWS\System32\win32u.dll
0x00007ff8ac530000 - 0x00007ff8ac55b000 	C:\WINDOWS\System32\GDI32.dll
0x00007ff8a9ec0000 - 0x00007ff8a9fd7000 	C:\WINDOWS\System32\gdi32full.dll
0x00007ff8a9fe0000 - 0x00007ff8aa07d000 	C:\WINDOWS\System32\msvcp_win.dll
0x00007ff89e750000 - 0x00007ff89e9ea000 	C:\WINDOWS\WinSxS\amd64_microsoft.windows.common-controls_6595b64144ccf1df_6.0.19041.3636_none_60b6a03d71f818d5\COMCTL32.dll
0x00007ff8a3680000 - 0x00007ff8a368a000 	C:\WINDOWS\SYSTEM32\VERSION.dll
0x00007ff8ab560000 - 0x00007ff8ab592000 	C:\WINDOWS\System32\IMM32.DLL
0x00007ff8a48a0000 - 0x00007ff8a48ac000 	C:\Program Files\Java\jdk-21\bin\vcruntime140_1.dll
0x00007ff897380000 - 0x00007ff89740e000 	C:\Program Files\Java\jdk-21\bin\msvcp140.dll
0x00007ff86acc0000 - 0x00007ff86b9d7000 	C:\Program Files\Java\jdk-21\bin\server\jvm.dll
0x00007ff8ab5a0000 - 0x00007ff8ab60b000 	C:\WINDOWS\System32\WS2_32.dll
0x00007ff8967e0000 - 0x00007ff896807000 	C:\WINDOWS\SYSTEM32\WINMM.dll
0x00007ff8a9310000 - 0x00007ff8a935b000 	C:\WINDOWS\SYSTEM32\POWRPROF.dll
0x00007ff8a91d0000 - 0x00007ff8a91e2000 	C:\WINDOWS\SYSTEM32\UMPDC.dll
0x00007ff8a7b90000 - 0x00007ff8a7ba2000 	C:\WINDOWS\SYSTEM32\kernel.appcore.dll
0x00007ff8a4290000 - 0x00007ff8a429a000 	C:\Program Files\Java\jdk-21\bin\jimage.dll
0x00007ff8a1ad0000 - 0x00007ff8a1cb4000 	C:\WINDOWS\SYSTEM32\DBGHELP.DLL
0x00007ff8a1840000 - 0x00007ff8a1874000 	C:\WINDOWS\SYSTEM32\dbgcore.DLL
0x00007ff8aa550000 - 0x00007ff8aa5d2000 	C:\WINDOWS\System32\bcryptPrimitives.dll
0x00007ff8a2700000 - 0x00007ff8a270f000 	C:\Program Files\Java\jdk-21\bin\instrument.dll
0x00007ff8a2c30000 - 0x00007ff8a2c4f000 	C:\Program Files\Java\jdk-21\bin\java.dll
0x00007ff8abdc0000 - 0x00007ff8ac52b000 	C:\WINDOWS\System32\SHELL32.dll
0x00007ff8a7e70000 - 0x00007ff8a860e000 	C:\WINDOWS\SYSTEM32\windows.storage.dll
0x00007ff8aace0000 - 0x00007ff8ab033000 	C:\WINDOWS\System32\combase.dll
0x00007ff8a97f0000 - 0x00007ff8a981e000 	C:\WINDOWS\SYSTEM32\Wldp.dll
0x00007ff8ab490000 - 0x00007ff8ab55d000 	C:\WINDOWS\System32\OLEAUT32.dll
0x00007ff8ab040000 - 0x00007ff8ab0ed000 	C:\WINDOWS\System32\SHCORE.dll
0x00007ff8ac610000 - 0x00007ff8ac665000 	C:\WINDOWS\System32\shlwapi.dll
0x00007ff8a9cf0000 - 0x00007ff8a9d15000 	C:\WINDOWS\SYSTEM32\profapi.dll
0x00007ff8972a0000 - 0x00007ff897377000 	C:\Program Files\Java\jdk-21\bin\jsvml.dll
0x00007ff8a0490000 - 0x00007ff8a04a8000 	C:\Program Files\Java\jdk-21\bin\zip.dll
0x00007ff8a4010000 - 0x00007ff8a4020000 	C:\Program Files\Java\jdk-21\bin\net.dll
0x00007ff8a2120000 - 0x00007ff8a222a000 	C:\WINDOWS\SYSTEM32\WINHTTP.dll
0x00007ff8a9550000 - 0x00007ff8a95ba000 	C:\WINDOWS\system32\mswsock.dll
0x00007ff8a0800000 - 0x00007ff8a0816000 	C:\Program Files\Java\jdk-21\bin\nio.dll
0x00007ff89fdf0000 - 0x00007ff89fe0a000 	C:\Program Files\JetBrains\IntelliJ IDEA Community Edition 2023.3.4\bin\breakgen64.dll
0x00007ff8a3810000 - 0x00007ff8a3819000 	C:\Program Files\Java\jdk-21\bin\extnet.dll
0x00007ff8a0480000 - 0x00007ff8a048a000 	C:\Program Files\Java\jdk-21\bin\management.dll
0x00007ff89f920000 - 0x00007ff89f92b000 	C:\Program Files\Java\jdk-21\bin\management_ext.dll
0x00007ff8aac70000 - 0x00007ff8aac78000 	C:\WINDOWS\System32\PSAPI.DLL

dbghelp: loaded successfully - version: 4.0.5 - missing functions: none
symbol engine: initialized successfully - sym options: 0x614 - pdb path: .;C:\Program Files\Java\jdk-21\bin;C:\WINDOWS\SYSTEM32;C:\WINDOWS\WinSxS\amd64_microsoft.windows.common-controls_6595b64144ccf1df_6.0.19041.3636_none_60b6a03d71f818d5;C:\Program Files\Java\jdk-21\bin\server;C:\Program Files\JetBrains\IntelliJ IDEA Community Edition 2023.3.4\bin

VM Arguments:
jvm_args: -javaagent:C:\Program Files\JetBrains\IntelliJ IDEA Community Edition 2023.3.4\lib\idea_rt.jar=60073:C:\Program Files\JetBrains\IntelliJ IDEA Community Edition 2023.3.4\bin -Dfile.encoding=UTF-8 -Dsun.stdout.encoding=UTF-8 -Dsun.stderr.encoding=UTF-8 
java_command: com.bookvault.BookvaultApplication
java_class_path (initial): D:\java_project\bookvault\target\classes;C:\Users\DELL\.m2\repository\org\springframework\boot\spring-boot-starter-data-jpa\3.2.4\spring-boot-starter-data-jpa-3.2.4.jar;C:\Users\DELL\.m2\repository\org\springframework\boot\spring-boot-starter-aop\3.2.4\spring-boot-starter-aop-3.2.4.jar;C:\Users\DELL\.m2\repository\org\springframework\spring-aop\6.1.5\spring-aop-6.1.5.jar;C:\Users\DELL\.m2\repository\org\aspectj\aspectjweaver\1.9.21\aspectjweaver-1.9.21.jar;C:\Users\DELL\.m2\repository\org\springframework\boot\spring-boot-starter-jdbc\3.2.4\spring-boot-starter-jdbc-3.2.4.jar;C:\Users\DELL\.m2\repository\com\zaxxer\HikariCP\5.0.1\HikariCP-5.0.1.jar;C:\Users\DELL\.m2\repository\org\springframework\spring-jdbc\6.1.5\spring-jdbc-6.1.5.jar;C:\Users\DELL\.m2\repository\org\hibernate\orm\hibernate-core\6.4.4.Final\hibernate-core-6.4.4.Final.jar;C:\Users\DELL\.m2\repository\jakarta\persistence\jakarta.persistence-api\3.1.0\jakarta.persistence-api-3.1.0.jar;C:\Users\DELL\.m2\repository\jakarta\transaction\jakarta.transaction-api\2.0.1\jakarta.transaction-api-2.0.1.jar;C:\Users\DELL\.m2\repository\org\jboss\logging\jboss-logging\3.5.3.Final\jboss-logging-3.5.3.Final.jar;C:\Users\DELL\.m2\repository\org\hibernate\common\hibernate-commons-annotations\6.0.6.Final\hibernate-commons-annotations-6.0.6.Final.jar;C:\Users\DELL\.m2\repository\io\smallrye\jandex\3.1.2\jandex-3.1.2.jar;C:\Users\DELL\.m2\repository\com\fasterxml\classmate\1.6.0\classmate-1.6.0.jar;C:\Users\DELL\.m2\repository\net\bytebuddy\byte-buddy\1.14.12\byte-buddy-1.14.12.jar;C:\Users\DELL\.m2\repository\org\glassfish\jaxb\jaxb-runtime\4.0.5\jaxb-runtime-4.0.5.jar;C:\Users\DELL\.m2\repository\org\glassfish\jaxb\jaxb-core\4.0.5\jaxb-core-4.0.5.jar;C:\Users\DELL\.m2\repository\org\eclipse\angus\angus-activation\2.0.2\angus-activation-2.0.2.jar;C:\Users\DELL\.m2\repository\org\glassfish\jaxb\txw2\4.0.5\txw2-4.0.5.jar;C:\Users\DELL\.m2\repository\com\sun\istack\istack-commons-runtime\4.1.2\istack-commons-runtime-4.1.2.jar;C:\Users\DELL\.m2\repository\jakarta\inject\jakarta.inject-api\2.0.1\jakarta.inject-api-2.0.1.jar;C:\Users\DELL\.m2\repository\org\antlr\antlr4-runtime\4.13.0\antlr4-runtime-4.13.0.jar;C:\Users\DELL\.m2\repository\org\springframework\data\spring-data-jpa\3.2.4\spring-data-jpa-3.2.4.jar;C:\Users\DELL\.m2\repository\org\springframework\data\spring-data-commons\3.2.4\spring-data-commons-3.2.4.jar;C:\Users\DELL\.m2\repository\org\springframework\spring-orm\6.1.5\spring-orm-6.1.5.jar;C:\Users\DELL\.m2\repository\org\springframework\spring-context\6.1.5\spring-context-6.1.5.jar;C:\Users\DELL\.m2\repository\org\springframework\spring-tx\6.1.5\spring-tx-6.1.5.jar;C:\Users\DELL\.m2\repository\org\springframework\spring-beans\6.1.5\spring-beans-6.1.5.jar;C:\Users\DELL\.m2\repository\jakarta\annotation\jakarta.annotation-api\2.1.1\jakarta.annotation-api-2.1.1.jar;C:\Users\DELL\.m2\repository\org\slf4j\slf4j-api\2.0.12\slf4j-api-2.0.12.jar;C:\Users\DELL\.m2\repository\org\springframework\spring-aspects\6.1.5\spring-aspects-6.1.5.jar;C:\Users\DELL\.m2\repository\org\springframework\boot\spring-boot-starter-thymeleaf\3.2.4\spring-boot-starter-thymeleaf-3.2.4.jar;C:\Users\DELL\.m2\repository\org\springframework\boot\spring-boot-starter\3.2.4\spring-boot-starter-3.2.4.jar;C:\Users\DELL\.m2\repository\org\springframework\boot\spring-boot-starter-logging\3.2.4\spring-boot-starter-logging-3.2.4.jar;C:\Users\DELL\.m2\repository\ch\qos\logback\logback-classic\1.4.14\logback-classic-1.4.14.jar;C:\Users\DELL\.m2\repository\ch\qos\logback\logback-core\1.4.14\logback-core-1.4.14.jar;C:\Users\DELL\.m2\repository\org\apache\logging\log4j\log4j-to-slf4j\2.21.1\log4j-to-slf4j-2.21.1.jar;C:\Users\DELL\.m2\repository\org\apache\logging\log4j\log4j-api\2.21.1\log4j-api-2.21.1.jar;C:\Users\DELL\.m2\repository\org\slf4j\jul-to-slf4j\2.0.12\jul-to-slf4j-2.0.12.jar;C:\Users\DELL\.m2\repository\org\yaml\snakeyaml\2.2\snakeyaml-2.2.jar;C:\Users\DELL\.m2\repository\org\thymeleaf\thymeleaf-spring6\3.1.2.RELEASE\thymeleaf-spring6-3.1.2.RELEASE.jar;C:\Users\DELL\.m2\repository\org\thymeleaf\thymeleaf\3.1.2.RELEASE\thymeleaf-3.1.2.RELEASE.jar;C:\Users\DELL\.m2\repository\org\attoparser\attoparser\2.0.7.RELEASE\attoparser-2.0.7.RELEASE.jar;C:\Users\DELL\.m2\repository\org\unbescape\unbescape\1.1.6.RELEASE\unbescape-1.1.6.RELEASE.jar;C:\Users\DELL\.m2\repository\org\springframework\boot\spring-boot-starter-web\3.2.4\spring-boot-starter-web-3.2.4.jar;C:\Users\DELL\.m2\repository\org\springframework\boot\spring-boot-starter-json\3.2.4\spring-boot-starter-json-3.2.4.jar;C:\Users\DELL\.m2\repository\com\fasterxml\jackson\core\jackson-databind\2.15.4\jackson-databind-2.15.4.jar;C:\Users\DELL\.m2\repository\com\fasterxml\jackson\core\jackson-annotations\2.15.4\jackson-annotations-2.15.4.jar;C:\Users\DELL\.m2\repository\com\fasterxml\jackson\core\jackson-core\2.15.4\jackson-core-2.15.4.jar;C:\Users\DELL\.m2\repository\com\fasterxml\jackson\datatype\jackson-datatype-jdk8\2.15.4\jackson-datatype-jdk8-2.15.4.jar;C:\Users\DELL\.m2\repository\com\fasterxml\jackson\datatype\jackson-datatype-jsr310\2.15.4\jackson-datatype-jsr310-2.15.4.jar;C:\Users\DELL\.m2\repository\com\fasterxml\jackson\module\jackson-module-parameter-names\2.15.4\jackson-module-parameter-names-2.15.4.jar;C:\Users\DELL\.m2\repository\org\springframework\boot\spring-boot-starter-tomcat\3.2.4\spring-boot-starter-tomcat-3.2.4.jar;C:\Users\DELL\.m2\repository\org\apache\tomcat\embed\tomcat-embed-core\10.1.19\tomcat-embed-core-10.1.19.jar;C:\Users\DELL\.m2\repository\org\apache\tomcat\embed\tomcat-embed-el\10.1.19\tomcat-embed-el-10.1.19.jar;C:\Users\DELL\.m2\repository\org\apache\tomcat\embed\tomcat-embed-websocket\10.1.19\tomcat-embed-websocket-10.1.19.jar;C:\Users\DELL\.m2\repository\org\springframework\spring-web\6.1.5\spring-web-6.1.5.jar;C:\Users\DELL\.m2\repository\io\micrometer\micrometer-observation\1.12.4\micrometer-observation-1.12.4.jar;C:\Users\DELL\.m2\repository\io\micrometer\micrometer-commons\1.12.4\micrometer-commons-1.12.4.jar;C:\Users\DELL\.m2\repository\org\springframework\spring-webmvc\6.1.5\spring-webmvc-6.1.5.jar;C:\Users\DELL\.m2\repository\org\springframework\spring-expression\6.1.5\spring-expression-6.1.5.jar;C:\Users\DELL\.m2\repository\org\springframework\boot\spring-boot-devtools\3.2.4\spring-boot-devtools-3.2.4.jar;C:\Users\DELL\.m2\repository\org\springframework\boot\spring-boot\3.2.4\spring-boot-3.2.4.jar;C:\Users\DELL\.m2\repository\org\springframework\boot\spring-boot-autoconfigure\3.2.4\spring-boot-autoconfigure-3.2.4.jar;C:\Users\DELL\.m2\repository\com\mysql\mysql-connector-j\8.3.0\mysql-connector-j-8.3.0.jar;C:\Users\DELL\.m2\repository\jakarta\xml\bind\jakarta.xml.bind-api\4.0.2\jakarta.xml.bind-api-4.0.2.jar;C:\Users\DELL\.m2\repository\jakarta\activation\jakarta.activation-api\2.1.3\jakarta.activation-api-2.1.3.jar;C:\Users\DELL\.m2\repository\org\springframework\spring-core\6.1.5\spring-core-6.1.5.jar;C:\Users\DELL\.m2\repository\org\springframework\spring-jcl\6.1.5\spring-jcl-6.1.5.jar
Launcher Type: SUN_STANDARD

[Global flags]
     intx CICompilerCount                          = 3                                         {product} {ergonomic}
     uint ConcGCThreads                            = 1                                         {product} {ergonomic}
     uint G1ConcRefinementThreads                  = 4                                         {product} {ergonomic}
   size_t G1HeapRegionSize                         = 1048576                                   {product} {ergonomic}
    uintx GCDrainStackTargetSize                   = 64                                        {product} {ergonomic}
   size_t InitialHeapSize                          = 134217728                                 {product} {ergonomic}
   size_t MarkStackSize                            = 4194304                                   {product} {ergonomic}
   size_t MaxHeapSize                              = 2124414976                                {product} {ergonomic}
   size_t MaxNewSize                               = 1274019840                                {product} {ergonomic}
   size_t MinHeapDeltaBytes                        = 1048576                                   {product} {ergonomic}
   size_t MinHeapSize                              = 8388608                                   {product} {ergonomic}
    uintx NonNMethodCodeHeapSize                   = 5832780                                {pd product} {ergonomic}
    uintx NonProfiledCodeHeapSize                  = 122912730                              {pd product} {ergonomic}
    uintx ProfiledCodeHeapSize                     = 122912730                              {pd product} {ergonomic}
    uintx ReservedCodeCacheSize                    = 251658240                              {pd product} {ergonomic}
     bool SegmentedCodeCache                       = true                                      {product} {ergonomic}
   size_t SoftMaxHeapSize                          = 2124414976                             {manageable} {ergonomic}
     bool UseCompressedOops                        = true                           {product lp64_product} {ergonomic}
     bool UseG1GC                                  = true                                      {product} {ergonomic}
     bool UseLargePagesIndividualAllocation        = false                                  {pd product} {ergonomic}

Logging:
Log output configuration:
 #0: stdout all=warning uptime,level,tags foldmultilines=false
 #1: stderr all=off uptime,level,tags foldmultilines=false

Environment Variables:
PATH=C:\Program Files\Common Files\Oracle\Java\javapath;C:\WINDOWS\system32;C:\WINDOWS;C:\WINDOWS\System32\Wbem;C:\WINDOWS\System32\WindowsPowerShell\v1.0\;C:\WINDOWS\System32\OpenSSH\;C:\xampp\php;C:\ProgramData\ComposerSetup\bin;C:\Program Files\nodejs;C:\Users\DELL\AppData\Local\Programs\Python\Python311\Scripts;C:\Users\DELL\AppData\Local\Programs\Python\Python311;C:\Program Files\Java\jdk-21\bin;C:\Users\DELL\AppData\Local\Microsoft\WindowsApps;C:\Users\DELL\AppData\Local\Programs\Microsoft VS Code\bin;C:\Users\DELL\AppData\Roaming\Composer\vendor\bin;C:\Program Files\nodejs;;C:\Program Files\JetBrains\IntelliJ IDEA 2023.3.4\bin;;C:\Program Files\JetBrains\IntelliJ IDEA Community Edition 2023.3.4\bin;
USERNAME=DELL
OS=Windows_NT
PROCESSOR_IDENTIFIER=Intel64 Family 6 Model 61 Stepping 4, GenuineIntel
TMP=C:\Users\DELL\AppData\Local\Temp
TEMP=C:\Users\DELL\AppData\Local\Temp




Periodic native trim disabled

---------------  S Y S T E M  ---------------

OS:
 Windows 10 , 64 bit Build 19041 (10.0.19041.3636)
OS uptime: 7 days 9:58 hours

CPU: total 4 (initial active 4) (2 cores per cpu, 2 threads per core) family 6 model 61 stepping 4 microcode 0x2d, cx8, cmov, fxsr, ht, mmx, 3dnowpref, sse, sse2, sse3, ssse3, sse4.1, sse4.2, popcnt, lzcnt, tsc, tscinvbit, avx, avx2, aes, erms, clmul, bmi1, bmi2, adx, fma, vzeroupper, clflush, rdtscp, f16c
Processor Information for all 4 processors :
  Max Mhz: 2401, Current Mhz: 2401, Mhz Limit: 2401

Memory: 4k page, system-wide physical 8102M (1085M free)
TotalPageFile size 10150M (AvailPageFile size 2M)
current process WorkingSet (physical memory assigned to process): 74M, peak: 74M
current process commit charge ("private bytes"): 218M, peak: 218M

vm_info: Java HotSpot(TM) 64-Bit Server VM (21.0.2+13-LTS-58) for windows-amd64 JRE (21.0.2+13-LTS-58), built on 2024-01-05T18:32:24Z by "mach5one" with MS VC++ 17.1 (VS2022)

END.
