#
# There is insufficient memory for the Java Runtime Environment to continue.
# Native memory allocation (malloc) failed to allocate 324016 bytes for Chunk::new
# Possible reasons:
#   The system is out of physical RAM or swap space
#   The process is running with CompressedOops enabled, and the Java Heap may be blocking the growth of the native heap
# Possible solutions:
#   Reduce memory load on the system
#   Increase physical memory or swap space
#   Check if swap backing store is full
#   Decrease Java heap size (-Xmx/-Xms)
#   Decrease number of Java threads
#   Decrease Java thread stack sizes (-Xss)
#   Set larger code cache with -XX:ReservedCodeCacheSize=
#   JVM is running with Unscaled Compressed Oops mode in which the Java heap is
#     placed in the first 4GB address space. The Java Heap base address is the
#     maximum limit for the native heap growth. Please use -XX:HeapBaseMinAddress
#     to set the Java Heap base and to place the Java Heap above 4GB virtual address.
# This output file may be truncated or incomplete.
#
#  Out of Memory Error (arena.cpp:168), pid=16268, tid=11360
#
# JRE version: Java(TM) SE Runtime Environment (21.0.2+13) (build 21.0.2+13-LTS-58)
# Java VM: Java HotSpot(TM) 64-Bit Server VM (21.0.2+13-LTS-58, mixed mode, sharing, tiered, compressed oops, compressed class ptrs, g1 gc, windows-amd64)
# No core dump will be written. Minidumps are not enabled by default on client versions of Windows
#

---------------  S U M M A R Y ------------

Command Line: -javaagent:C:\Program Files\JetBrains\IntelliJ IDEA Community Edition 2023.3.4\lib\idea_rt.jar=60079:C:\Program Files\JetBrains\IntelliJ IDEA Community Edition 2023.3.4\bin -Dfile.encoding=UTF-8 -Dsun.stdout.encoding=UTF-8 -Dsun.stderr.encoding=UTF-8 com.bookvault.BookvaultApplication

Host: Intel(R) Core(TM) i7-5500U CPU @ 2.40GHz, 4 cores, 7G,  Windows 10 , 64 bit Build 19041 (10.0.19041.3636)
Time: Thu Mar 21 23:14:21 2024 Nepal Standard Time elapsed time: 1.640671 seconds (0d 0h 0m 1s)

---------------  T H R E A D  ---------------

Current thread (0x000001e2fe555640):  JavaThread "C2 CompilerThread0" daemon [_thread_in_native, id=11360, stack(0x00000027e4100000,0x00000027e4200000) (1024K)]


Current CompileTask:
C2:   1640 1763 % !   4       java.util.concurrent.ConcurrentHashMap::transfer @ 96 (849 bytes)

Stack: [0x00000027e4100000,0x00000027e4200000]
Native frames: (J=compiled Java code, j=interpreted, Vv=VM code, C=native code)
V  [jvm.dll+0x6cade9]
V  [jvm.dll+0x8569c1]
V  [jvm.dll+0x858d2e]
V  [jvm.dll+0x859413]
V  [jvm.dll+0x280e56]
V  [jvm.dll+0xc3f3d]
V  [jvm.dll+0xc4473]
V  [jvm.dll+0x3b5bf2]
V  [jvm.dll+0x382855]
V  [jvm.dll+0x381cca]
V  [jvm.dll+0x249bd0]
V  [jvm.dll+0x2491b1]
V  [jvm.dll+0x1c9634]
V  [jvm.dll+0x258859]
V  [jvm.dll+0x256e3a]
V  [jvm.dll+0x3ef6c6]
V  [jvm.dll+0x7ff568]
V  [jvm.dll+0x6c953d]
C  [ucrtbase.dll+0x21bb2]
C  [KERNEL32.DLL+0x17344]
C  [ntdll.dll+0x526b1]


---------------  P R O C E S S  ---------------

Threads class SMR info:
_java_thread_list=0x000001e2fedc6ab0, length=16, elements={
0x000001e2f12d7990, 0x000001e2fe544ed0, 0x000001e2fe545df0, 0x000001e2fe549d90,
0x000001e2fe54c800, 0x000001e2fe54da00, 0x000001e2fe550c10, 0x000001e2fe555640,
0x000001e2fe55a8e0, 0x000001e2fe50ae80, 0x000001e2fe900bd0, 0x000001e2fe9fb900,
0x000001e2fe9fbf70, 0x000001e2ff23c320, 0x000001e2ff23ce10, 0x000001e2d6352450
}

Java Threads: ( => current thread )
  0x000001e2f12d7990 JavaThread "main"                              [_thread_blocked, id=13784, stack(0x00000027e3300000,0x00000027e3400000) (1024K)]
  0x000001e2fe544ed0 JavaThread "Reference Handler"          daemon [_thread_blocked, id=6060, stack(0x00000027e3b00000,0x00000027e3c00000) (1024K)]
  0x000001e2fe545df0 JavaThread "Finalizer"                  daemon [_thread_blocked, id=17344, stack(0x00000027e3c00000,0x00000027e3d00000) (1024K)]
  0x000001e2fe549d90 JavaThread "Signal Dispatcher"          daemon [_thread_blocked, id=14172, stack(0x00000027e3d00000,0x00000027e3e00000) (1024K)]
  0x000001e2fe54c800 JavaThread "Attach Listener"            daemon [_thread_blocked, id=14656, stack(0x00000027e3e00000,0x00000027e3f00000) (1024K)]
  0x000001e2fe54da00 JavaThread "Service Thread"             daemon [_thread_blocked, id=12396, stack(0x00000027e3f00000,0x00000027e4000000) (1024K)]
  0x000001e2fe550c10 JavaThread "Monitor Deflation Thread"   daemon [_thread_blocked, id=15452, stack(0x00000027e4000000,0x00000027e4100000) (1024K)]
=>0x000001e2fe555640 JavaThread "C2 CompilerThread0"         daemon [_thread_in_native, id=11360, stack(0x00000027e4100000,0x00000027e4200000) (1024K)]
  0x000001e2fe55a8e0 JavaThread "C1 CompilerThread0"         daemon [_thread_in_vm, id=10136, stack(0x00000027e4200000,0x00000027e4300000) (1024K)]
  0x000001e2fe50ae80 JavaThread "Common-Cleaner"             daemon [_thread_blocked, id=5472, stack(0x00000027e4300000,0x00000027e4400000) (1024K)]
  0x000001e2fe900bd0 JavaThread "C2 CompilerThread1"         daemon [_thread_blocked, id=4656, stack(0x00000027e4400000,0x00000027e4500000) (1024K)]
  0x000001e2fe9fb900 JavaThread "Monitor Ctrl-Break"         daemon [_thread_in_native, id=12368, stack(0x00000027e4500000,0x00000027e4600000) (1024K)]
  0x000001e2fe9fbf70 JavaThread "Notification Thread"        daemon [_thread_blocked, id=240, stack(0x00000027e4600000,0x00000027e4700000) (1024K)]
  0x000001e2ff23c320 JavaThread "Thread-0"                          [_thread_blocked, id=15928, stack(0x00000027e4a00000,0x00000027e4b00000) (1024K)]
  0x000001e2ff23ce10 JavaThread "restartedMain"                     [_thread_in_vm, id=10036, stack(0x00000027e4b00000,0x00000027e4c00000) (1024K)]
  0x000001e2d6352450 JavaThread "background-preinit"                [_thread_in_vm, id=16728, stack(0x00000027e4c00000,0x00000027e4d00000) (1024K)]
Total: 16

Other Threads:
  0x000001e2fe521d30 VMThread "VM Thread"                           [id=15836, stack(0x00000027e3a00000,0x00000027e3b00000) (1024K)]
  0x000001e2fe50a2a0 WatcherThread "VM Periodic Task Thread"        [id=5824, stack(0x00000027e3900000,0x00000027e3a00000) (1024K)]
  0x000001e2f34b92f0 WorkerThread "GC Thread#0"                     [id=6240, stack(0x00000027e3400000,0x00000027e3500000) (1024K)]
  0x000001e2ff07dc70 WorkerThread "GC Thread#1"                     [id=14524, stack(0x00000027e4700000,0x00000027e4800000) (1024K)]
  0x000001e2ff1de610 WorkerThread "GC Thread#2"                     [id=6076, stack(0x00000027e4800000,0x00000027e4900000) (1024K)]
  0x000001e2fed4e0d0 WorkerThread "GC Thread#3"                     [id=3688, stack(0x00000027e4900000,0x00000027e4a00000) (1024K)]
  0x000001e2f34ca010 ConcurrentGCThread "G1 Main Marker"            [id=15584, stack(0x00000027e3500000,0x00000027e3600000) (1024K)]
  0x000001e2f34cab10 WorkerThread "G1 Conc#0"                       [id=10624, stack(0x00000027e3600000,0x00000027e3700000) (1024K)]
  0x000001e2fe3d20b0 ConcurrentGCThread "G1 Refine#0"               [id=1568, stack(0x00000027e3700000,0x00000027e3800000) (1024K)]
  0x000001e2f352ade0 ConcurrentGCThread "G1 Service"                [id=10384, stack(0x00000027e3800000,0x00000027e3900000) (1024K)]
Total: 10

Threads with active compile tasks:
C2 CompilerThread0     1669 1763 % !   4       java.util.concurrent.ConcurrentHashMap::transfer @ 96 (849 bytes)
C1 CompilerThread0     1669 1815       3       java.util.stream.Nodes$FixedNodeBuilder::accept (61 bytes)
Total: 2

VM state: not at safepoint (normal execution)

VM Mutex/Monitor currently owned by a thread:  ([mutex/lock_event])
[0x00007ff86b8face8] Metaspace_lock - owner thread: 0x000001e2ff23ce10

Heap address: 0x0000000081600000, size: 2026 MB, Compressed Oops mode: 32-bit

CDS archive(s) mapped at: [0x000001e291000000-0x000001e291c90000-0x000001e291c90000), size 13172736, SharedBaseAddress: 0x000001e291000000, ArchiveRelocationMode: 1.
Compressed class space mapped at: 0x000001e292000000-0x000001e2d2000000, reserved size: 1073741824
Narrow klass base: 0x000001e291000000, Narrow klass shift: 0, Narrow klass range: 0x100000000

GC Precious Log:
 CardTable entry size: 512
 Card Set container configuration: InlinePtr #cards 5 size 8 Array Of Cards #cards 12 size 40 Howl #buckets 4 coarsen threshold 1843 Howl Bitmap #cards 512 size 80 coarsen threshold 460 Card regions per heap region 1 cards per card region 2048
 CPUs: 4 total, 4 available
 Memory: 8102M
 Large Page Support: Disabled
 NUMA Support: Disabled
 Compressed Oops: Enabled (32-bit)
 Heap Region Size: 1M
 Heap Min Capacity: 8M
 Heap Initial Capacity: 128M
 Heap Max Capacity: 2026M
 Pre-touch: Disabled
 Parallel Workers: 4
 Concurrent Workers: 1
 Concurrent Refinement Workers: 4
 Periodic GC: Disabled

Heap:
 garbage-first heap   total 131072K, used 23914K [0x0000000081600000, 0x0000000100000000)
  region size 1024K, 20 young (20480K), 2 survivors (2048K)
 Metaspace       used 12145K, committed 12352K, reserved 1114112K
  class space    used 1423K, committed 1536K, reserved 1048576K

Heap Regions: E=young(eden), S=young(survivor), O=old, HS=humongous(starts), HC=humongous(continues), CS=collection set, F=free, TAMS=top-at-mark-start, PB=parsable bottom
|   0|0x0000000081600000, 0x0000000081700000, 0x0000000081700000|100%|HS|  |TAMS 0x0000000081600000| PB 0x0000000081600000| Complete 
|   1|0x0000000081700000, 0x0000000081800000, 0x0000000081800000|100%| O|  |TAMS 0x0000000081700000| PB 0x0000000081700000| Untracked 
|   2|0x0000000081800000, 0x0000000081900000, 0x0000000081900000|100%| O|  |TAMS 0x0000000081800000| PB 0x0000000081800000| Untracked 
|   3|0x0000000081900000, 0x0000000081a00000, 0x0000000081a00000|100%| O|  |TAMS 0x0000000081900000| PB 0x0000000081900000| Untracked 
|   4|0x0000000081a00000, 0x0000000081b00000, 0x0000000081b00000|100%| O|  |TAMS 0x0000000081a00000| PB 0x0000000081a00000| Untracked 
|   5|0x0000000081b00000, 0x0000000081c00000, 0x0000000081c00000|100%| O|  |TAMS 0x0000000081b00000| PB 0x0000000081b00000| Untracked 
|   6|0x0000000081c00000, 0x0000000081c0f6e0, 0x0000000081d00000|  6%| O|  |TAMS 0x0000000081c00000| PB 0x0000000081c00000| Untracked 
|   7|0x0000000081d00000, 0x0000000081d00000, 0x0000000081e00000|  0%| F|  |TAMS 0x0000000081d00000| PB 0x0000000081d00000| Untracked 
|   8|0x0000000081e00000, 0x0000000081e00000, 0x0000000081f00000|  0%| F|  |TAMS 0x0000000081e00000| PB 0x0000000081e00000| Untracked 
|   9|0x0000000081f00000, 0x0000000081f00000, 0x0000000082000000|  0%| F|  |TAMS 0x0000000081f00000| PB 0x0000000081f00000| Untracked 
|  10|0x0000000082000000, 0x0000000082000000, 0x0000000082100000|  0%| F|  |TAMS 0x0000000082000000| PB 0x0000000082000000| Untracked 
|  11|0x0000000082100000, 0x0000000082100000, 0x0000000082200000|  0%| F|  |TAMS 0x0000000082100000| PB 0x0000000082100000| Untracked 
|  12|0x0000000082200000, 0x0000000082200000, 0x0000000082300000|  0%| F|  |TAMS 0x0000000082200000| PB 0x0000000082200000| Untracked 
|  13|0x0000000082300000, 0x0000000082300000, 0x0000000082400000|  0%| F|  |TAMS 0x0000000082300000| PB 0x0000000082300000| Untracked 
|  14|0x0000000082400000, 0x0000000082400000, 0x0000000082500000|  0%| F|  |TAMS 0x0000000082400000| PB 0x0000000082400000| Untracked 
|  15|0x0000000082500000, 0x0000000082500000, 0x0000000082600000|  0%| F|  |TAMS 0x0000000082500000| PB 0x0000000082500000| Untracked 
|  16|0x0000000082600000, 0x0000000082600000, 0x0000000082700000|  0%| F|  |TAMS 0x0000000082600000| PB 0x0000000082600000| Untracked 
|  17|0x0000000082700000, 0x0000000082700000, 0x0000000082800000|  0%| F|  |TAMS 0x0000000082700000| PB 0x0000000082700000| Untracked 
|  18|0x0000000082800000, 0x0000000082800000, 0x0000000082900000|  0%| F|  |TAMS 0x0000000082800000| PB 0x0000000082800000| Untracked 
|  19|0x0000000082900000, 0x0000000082900000, 0x0000000082a00000|  0%| F|  |TAMS 0x0000000082900000| PB 0x0000000082900000| Untracked 
|  20|0x0000000082a00000, 0x0000000082a00000, 0x0000000082b00000|  0%| F|  |TAMS 0x0000000082a00000| PB 0x0000000082a00000| Untracked 
|  21|0x0000000082b00000, 0x0000000082b00000, 0x0000000082c00000|  0%| F|  |TAMS 0x0000000082b00000| PB 0x0000000082b00000| Untracked 
|  22|0x0000000082c00000, 0x0000000082c00000, 0x0000000082d00000|  0%| F|  |TAMS 0x0000000082c00000| PB 0x0000000082c00000| Untracked 
|  23|0x0000000082d00000, 0x0000000082d00000, 0x0000000082e00000|  0%| F|  |TAMS 0x0000000082d00000| PB 0x0000000082d00000| Untracked 
|  24|0x0000000082e00000, 0x0000000082e00000, 0x0000000082f00000|  0%| F|  |TAMS 0x0000000082e00000| PB 0x0000000082e00000| Untracked 
|  25|0x0000000082f00000, 0x0000000082f00000, 0x0000000083000000|  0%| F|  |TAMS 0x0000000082f00000| PB 0x0000000082f00000| Untracked 
|  26|0x0000000083000000, 0x0000000083000000, 0x0000000083100000|  0%| F|  |TAMS 0x0000000083000000| PB 0x0000000083000000| Untracked 
|  27|0x0000000083100000, 0x0000000083100000, 0x0000000083200000|  0%| F|  |TAMS 0x0000000083100000| PB 0x0000000083100000| Untracked 
|  28|0x0000000083200000, 0x0000000083200000, 0x0000000083300000|  0%| F|  |TAMS 0x0000000083200000| PB 0x0000000083200000| Untracked 
|  29|0x0000000083300000, 0x0000000083300000, 0x0000000083400000|  0%| F|  |TAMS 0x0000000083300000| PB 0x0000000083300000| Untracked 
|  30|0x0000000083400000, 0x0000000083400000, 0x0000000083500000|  0%| F|  |TAMS 0x0000000083400000| PB 0x0000000083400000| Untracked 
|  31|0x0000000083500000, 0x0000000083500000, 0x0000000083600000|  0%| F|  |TAMS 0x0000000083500000| PB 0x0000000083500000| Untracked 
|  32|0x0000000083600000, 0x0000000083600000, 0x0000000083700000|  0%| F|  |TAMS 0x0000000083600000| PB 0x0000000083600000| Untracked 
|  33|0x0000000083700000, 0x0000000083700000, 0x0000000083800000|  0%| F|  |TAMS 0x0000000083700000| PB 0x0000000083700000| Untracked 
|  34|0x0000000083800000, 0x0000000083800000, 0x0000000083900000|  0%| F|  |TAMS 0x0000000083800000| PB 0x0000000083800000| Untracked 
|  35|0x0000000083900000, 0x0000000083900000, 0x0000000083a00000|  0%| F|  |TAMS 0x0000000083900000| PB 0x0000000083900000| Untracked 
|  36|0x0000000083a00000, 0x0000000083a00000, 0x0000000083b00000|  0%| F|  |TAMS 0x0000000083a00000| PB 0x0000000083a00000| Untracked 
|  37|0x0000000083b00000, 0x0000000083b00000, 0x0000000083c00000|  0%| F|  |TAMS 0x0000000083b00000| PB 0x0000000083b00000| Untracked 
|  38|0x0000000083c00000, 0x0000000083c00000, 0x0000000083d00000|  0%| F|  |TAMS 0x0000000083c00000| PB 0x0000000083c00000| Untracked 
|  39|0x0000000083d00000, 0x0000000083d00000, 0x0000000083e00000|  0%| F|  |TAMS 0x0000000083d00000| PB 0x0000000083d00000| Untracked 
|  40|0x0000000083e00000, 0x0000000083e00000, 0x0000000083f00000|  0%| F|  |TAMS 0x0000000083e00000| PB 0x0000000083e00000| Untracked 
|  41|0x0000000083f00000, 0x0000000083f00000, 0x0000000084000000|  0%| F|  |TAMS 0x0000000083f00000| PB 0x0000000083f00000| Untracked 
|  42|0x0000000084000000, 0x0000000084000000, 0x0000000084100000|  0%| F|  |TAMS 0x0000000084000000| PB 0x0000000084000000| Untracked 
|  43|0x0000000084100000, 0x0000000084100000, 0x0000000084200000|  0%| F|  |TAMS 0x0000000084100000| PB 0x0000000084100000| Untracked 
|  44|0x0000000084200000, 0x0000000084200000, 0x0000000084300000|  0%| F|  |TAMS 0x0000000084200000| PB 0x0000000084200000| Untracked 
|  45|0x0000000084300000, 0x0000000084300000, 0x0000000084400000|  0%| F|  |TAMS 0x0000000084300000| PB 0x0000000084300000| Untracked 
|  46|0x0000000084400000, 0x0000000084400000, 0x0000000084500000|  0%| F|  |TAMS 0x0000000084400000| PB 0x0000000084400000| Untracked 
|  47|0x0000000084500000, 0x0000000084500000, 0x0000000084600000|  0%| F|  |TAMS 0x0000000084500000| PB 0x0000000084500000| Untracked 
|  48|0x0000000084600000, 0x0000000084600000, 0x0000000084700000|  0%| F|  |TAMS 0x0000000084600000| PB 0x0000000084600000| Untracked 
|  49|0x0000000084700000, 0x0000000084700000, 0x0000000084800000|  0%| F|  |TAMS 0x0000000084700000| PB 0x0000000084700000| Untracked 
|  50|0x0000000084800000, 0x0000000084800000, 0x0000000084900000|  0%| F|  |TAMS 0x0000000084800000| PB 0x0000000084800000| Untracked 
|  51|0x0000000084900000, 0x0000000084900000, 0x0000000084a00000|  0%| F|  |TAMS 0x0000000084900000| PB 0x0000000084900000| Untracked 
|  52|0x0000000084a00000, 0x0000000084a00000, 0x0000000084b00000|  0%| F|  |TAMS 0x0000000084a00000| PB 0x0000000084a00000| Untracked 
|  53|0x0000000084b00000, 0x0000000084b00000, 0x0000000084c00000|  0%| F|  |TAMS 0x0000000084b00000| PB 0x0000000084b00000| Untracked 
|  54|0x0000000084c00000, 0x0000000084c00000, 0x0000000084d00000|  0%| F|  |TAMS 0x0000000084c00000| PB 0x0000000084c00000| Untracked 
|  55|0x0000000084d00000, 0x0000000084d00000, 0x0000000084e00000|  0%| F|  |TAMS 0x0000000084d00000| PB 0x0000000084d00000| Untracked 
|  56|0x0000000084e00000, 0x0000000084e00000, 0x0000000084f00000|  0%| F|  |TAMS 0x0000000084e00000| PB 0x0000000084e00000| Untracked 
|  57|0x0000000084f00000, 0x0000000084f00000, 0x0000000085000000|  0%| F|  |TAMS 0x0000000084f00000| PB 0x0000000084f00000| Untracked 
|  58|0x0000000085000000, 0x0000000085000000, 0x0000000085100000|  0%| F|  |TAMS 0x0000000085000000| PB 0x0000000085000000| Untracked 
|  59|0x0000000085100000, 0x0000000085100000, 0x0000000085200000|  0%| F|  |TAMS 0x0000000085100000| PB 0x0000000085100000| Untracked 
|  60|0x0000000085200000, 0x0000000085200000, 0x0000000085300000|  0%| F|  |TAMS 0x0000000085200000| PB 0x0000000085200000| Untracked 
|  61|0x0000000085300000, 0x0000000085300000, 0x0000000085400000|  0%| F|  |TAMS 0x0000000085300000| PB 0x0000000085300000| Untracked 
|  62|0x0000000085400000, 0x0000000085400000, 0x0000000085500000|  0%| F|  |TAMS 0x0000000085400000| PB 0x0000000085400000| Untracked 
|  63|0x0000000085500000, 0x0000000085500000, 0x0000000085600000|  0%| F|  |TAMS 0x0000000085500000| PB 0x0000000085500000| Untracked 
|  64|0x0000000085600000, 0x0000000085600000, 0x0000000085700000|  0%| F|  |TAMS 0x0000000085600000| PB 0x0000000085600000| Untracked 
|  65|0x0000000085700000, 0x0000000085700000, 0x0000000085800000|  0%| F|  |TAMS 0x0000000085700000| PB 0x0000000085700000| Untracked 
|  66|0x0000000085800000, 0x0000000085800000, 0x0000000085900000|  0%| F|  |TAMS 0x0000000085800000| PB 0x0000000085800000| Untracked 
|  67|0x0000000085900000, 0x0000000085900000, 0x0000000085a00000|  0%| F|  |TAMS 0x0000000085900000| PB 0x0000000085900000| Untracked 
|  68|0x0000000085a00000, 0x0000000085a00000, 0x0000000085b00000|  0%| F|  |TAMS 0x0000000085a00000| PB 0x0000000085a00000| Untracked 
|  69|0x0000000085b00000, 0x0000000085b00000, 0x0000000085c00000|  0%| F|  |TAMS 0x0000000085b00000| PB 0x0000000085b00000| Untracked 
|  70|0x0000000085c00000, 0x0000000085c00000, 0x0000000085d00000|  0%| F|  |TAMS 0x0000000085c00000| PB 0x0000000085c00000| Untracked 
|  71|0x0000000085d00000, 0x0000000085d00000, 0x0000000085e00000|  0%| F|  |TAMS 0x0000000085d00000| PB 0x0000000085d00000| Untracked 
|  72|0x0000000085e00000, 0x0000000085e00000, 0x0000000085f00000|  0%| F|  |TAMS 0x0000000085e00000| PB 0x0000000085e00000| Untracked 
|  73|0x0000000085f00000, 0x0000000085f00000, 0x0000000086000000|  0%| F|  |TAMS 0x0000000085f00000| PB 0x0000000085f00000| Untracked 
|  74|0x0000000086000000, 0x0000000086000000, 0x0000000086100000|  0%| F|  |TAMS 0x0000000086000000| PB 0x0000000086000000| Untracked 
|  75|0x0000000086100000, 0x0000000086100000, 0x0000000086200000|  0%| F|  |TAMS 0x0000000086100000| PB 0x0000000086100000| Untracked 
|  76|0x0000000086200000, 0x0000000086200000, 0x0000000086300000|  0%| F|  |TAMS 0x0000000086200000| PB 0x0000000086200000| Untracked 
|  77|0x0000000086300000, 0x0000000086300000, 0x0000000086400000|  0%| F|  |TAMS 0x0000000086300000| PB 0x0000000086300000| Untracked 
|  78|0x0000000086400000, 0x0000000086400000, 0x0000000086500000|  0%| F|  |TAMS 0x0000000086400000| PB 0x0000000086400000| Untracked 
|  79|0x0000000086500000, 0x0000000086500000, 0x0000000086600000|  0%| F|  |TAMS 0x0000000086500000| PB 0x0000000086500000| Untracked 
|  80|0x0000000086600000, 0x0000000086600000, 0x0000000086700000|  0%| F|  |TAMS 0x0000000086600000| PB 0x0000000086600000| Untracked 
|  81|0x0000000086700000, 0x0000000086700000, 0x0000000086800000|  0%| F|  |TAMS 0x0000000086700000| PB 0x0000000086700000| Untracked 
|  82|0x0000000086800000, 0x0000000086800000, 0x0000000086900000|  0%| F|  |TAMS 0x0000000086800000| PB 0x0000000086800000| Untracked 
|  83|0x0000000086900000, 0x0000000086900000, 0x0000000086a00000|  0%| F|  |TAMS 0x0000000086900000| PB 0x0000000086900000| Untracked 
|  84|0x0000000086a00000, 0x0000000086a00000, 0x0000000086b00000|  0%| F|  |TAMS 0x0000000086a00000| PB 0x0000000086a00000| Untracked 
|  85|0x0000000086b00000, 0x0000000086b00000, 0x0000000086c00000|  0%| F|  |TAMS 0x0000000086b00000| PB 0x0000000086b00000| Untracked 
|  86|0x0000000086c00000, 0x0000000086c00000, 0x0000000086d00000|  0%| F|  |TAMS 0x0000000086c00000| PB 0x0000000086c00000| Untracked 
|  87|0x0000000086d00000, 0x0000000086d00000, 0x0000000086e00000|  0%| F|  |TAMS 0x0000000086d00000| PB 0x0000000086d00000| Untracked 
|  88|0x0000000086e00000, 0x0000000086e00000, 0x0000000086f00000|  0%| F|  |TAMS 0x0000000086e00000| PB 0x0000000086e00000| Untracked 
|  89|0x0000000086f00000, 0x0000000086f00000, 0x0000000087000000|  0%| F|  |TAMS 0x0000000086f00000| PB 0x0000000086f00000| Untracked 
|  90|0x0000000087000000, 0x0000000087000000, 0x0000000087100000|  0%| F|  |TAMS 0x0000000087000000| PB 0x0000000087000000| Untracked 
|  91|0x0000000087100000, 0x0000000087100000, 0x0000000087200000|  0%| F|  |TAMS 0x0000000087100000| PB 0x0000000087100000| Untracked 
|  92|0x0000000087200000, 0x0000000087200000, 0x0000000087300000|  0%| F|  |TAMS 0x0000000087200000| PB 0x0000000087200000| Untracked 
|  93|0x0000000087300000, 0x0000000087300000, 0x0000000087400000|  0%| F|  |TAMS 0x0000000087300000| PB 0x0000000087300000| Untracked 
|  94|0x0000000087400000, 0x0000000087400000, 0x0000000087500000|  0%| F|  |TAMS 0x0000000087400000| PB 0x0000000087400000| Untracked 
|  95|0x0000000087500000, 0x0000000087500000, 0x0000000087600000|  0%| F|  |TAMS 0x0000000087500000| PB 0x0000000087500000| Untracked 
|  96|0x0000000087600000, 0x0000000087600000, 0x0000000087700000|  0%| F|  |TAMS 0x0000000087600000| PB 0x0000000087600000| Untracked 
|  97|0x0000000087700000, 0x0000000087700000, 0x0000000087800000|  0%| F|  |TAMS 0x0000000087700000| PB 0x0000000087700000| Untracked 
|  98|0x0000000087800000, 0x0000000087800000, 0x0000000087900000|  0%| F|  |TAMS 0x0000000087800000| PB 0x0000000087800000| Untracked 
|  99|0x0000000087900000, 0x0000000087900000, 0x0000000087a00000|  0%| F|  |TAMS 0x0000000087900000| PB 0x0000000087900000| Untracked 
| 100|0x0000000087a00000, 0x0000000087a00000, 0x0000000087b00000|  0%| F|  |TAMS 0x0000000087a00000| PB 0x0000000087a00000| Untracked 
| 101|0x0000000087b00000, 0x0000000087b00000, 0x0000000087c00000|  0%| F|  |TAMS 0x0000000087b00000| PB 0x0000000087b00000| Untracked 
| 102|0x0000000087c00000, 0x0000000087c00000, 0x0000000087d00000|  0%| F|  |TAMS 0x0000000087c00000| PB 0x0000000087c00000| Untracked 
| 103|0x0000000087d00000, 0x0000000087d00000, 0x0000000087e00000|  0%| F|  |TAMS 0x0000000087d00000| PB 0x0000000087d00000| Untracked 
| 104|0x0000000087e00000, 0x0000000087e00000, 0x0000000087f00000|  0%| F|  |TAMS 0x0000000087e00000| PB 0x0000000087e00000| Untracked 
| 105|0x0000000087f00000, 0x0000000087f00000, 0x0000000088000000|  0%| F|  |TAMS 0x0000000087f00000| PB 0x0000000087f00000| Untracked 
| 106|0x0000000088000000, 0x0000000088000000, 0x0000000088100000|  0%| F|  |TAMS 0x0000000088000000| PB 0x0000000088000000| Untracked 
| 107|0x0000000088100000, 0x0000000088100000, 0x0000000088200000|  0%| F|  |TAMS 0x0000000088100000| PB 0x0000000088100000| Untracked 
| 108|0x0000000088200000, 0x00000000882eb458, 0x0000000088300000| 91%| E|  |TAMS 0x0000000088200000| PB 0x0000000088200000| Complete 
| 109|0x0000000088300000, 0x0000000088400000, 0x0000000088400000|100%| E|CS|TAMS 0x0000000088300000| PB 0x0000000088300000| Complete 
| 110|0x0000000088400000, 0x0000000088500000, 0x0000000088500000|100%| E|CS|TAMS 0x0000000088400000| PB 0x0000000088400000| Complete 
| 111|0x0000000088500000, 0x000000008854b138, 0x0000000088600000| 29%| S|CS|TAMS 0x0000000088500000| PB 0x0000000088500000| Complete 
| 112|0x0000000088600000, 0x0000000088700000, 0x0000000088700000|100%| S|CS|TAMS 0x0000000088600000| PB 0x0000000088600000| Complete 
| 113|0x0000000088700000, 0x0000000088800000, 0x0000000088800000|100%| E|  |TAMS 0x0000000088700000| PB 0x0000000088700000| Complete 
| 114|0x0000000088800000, 0x0000000088900000, 0x0000000088900000|100%| E|CS|TAMS 0x0000000088800000| PB 0x0000000088800000| Complete 
| 115|0x0000000088900000, 0x0000000088a00000, 0x0000000088a00000|100%| E|CS|TAMS 0x0000000088900000| PB 0x0000000088900000| Complete 
| 116|0x0000000088a00000, 0x0000000088b00000, 0x0000000088b00000|100%| E|CS|TAMS 0x0000000088a00000| PB 0x0000000088a00000| Complete 
| 117|0x0000000088b00000, 0x0000000088c00000, 0x0000000088c00000|100%| E|CS|TAMS 0x0000000088b00000| PB 0x0000000088b00000| Complete 
| 118|0x0000000088c00000, 0x0000000088d00000, 0x0000000088d00000|100%| E|CS|TAMS 0x0000000088c00000| PB 0x0000000088c00000| Complete 
| 119|0x0000000088d00000, 0x0000000088e00000, 0x0000000088e00000|100%| E|CS|TAMS 0x0000000088d00000| PB 0x0000000088d00000| Complete 
| 120|0x0000000088e00000, 0x0000000088f00000, 0x0000000088f00000|100%| E|CS|TAMS 0x0000000088e00000| PB 0x0000000088e00000| Complete 
| 121|0x0000000088f00000, 0x0000000089000000, 0x0000000089000000|100%| E|CS|TAMS 0x0000000088f00000| PB 0x0000000088f00000| Complete 
| 122|0x0000000089000000, 0x0000000089100000, 0x0000000089100000|100%| E|CS|TAMS 0x0000000089000000| PB 0x0000000089000000| Complete 
| 123|0x0000000089100000, 0x0000000089200000, 0x0000000089200000|100%| E|CS|TAMS 0x0000000089100000| PB 0x0000000089100000| Complete 
| 124|0x0000000089200000, 0x0000000089300000, 0x0000000089300000|100%| E|CS|TAMS 0x0000000089200000| PB 0x0000000089200000| Complete 
| 125|0x0000000089300000, 0x0000000089400000, 0x0000000089400000|100%| E|CS|TAMS 0x0000000089300000| PB 0x0000000089300000| Complete 
| 126|0x0000000089400000, 0x0000000089500000, 0x0000000089500000|100%| E|CS|TAMS 0x0000000089400000| PB 0x0000000089400000| Complete 
| 127|0x0000000089500000, 0x0000000089600000, 0x0000000089600000|100%| E|CS|TAMS 0x0000000089500000| PB 0x0000000089500000| Complete 

Card table byte_map: [0x000001e2fbcd0000,0x000001e2fc0d0000] _byte_map_base: 0x000001e2fb8c5000

Marking Bits: (CMBitMap*) 0x000001e2f34b99f0
 Bits: [0x000001e2fc0d0000, 0x000001e2fe078000)

Polling page: 0x000001e2f13e0000

Metaspace:

Usage:
  Non-class:     10.47 MB used.
      Class:      1.39 MB used.
       Both:     11.86 MB used.

Virtual space:
  Non-class space:       64.00 MB reserved,      10.56 MB ( 17%) committed,  1 nodes.
      Class space:        1.00 GB reserved,       1.50 MB ( <1%) committed,  1 nodes.
             Both:        1.06 GB reserved,      12.06 MB (  1%) committed. 

Chunk freelists:
   Non-Class:  4.61 MB
       Class:  14.45 MB
        Both:  19.06 MB

MaxMetaspaceSize: unlimited
CompressedClassSpaceSize: 1.00 GB
Initial GC threshold: 21.00 MB
Current GC threshold: 21.00 MB
CDS: on
 - commit_granule_bytes: 65536.
 - commit_granule_words: 8192.
 - virtual_space_node_default_size: 8388608.
 - enlarge_chunks_in_place: 1.
 - use_allocation_guard: 0.


Internal statistics:

num_allocs_failed_limit: 0.
num_arena_births: 252.
num_arena_deaths: 0.
num_vsnodes_births: 2.
num_vsnodes_deaths: 0.
num_space_committed: 193.
num_space_uncommitted: 0.
num_chunks_returned_to_freelist: 0.
num_chunks_taken_from_freelist: 652.
num_chunk_merges: 0.
num_chunk_splits: 405.
num_chunks_enlarged: 256.
num_inconsistent_stats: 0.

CodeHeap 'non-profiled nmethods': size=120000Kb used=649Kb max_used=649Kb free=119350Kb
 bounds [0x000001e287ad0000, 0x000001e287d40000, 0x000001e28f000000]
CodeHeap 'profiled nmethods': size=120000Kb used=3252Kb max_used=3252Kb free=116747Kb
 bounds [0x000001e280000000, 0x000001e280330000, 0x000001e287530000]
CodeHeap 'non-nmethods': size=5760Kb used=1400Kb max_used=1414Kb free=4359Kb
 bounds [0x000001e287530000, 0x000001e2877a0000, 0x000001e287ad0000]
 total_blobs=2308 nmethods=1813 adapters=399
 compilation: enabled
              stopped_count=0, restarted_count=0
 full_count=0

Compilation events (20 events):
Event: 1.634 Thread 0x000001e2fe55a8e0 nmethod 1785 0x000001e28031bd10 code [0x000001e28031bec0, 0x000001e28031c0a8]
Event: 1.635 Thread 0x000001e2fe55a8e0 1786       3       sun.util.locale.LocaleUtils::toLowerString (95 bytes)
Event: 1.636 Thread 0x000001e2fe55a8e0 nmethod 1786 0x000001e28031c110 code [0x000001e28031c3e0, 0x000001e28031d4d0]
Event: 1.636 Thread 0x000001e2fe55a8e0 1788       3       sun.util.locale.LocaleUtils::isLower (18 bytes)
Event: 1.637 Thread 0x000001e2fe55a8e0 nmethod 1788 0x000001e28031db10 code [0x000001e28031dca0, 0x000001e28031de18]
Event: 1.637 Thread 0x000001e2fe55a8e0 1787       1       sun.util.locale.StringTokenIterator::currentEnd (5 bytes)
Event: 1.637 Thread 0x000001e2fe55a8e0 nmethod 1787 0x000001e287b70710 code [0x000001e287b708a0, 0x000001e287b70968]
Event: 1.637 Thread 0x000001e2fe55a8e0 1789       1       sun.util.locale.BaseLocale$Key::hashCode (5 bytes)
Event: 1.637 Thread 0x000001e2fe55a8e0 nmethod 1789 0x000001e287b70a10 code [0x000001e287b70ba0, 0x000001e287b70c68]
Event: 1.637 Thread 0x000001e2fe55a8e0 1790       3       sun.util.locale.BaseLocale::hashCode (67 bytes)
Event: 1.638 Thread 0x000001e2fe55a8e0 nmethod 1790 0x000001e28031de90 code [0x000001e28031e060, 0x000001e28031e318]
Event: 1.638 Thread 0x000001e2fe55a8e0 1791       3       sun.util.locale.ParseStatus::isError (13 bytes)
Event: 1.638 Thread 0x000001e2fe55a8e0 nmethod 1791 0x000001e28031e490 code [0x000001e28031e620, 0x000001e28031e788]
Event: 1.638 Thread 0x000001e2fe55a8e0 1792       3       java.lang.invoke.MethodType::methodType (21 bytes)
Event: 1.638 Thread 0x000001e2fe55a8e0 nmethod 1792 0x000001e28031e810 code [0x000001e28031e9e0, 0x000001e28031ebb8]
Event: 1.638 Thread 0x000001e2fe55a8e0 1793       3       sun.util.locale.BaseLocale::<init> (76 bytes)
Event: 1.639 Thread 0x000001e2fe55a8e0 nmethod 1793 0x000001e28031ec90 code [0x000001e28031eec0, 0x000001e28031f4e8]
Event: 1.639 Thread 0x000001e2fe55a8e0 1794       1       sun.util.locale.LanguageTag::getLanguage (5 bytes)
Event: 1.639 Thread 0x000001e2fe55a8e0 nmethod 1794 0x000001e287b70d10 code [0x000001e287b70ea0, 0x000001e287b70f68]
Event: 1.639 Thread 0x000001e2fe55a8e0 1795       1       sun.util.locale.LanguageTag::getScript (5 bytes)

GC Heap History (4 events):
Event: 0.730 GC heap before
{Heap before GC invocations=0 (full 0):
 garbage-first heap   total 131072K, used 13312K [0x0000000081600000, 0x0000000100000000)
  region size 1024K, 13 young (13312K), 0 survivors (0K)
 Metaspace       used 3517K, committed 3712K, reserved 1114112K
  class space    used 358K, committed 448K, reserved 1048576K
}
Event: 0.736 GC heap after
{Heap after GC invocations=1 (full 0):
 garbage-first heap   total 131072K, used 6144K [0x0000000081600000, 0x0000000100000000)
  region size 1024K, 2 young (2048K), 2 survivors (2048K)
 Metaspace       used 3517K, committed 3712K, reserved 1114112K
  class space    used 358K, committed 448K, reserved 1048576K
}
Event: 1.178 GC heap before
{Heap before GC invocations=1 (full 0):
 garbage-first heap   total 131072K, used 18432K [0x0000000081600000, 0x0000000100000000)
  region size 1024K, 15 young (15360K), 2 survivors (2048K)
 Metaspace       used 7088K, committed 7360K, reserved 1114112K
  class space    used 796K, committed 960K, reserved 1048576K
}
Event: 1.182 GC heap after
{Heap after GC invocations=2 (full 0):
 garbage-first heap   total 131072K, used 7530K [0x0000000081600000, 0x0000000100000000)
  region size 1024K, 2 young (2048K), 2 survivors (2048K)
 Metaspace       used 7088K, committed 7360K, reserved 1114112K
  class space    used 796K, committed 960K, reserved 1048576K
}

Dll operation events (12 events):
Event: 0.011 Loaded shared library C:\Program Files\Java\jdk-21\bin\java.dll
Event: 0.071 Loaded shared library C:\Program Files\Java\jdk-21\bin\jsvml.dll
Event: 0.201 Loaded shared library C:\Program Files\Java\jdk-21\bin\zip.dll
Event: 0.206 Loaded shared library C:\Program Files\Java\jdk-21\bin\instrument.dll
Event: 0.213 Loaded shared library C:\Program Files\Java\jdk-21\bin\net.dll
Event: 0.215 Loaded shared library C:\Program Files\Java\jdk-21\bin\nio.dll
Event: 0.219 Loaded shared library C:\Program Files\Java\jdk-21\bin\zip.dll
Event: 0.378 Loaded shared library C:\Program Files\JetBrains\IntelliJ IDEA Community Edition 2023.3.4\bin\breakgen64.dll
Event: 0.395 Loaded shared library C:\Program Files\Java\jdk-21\bin\extnet.dll
Event: 0.446 Loaded shared library C:\Program Files\Java\jdk-21\bin\jimage.dll
Event: 0.848 Loaded shared library C:\Program Files\Java\jdk-21\bin\management.dll
Event: 0.851 Loaded shared library C:\Program Files\Java\jdk-21\bin\management_ext.dll

Deoptimization events (20 events):
Event: 1.597 Thread 0x000001e2ff23ce10 Uncommon trap: trap_request=0xffffffc6 fr.pc=0x000001e287b38e40 relative=0x00000000000002e0
Event: 1.597 Thread 0x000001e2ff23ce10 Uncommon trap: reason=bimorphic_or_optimized_type_check action=maybe_recompile pc=0x000001e287b38e40 method=java.util.concurrent.ConcurrentHashMap.get(Ljava/lang/Object;)Ljava/lang/Object; @ 149 c2
Event: 1.597 Thread 0x000001e2ff23ce10 DEOPT PACKING pc=0x000001e287b38e40 sp=0x00000027e4bfe1f0
Event: 1.597 Thread 0x000001e2ff23ce10 DEOPT UNPACKING pc=0x000001e2875846a2 sp=0x00000027e4bfe160 mode 2
Event: 1.600 Thread 0x000001e2ff23ce10 Uncommon trap: trap_request=0xffffffc6 fr.pc=0x000001e287b38e40 relative=0x00000000000002e0
Event: 1.600 Thread 0x000001e2ff23ce10 Uncommon trap: reason=bimorphic_or_optimized_type_check action=maybe_recompile pc=0x000001e287b38e40 method=java.util.concurrent.ConcurrentHashMap.get(Ljava/lang/Object;)Ljava/lang/Object; @ 149 c2
Event: 1.600 Thread 0x000001e2ff23ce10 DEOPT PACKING pc=0x000001e287b38e40 sp=0x00000027e4bfe1f0
Event: 1.600 Thread 0x000001e2ff23ce10 DEOPT UNPACKING pc=0x000001e2875846a2 sp=0x00000027e4bfe160 mode 2
Event: 1.620 Thread 0x000001e2d6352450 Uncommon trap: trap_request=0xffffff45 fr.pc=0x000001e287b4572c relative=0x0000000000000f2c
Event: 1.620 Thread 0x000001e2d6352450 Uncommon trap: reason=unstable_if action=reinterpret pc=0x000001e287b4572c method=java.util.concurrent.ConcurrentHashMap.addCount(JI)V @ 171 c2
Event: 1.620 Thread 0x000001e2d6352450 DEOPT PACKING pc=0x000001e287b4572c sp=0x00000027e4cfa120
Event: 1.620 Thread 0x000001e2d6352450 DEOPT UNPACKING pc=0x000001e2875846a2 sp=0x00000027e4cf9fe0 mode 2
Event: 1.620 Thread 0x000001e2ff23ce10 Uncommon trap: trap_request=0xffffff45 fr.pc=0x000001e287b4572c relative=0x0000000000000f2c
Event: 1.620 Thread 0x000001e2ff23ce10 Uncommon trap: reason=unstable_if action=reinterpret pc=0x000001e287b4572c method=java.util.concurrent.ConcurrentHashMap.addCount(JI)V @ 171 c2
Event: 1.620 Thread 0x000001e2ff23ce10 DEOPT PACKING pc=0x000001e287b4572c sp=0x00000027e4bfdde0
Event: 1.620 Thread 0x000001e2ff23ce10 DEOPT UNPACKING pc=0x000001e2875846a2 sp=0x00000027e4bfdca0 mode 2
Event: 1.626 Thread 0x000001e2d6352450 Uncommon trap: trap_request=0xffffff45 fr.pc=0x000001e287b3a1ac relative=0x00000000000006ec
Event: 1.626 Thread 0x000001e2d6352450 Uncommon trap: reason=unstable_if action=reinterpret pc=0x000001e287b3a1ac method=java.util.regex.Matcher.search(I)Z @ 30 c2
Event: 1.626 Thread 0x000001e2d6352450 DEOPT PACKING pc=0x000001e287b3a1ac sp=0x00000027e4cfd2e0
Event: 1.626 Thread 0x000001e2d6352450 DEOPT UNPACKING pc=0x000001e2875846a2 sp=0x00000027e4cfd2c0 mode 2

Classes loaded (20 events):
Event: 1.607 Loading class java/beans/Transient
Event: 1.607 Loading class java/beans/Transient done
Event: 1.607 Loading class java/beans/ConstructorProperties
Event: 1.607 Loading class java/beans/ConstructorProperties done
Event: 1.610 Loading class java/io/InvalidObjectException
Event: 1.610 Loading class java/io/InvalidObjectException done
Event: 1.612 Loading class java/util/concurrent/ConcurrentLinkedQueue
Event: 1.612 Loading class java/util/concurrent/ConcurrentLinkedQueue done
Event: 1.612 Loading class java/util/concurrent/ConcurrentLinkedQueue$Node
Event: 1.612 Loading class java/util/concurrent/ConcurrentLinkedQueue$Node done
Event: 1.614 Loading class java/util/concurrent/atomic/AtomicLongArray
Event: 1.614 Loading class java/util/concurrent/atomic/AtomicLongArray done
Event: 1.614 Loading class java/lang/invoke/VarHandleLongs$Array
Event: 1.614 Loading class java/lang/invoke/VarHandleLongs$Array done
Event: 1.614 Loading class java/util/concurrent/atomic/AtomicReferenceArray
Event: 1.615 Loading class java/util/concurrent/atomic/AtomicReferenceArray done
Event: 1.615 Loading class java/lang/invoke/VarHandleReferences$Array
Event: 1.615 Loading class java/lang/invoke/VarHandleReferences$Array done
Event: 1.635 Loading class java/time/ZonedDateTime$1
Event: 1.635 Loading class java/time/ZonedDateTime$1 done

Classes unloaded (0 events):
No events

Classes redefined (0 events):
No events

Internal exceptions (20 events):
Event: 1.263 Thread 0x000001e2ff23ce10 Exception <a 'java/lang/NoSuchMethodError'{0x000000008936b3a8}: 'java.lang.Object java.lang.invoke.DirectMethodHandle$Holder.newInvokeSpecial(java.lang.Object, java.lang.Object, java.lang.Object, java.lang.Object, java.lang.Object, java.lang.Object, int)'> (0x000000008936b3a8) 
thrown [s\open\src\hotspot\share\interpreter\linkResolver.cpp, line 773]
Event: 1.263 Thread 0x000001e2ff23ce10 Exception <a 'java/lang/NoSuchMethodError'{0x000000008936f958}: 'java.lang.Object java.lang.invoke.DirectMethodHandle$Holder.invokeSpecial(java.lang.Object, java.lang.Object, java.lang.Object, java.lang.Object, java.lang.Object, java.lang.Object, java.lang.Object, int)'> (0x000000008936f958) 
thrown [s\open\src\hotspot\share\interpreter\linkResolver.cpp, line 773]
Event: 1.305 Thread 0x000001e2ff23ce10 Exception <a 'java/lang/NoSuchMethodError'{0x0000000089291e28}: 'int java.lang.invoke.DirectMethodHandle$Holder.invokeInterface(java.lang.Object, java.lang.Object)'> (0x0000000089291e28) 
thrown [s\open\src\hotspot\share\interpreter\linkResolver.cpp, line 773]
Event: 1.347 Thread 0x000001e2ff23ce10 Exception <a 'java/lang/NoSuchMethodError'{0x0000000089186dd8}: 'java.lang.Object java.lang.invoke.DirectMethodHandle$Holder.invokeSpecial(java.lang.Object, java.lang.Object, java.lang.Object, int, java.lang.Object)'> (0x0000000089186dd8) 
thrown [s\open\src\hotspot\share\interpreter\linkResolver.cpp, line 773]
Event: 1.348 Thread 0x000001e2ff23ce10 Exception <a 'java/lang/NoSuchMethodError'{0x000000008918e6c8}: 'java.lang.Object java.lang.invoke.DirectMethodHandle$Holder.newInvokeSpecial(java.lang.Object, java.lang.Object, java.lang.Object, int, java.lang.Object)'> (0x000000008918e6c8) 
thrown [s\open\src\hotspot\share\interpreter\linkResolver.cpp, line 773]
Event: 1.348 Thread 0x000001e2ff23ce10 Exception <a 'java/lang/NoSuchMethodError'{0x0000000089195b80}: 'java.lang.Object java.lang.invoke.Invokers$Holder.linkToTargetMethod(java.lang.Object, java.lang.Object, int, java.lang.Object, java.lang.Object)'> (0x0000000089195b80) 
thrown [s\open\src\hotspot\share\interpreter\linkResolver.cpp, line 773]
Event: 1.350 Thread 0x000001e2ff23ce10 Exception <a 'java/lang/NoSuchMethodError'{0x00000000891a3d58}: 'java.lang.Object java.lang.invoke.DirectMethodHandle$Holder.newInvokeSpecial(java.lang.Object, int, java.lang.Object)'> (0x00000000891a3d58) 
thrown [s\open\src\hotspot\share\interpreter\linkResolver.cpp, line 773]
Event: 1.351 Thread 0x000001e2ff23ce10 Exception <a 'java/lang/NoSuchMethodError'{0x00000000891a8708}: 'int java.lang.invoke.DirectMethodHandle$Holder.invokeSpecialIFC(java.lang.Object, java.lang.Object, java.lang.Object, java.lang.Object)'> (0x00000000891a8708) 
thrown [s\open\src\hotspot\share\interpreter\linkResolver.cpp, line 773]
Event: 1.380 Thread 0x000001e2ff23ce10 Exception <a 'java/lang/NoSuchMethodError'{0x000000008906c628}: 'void java.lang.invoke.DirectMethodHandle$Holder.invokeInterface(java.lang.Object, java.lang.Object, java.lang.Object)'> (0x000000008906c628) 
thrown [s\open\src\hotspot\share\interpreter\linkResolver.cpp, line 773]
Event: 1.411 Thread 0x000001e2ff23ce10 Exception <a 'java/lang/NoSuchMethodError'{0x0000000088f06fe8}: 'void java.lang.invoke.DirectMethodHandle$Holder.invokeStaticInit(java.lang.Object, java.lang.Object, java.lang.Object)'> (0x0000000088f06fe8) 
thrown [s\open\src\hotspot\share\interpreter\linkResolver.cpp, line 773]
Event: 1.418 Thread 0x000001e2ff23ce10 Exception <a 'java/lang/NoSuchMethodError'{0x0000000088f4a118}: 'java.lang.Object java.lang.invoke.DirectMethodHandle$Holder.invokeStatic(java.lang.Object, long, java.lang.Object)'> (0x0000000088f4a118) 
thrown [s\open\src\hotspot\share\interpreter\linkResolver.cpp, line 773]
Event: 1.418 Thread 0x000001e2ff23ce10 Exception <a 'java/lang/NoSuchMethodError'{0x0000000088f4d770}: 'java.lang.Object java.lang.invoke.DirectMethodHandle$Holder.invokeStaticInit(java.lang.Object, long, java.lang.Object)'> (0x0000000088f4d770) 
thrown [s\open\src\hotspot\share\interpreter\linkResolver.cpp, line 773]
Event: 1.419 Thread 0x000001e2ff23ce10 Exception <a 'java/lang/NoSuchMethodError'{0x0000000088f53130}: 'java.lang.Object java.lang.invoke.DirectMethodHandle$Holder.newInvokeSpecial(java.lang.Object, long)'> (0x0000000088f53130) 
thrown [s\open\src\hotspot\share\interpreter\linkResolver.cpp, line 773]
Event: 1.439 Thread 0x000001e2ff23ce10 Exception <a 'java/lang/NoSuchMethodError'{0x0000000088fa1368}: 'void java.lang.invoke.DirectMethodHandle$Holder.invokeSpecial(java.lang.Object, java.lang.Object, java.lang.Object, java.lang.Object, java.lang.Object)'> (0x0000000088fa1368) 
thrown [s\open\src\hotspot\share\interpreter\linkResolver.cpp, line 773]
Event: 1.440 Thread 0x000001e2ff23ce10 Exception <a 'java/lang/NoSuchMethodError'{0x0000000088fa8bd0}: 'void java.lang.invoke.DirectMethodHandle$Holder.invokeVirtual(java.lang.Object, java.lang.Object, java.lang.Object, java.lang.Object)'> (0x0000000088fa8bd0) 
thrown [s\open\src\hotspot\share\interpreter\linkResolver.cpp, line 773]
Event: 1.497 Thread 0x000001e2d6352450 Exception <a 'java/lang/NoClassDefFoundError'{0x0000000088d167d0}: jakarta/validation/Validation> (0x0000000088d167d0) 
thrown [s\open\src\hotspot\share\classfile\systemDictionary.cpp, line 301]
Event: 1.497 Thread 0x000001e2ff23ce10 Exception <a 'java/lang/IncompatibleClassChangeError'{0x0000000088d2b1c8}: Found class java.lang.Object, but interface was expected> (0x0000000088d2b1c8) 
thrown [s\open\src\hotspot\share\interpreter\linkResolver.cpp, line 840]
Event: 1.504 Thread 0x000001e2ff23ce10 Exception <a 'java/lang/NoSuchMethodError'{0x0000000088d626e8}: 'java.lang.Object java.lang.invoke.DirectMethodHandle$Holder.invokeStaticInit(java.lang.Object, int)'> (0x0000000088d626e8) 
thrown [s\open\src\hotspot\share\interpreter\linkResolver.cpp, line 773]
Event: 1.507 Thread 0x000001e2ff23ce10 Exception <a 'java/lang/NoSuchMethodError'{0x0000000088d6c828}: 'java.lang.Object java.lang.invoke.DirectMethodHandle$Holder.invokeStatic(java.lang.Object, int, java.lang.Object)'> (0x0000000088d6c828) 
thrown [s\open\src\hotspot\share\interpreter\linkResolver.cpp, line 773]
Event: 1.507 Thread 0x000001e2ff23ce10 Exception <a 'java/lang/NoSuchMethodError'{0x0000000088d6fe78}: 'java.lang.Object java.lang.invoke.DirectMethodHandle$Holder.invokeStaticInit(java.lang.Object, int, java.lang.Object)'> (0x0000000088d6fe78) 
thrown [s\open\src\hotspot\share\interpreter\linkResolver.cpp, line 773]

ZGC Phase Switch (0 events):
No events

VM Operations (20 events):
Event: 0.804 Executing VM operation: HandshakeAllThreads (Deoptimize)
Event: 0.804 Executing VM operation: HandshakeAllThreads (Deoptimize) done
Event: 0.804 Executing VM operation: HandshakeAllThreads (Deoptimize)
Event: 0.804 Executing VM operation: HandshakeAllThreads (Deoptimize) done
Event: 1.041 Executing VM operation: HandshakeAllThreads (Deoptimize)
Event: 1.041 Executing VM operation: HandshakeAllThreads (Deoptimize) done
Event: 1.178 Executing VM operation: G1CollectForAllocation (G1 Evacuation Pause)
Event: 1.182 Executing VM operation: G1CollectForAllocation (G1 Evacuation Pause) done
Event: 1.320 Executing VM operation: HandshakeAllThreads (Deoptimize)
Event: 1.320 Executing VM operation: HandshakeAllThreads (Deoptimize) done
Event: 1.372 Executing VM operation: HandshakeAllThreads (Deoptimize)
Event: 1.372 Executing VM operation: HandshakeAllThreads (Deoptimize) done
Event: 1.480 Executing VM operation: HandshakeAllThreads (Deoptimize)
Event: 1.480 Executing VM operation: HandshakeAllThreads (Deoptimize) done
Event: 1.486 Executing VM operation: HandshakeAllThreads (Deoptimize)
Event: 1.486 Executing VM operation: HandshakeAllThreads (Deoptimize) done
Event: 1.486 Executing VM operation: HandshakeAllThreads (Deoptimize)
Event: 1.486 Executing VM operation: HandshakeAllThreads (Deoptimize) done
Event: 1.636 Executing VM operation: ICBufferFull
Event: 1.636 Executing VM operation: ICBufferFull done

Events (16 events):
Event: 0.036 Thread 0x000001e2f12d7990 Thread added: 0x000001e2f12d7990
Event: 0.068 Thread 0x000001e2fe544ed0 Thread added: 0x000001e2fe544ed0
Event: 0.068 Thread 0x000001e2fe545df0 Thread added: 0x000001e2fe545df0
Event: 0.069 Thread 0x000001e2fe549d90 Thread added: 0x000001e2fe549d90
Event: 0.069 Thread 0x000001e2fe54c800 Thread added: 0x000001e2fe54c800
Event: 0.069 Thread 0x000001e2fe54da00 Thread added: 0x000001e2fe54da00
Event: 0.069 Thread 0x000001e2fe550c10 Thread added: 0x000001e2fe550c10
Event: 0.069 Thread 0x000001e2fe555640 Thread added: 0x000001e2fe555640
Event: 0.069 Thread 0x000001e2fe55a8e0 Thread added: 0x000001e2fe55a8e0
Event: 0.168 Thread 0x000001e2fe50ae80 Thread added: 0x000001e2fe50ae80
Event: 0.242 Thread 0x000001e2fe900bd0 Thread added: 0x000001e2fe900bd0
Event: 0.379 Thread 0x000001e2fe9fb900 Thread added: 0x000001e2fe9fb900
Event: 0.380 Thread 0x000001e2fe9fbf70 Thread added: 0x000001e2fe9fbf70
Event: 0.926 Thread 0x000001e2ff23c320 Thread added: 0x000001e2ff23c320
Event: 0.929 Thread 0x000001e2ff23ce10 Thread added: 0x000001e2ff23ce10
Event: 1.494 Thread 0x000001e2d6352450 Thread added: 0x000001e2d6352450


Dynamic libraries:
0x00007ff685d30000 - 0x00007ff685d40000 	C:\Program Files\Java\jdk-21\bin\java.exe
0x00007ff8ac710000 - 0x00007ff8ac908000 	C:\WINDOWS\SYSTEM32\ntdll.dll
0x00007ff8aba80000 - 0x00007ff8abb3d000 	C:\WINDOWS\System32\KERNEL32.DLL
0x00007ff8aa250000 - 0x00007ff8aa546000 	C:\WINDOWS\System32\KERNELBASE.dll
0x00007ff8a9dc0000 - 0x00007ff8a9ec0000 	C:\WINDOWS\System32\ucrtbase.dll
0x00007ff8a3820000 - 0x00007ff8a383b000 	C:\Program Files\Java\jdk-21\bin\VCRUNTIME140.dll
0x00007ff8a4070000 - 0x00007ff8a4089000 	C:\Program Files\Java\jdk-21\bin\jli.dll
0x00007ff8abd10000 - 0x00007ff8abdc0000 	C:\WINDOWS\System32\ADVAPI32.dll
0x00007ff8ab370000 - 0x00007ff8ab40e000 	C:\WINDOWS\System32\msvcrt.dll
0x00007ff8aabd0000 - 0x00007ff8aac70000 	C:\WINDOWS\System32\sechost.dll
0x00007ff8ab680000 - 0x00007ff8ab7a5000 	C:\WINDOWS\System32\RPCRT4.dll
0x00007ff8aa080000 - 0x00007ff8aa0a7000 	C:\WINDOWS\System32\bcrypt.dll
0x00007ff8ab0f0000 - 0x00007ff8ab28e000 	C:\WINDOWS\System32\USER32.dll
0x00007ff8aa170000 - 0x00007ff8aa192000 	C:\WINDOWS\System32\win32u.dll
0x00007ff8ac530000 - 0x00007ff8ac55b000 	C:\WINDOWS\System32\GDI32.dll
0x00007ff8a9ec0000 - 0x00007ff8a9fd7000 	C:\WINDOWS\System32\gdi32full.dll
0x00007ff8a9fe0000 - 0x00007ff8aa07d000 	C:\WINDOWS\System32\msvcp_win.dll
0x00007ff89e750000 - 0x00007ff89e9ea000 	C:\WINDOWS\WinSxS\amd64_microsoft.windows.common-controls_6595b64144ccf1df_6.0.19041.3636_none_60b6a03d71f818d5\COMCTL32.dll
0x00007ff8a3680000 - 0x00007ff8a368a000 	C:\WINDOWS\SYSTEM32\VERSION.dll
0x00007ff8ab560000 - 0x00007ff8ab592000 	C:\WINDOWS\System32\IMM32.DLL
0x00007ff8a48a0000 - 0x00007ff8a48ac000 	C:\Program Files\Java\jdk-21\bin\vcruntime140_1.dll
0x00007ff897380000 - 0x00007ff89740e000 	C:\Program Files\Java\jdk-21\bin\msvcp140.dll
0x00007ff86acc0000 - 0x00007ff86b9d7000 	C:\Program Files\Java\jdk-21\bin\server\jvm.dll
0x00007ff8ab5a0000 - 0x00007ff8ab60b000 	C:\WINDOWS\System32\WS2_32.dll
0x00007ff8a9310000 - 0x00007ff8a935b000 	C:\WINDOWS\SYSTEM32\POWRPROF.dll
0x00007ff8967e0000 - 0x00007ff896807000 	C:\WINDOWS\SYSTEM32\WINMM.dll
0x00007ff8a91d0000 - 0x00007ff8a91e2000 	C:\WINDOWS\SYSTEM32\UMPDC.dll
0x00007ff8a7b90000 - 0x00007ff8a7ba2000 	C:\WINDOWS\SYSTEM32\kernel.appcore.dll
0x00007ff8a4290000 - 0x00007ff8a429a000 	C:\Program Files\Java\jdk-21\bin\jimage.dll
0x00007ff8a1ad0000 - 0x00007ff8a1cb4000 	C:\WINDOWS\SYSTEM32\DBGHELP.DLL
0x00007ff8a1840000 - 0x00007ff8a1874000 	C:\WINDOWS\SYSTEM32\dbgcore.DLL
0x00007ff8aa550000 - 0x00007ff8aa5d2000 	C:\WINDOWS\System32\bcryptPrimitives.dll
0x00007ff8a2700000 - 0x00007ff8a270f000 	C:\Program Files\Java\jdk-21\bin\instrument.dll
0x00007ff8a2c30000 - 0x00007ff8a2c4f000 	C:\Program Files\Java\jdk-21\bin\java.dll
0x00007ff8abdc0000 - 0x00007ff8ac52b000 	C:\WINDOWS\System32\SHELL32.dll
0x00007ff8a7e70000 - 0x00007ff8a860e000 	C:\WINDOWS\SYSTEM32\windows.storage.dll
0x00007ff8aace0000 - 0x00007ff8ab033000 	C:\WINDOWS\System32\combase.dll
0x00007ff8a97f0000 - 0x00007ff8a981e000 	C:\WINDOWS\SYSTEM32\Wldp.dll
0x00007ff8ab490000 - 0x00007ff8ab55d000 	C:\WINDOWS\System32\OLEAUT32.dll
0x00007ff8ab040000 - 0x00007ff8ab0ed000 	C:\WINDOWS\System32\SHCORE.dll
0x00007ff8ac610000 - 0x00007ff8ac665000 	C:\WINDOWS\System32\shlwapi.dll
0x00007ff8a9cf0000 - 0x00007ff8a9d15000 	C:\WINDOWS\SYSTEM32\profapi.dll
0x00007ff8972a0000 - 0x00007ff897377000 	C:\Program Files\Java\jdk-21\bin\jsvml.dll
0x00007ff8a0490000 - 0x00007ff8a04a8000 	C:\Program Files\Java\jdk-21\bin\zip.dll
0x00007ff8a4010000 - 0x00007ff8a4020000 	C:\Program Files\Java\jdk-21\bin\net.dll
0x00007ff8a2120000 - 0x00007ff8a222a000 	C:\WINDOWS\SYSTEM32\WINHTTP.dll
0x00007ff8a9550000 - 0x00007ff8a95ba000 	C:\WINDOWS\system32\mswsock.dll
0x00007ff8a0800000 - 0x00007ff8a0816000 	C:\Program Files\Java\jdk-21\bin\nio.dll
0x00007ff89fdf0000 - 0x00007ff89fe0a000 	C:\Program Files\JetBrains\IntelliJ IDEA Community Edition 2023.3.4\bin\breakgen64.dll
0x00007ff8a3810000 - 0x00007ff8a3819000 	C:\Program Files\Java\jdk-21\bin\extnet.dll
0x00007ff8a0480000 - 0x00007ff8a048a000 	C:\Program Files\Java\jdk-21\bin\management.dll
0x00007ff89f920000 - 0x00007ff89f92b000 	C:\Program Files\Java\jdk-21\bin\management_ext.dll
0x00007ff8aac70000 - 0x00007ff8aac78000 	C:\WINDOWS\System32\PSAPI.DLL

dbghelp: loaded successfully - version: 4.0.5 - missing functions: none
symbol engine: initialized successfully - sym options: 0x614 - pdb path: .;C:\Program Files\Java\jdk-21\bin;C:\WINDOWS\SYSTEM32;C:\WINDOWS\WinSxS\amd64_microsoft.windows.common-controls_6595b64144ccf1df_6.0.19041.3636_none_60b6a03d71f818d5;C:\Program Files\Java\jdk-21\bin\server;C:\Program Files\JetBrains\IntelliJ IDEA Community Edition 2023.3.4\bin

VM Arguments:
jvm_args: -javaagent:C:\Program Files\JetBrains\IntelliJ IDEA Community Edition 2023.3.4\lib\idea_rt.jar=60079:C:\Program Files\JetBrains\IntelliJ IDEA Community Edition 2023.3.4\bin -Dfile.encoding=UTF-8 -Dsun.stdout.encoding=UTF-8 -Dsun.stderr.encoding=UTF-8 
java_command: com.bookvault.BookvaultApplication
java_class_path (initial): D:\java_project\bookvault\target\classes;C:\Users\DELL\.m2\repository\org\springframework\boot\spring-boot-starter-data-jpa\3.2.4\spring-boot-starter-data-jpa-3.2.4.jar;C:\Users\DELL\.m2\repository\org\springframework\boot\spring-boot-starter-aop\3.2.4\spring-boot-starter-aop-3.2.4.jar;C:\Users\DELL\.m2\repository\org\springframework\spring-aop\6.1.5\spring-aop-6.1.5.jar;C:\Users\DELL\.m2\repository\org\aspectj\aspectjweaver\1.9.21\aspectjweaver-1.9.21.jar;C:\Users\DELL\.m2\repository\org\springframework\boot\spring-boot-starter-jdbc\3.2.4\spring-boot-starter-jdbc-3.2.4.jar;C:\Users\DELL\.m2\repository\com\zaxxer\HikariCP\5.0.1\HikariCP-5.0.1.jar;C:\Users\DELL\.m2\repository\org\springframework\spring-jdbc\6.1.5\spring-jdbc-6.1.5.jar;C:\Users\DELL\.m2\repository\org\hibernate\orm\hibernate-core\6.4.4.Final\hibernate-core-6.4.4.Final.jar;C:\Users\DELL\.m2\repository\jakarta\persistence\jakarta.persistence-api\3.1.0\jakarta.persistence-api-3.1.0.jar;C:\Users\DELL\.m2\repository\jakarta\transaction\jakarta.transaction-api\2.0.1\jakarta.transaction-api-2.0.1.jar;C:\Users\DELL\.m2\repository\org\jboss\logging\jboss-logging\3.5.3.Final\jboss-logging-3.5.3.Final.jar;C:\Users\DELL\.m2\repository\org\hibernate\common\hibernate-commons-annotations\6.0.6.Final\hibernate-commons-annotations-6.0.6.Final.jar;C:\Users\DELL\.m2\repository\io\smallrye\jandex\3.1.2\jandex-3.1.2.jar;C:\Users\DELL\.m2\repository\com\fasterxml\classmate\1.6.0\classmate-1.6.0.jar;C:\Users\DELL\.m2\repository\net\bytebuddy\byte-buddy\1.14.12\byte-buddy-1.14.12.jar;C:\Users\DELL\.m2\repository\org\glassfish\jaxb\jaxb-runtime\4.0.5\jaxb-runtime-4.0.5.jar;C:\Users\DELL\.m2\repository\org\glassfish\jaxb\jaxb-core\4.0.5\jaxb-core-4.0.5.jar;C:\Users\DELL\.m2\repository\org\eclipse\angus\angus-activation\2.0.2\angus-activation-2.0.2.jar;C:\Users\DELL\.m2\repository\org\glassfish\jaxb\txw2\4.0.5\txw2-4.0.5.jar;C:\Users\DELL\.m2\repository\com\sun\istack\istack-commons-runtime\4.1.2\istack-commons-runtime-4.1.2.jar;C:\Users\DELL\.m2\repository\jakarta\inject\jakarta.inject-api\2.0.1\jakarta.inject-api-2.0.1.jar;C:\Users\DELL\.m2\repository\org\antlr\antlr4-runtime\4.13.0\antlr4-runtime-4.13.0.jar;C:\Users\DELL\.m2\repository\org\springframework\data\spring-data-jpa\3.2.4\spring-data-jpa-3.2.4.jar;C:\Users\DELL\.m2\repository\org\springframework\data\spring-data-commons\3.2.4\spring-data-commons-3.2.4.jar;C:\Users\DELL\.m2\repository\org\springframework\spring-orm\6.1.5\spring-orm-6.1.5.jar;C:\Users\DELL\.m2\repository\org\springframework\spring-context\6.1.5\spring-context-6.1.5.jar;C:\Users\DELL\.m2\repository\org\springframework\spring-tx\6.1.5\spring-tx-6.1.5.jar;C:\Users\DELL\.m2\repository\org\springframework\spring-beans\6.1.5\spring-beans-6.1.5.jar;C:\Users\DELL\.m2\repository\jakarta\annotation\jakarta.annotation-api\2.1.1\jakarta.annotation-api-2.1.1.jar;C:\Users\DELL\.m2\repository\org\slf4j\slf4j-api\2.0.12\slf4j-api-2.0.12.jar;C:\Users\DELL\.m2\repository\org\springframework\spring-aspects\6.1.5\spring-aspects-6.1.5.jar;C:\Users\DELL\.m2\repository\org\springframework\boot\spring-boot-starter-thymeleaf\3.2.4\spring-boot-starter-thymeleaf-3.2.4.jar;C:\Users\DELL\.m2\repository\org\springframework\boot\spring-boot-starter\3.2.4\spring-boot-starter-3.2.4.jar;C:\Users\DELL\.m2\repository\org\springframework\boot\spring-boot-starter-logging\3.2.4\spring-boot-starter-logging-3.2.4.jar;C:\Users\DELL\.m2\repository\ch\qos\logback\logback-classic\1.4.14\logback-classic-1.4.14.jar;C:\Users\DELL\.m2\repository\ch\qos\logback\logback-core\1.4.14\logback-core-1.4.14.jar;C:\Users\DELL\.m2\repository\org\apache\logging\log4j\log4j-to-slf4j\2.21.1\log4j-to-slf4j-2.21.1.jar;C:\Users\DELL\.m2\repository\org\apache\logging\log4j\log4j-api\2.21.1\log4j-api-2.21.1.jar;C:\Users\DELL\.m2\repository\org\slf4j\jul-to-slf4j\2.0.12\jul-to-slf4j-2.0.12.jar;C:\Users\DELL\.m2\repository\org\yaml\snakeyaml\2.2\snakeyaml-2.2.jar;C:\Users\DELL\.m2\repository\org\thymeleaf\thymeleaf-spring6\3.1.2.RELEASE\thymeleaf-spring6-3.1.2.RELEASE.jar;C:\Users\DELL\.m2\repository\org\thymeleaf\thymeleaf\3.1.2.RELEASE\thymeleaf-3.1.2.RELEASE.jar;C:\Users\DELL\.m2\repository\org\attoparser\attoparser\2.0.7.RELEASE\attoparser-2.0.7.RELEASE.jar;C:\Users\DELL\.m2\repository\org\unbescape\unbescape\1.1.6.RELEASE\unbescape-1.1.6.RELEASE.jar;C:\Users\DELL\.m2\repository\org\springframework\boot\spring-boot-starter-web\3.2.4\spring-boot-starter-web-3.2.4.jar;C:\Users\DELL\.m2\repository\org\springframework\boot\spring-boot-starter-json\3.2.4\spring-boot-starter-json-3.2.4.jar;C:\Users\DELL\.m2\repository\com\fasterxml\jackson\core\jackson-databind\2.15.4\jackson-databind-2.15.4.jar;C:\Users\DELL\.m2\repository\com\fasterxml\jackson\core\jackson-annotations\2.15.4\jackson-annotations-2.15.4.jar;C:\Users\DELL\.m2\repository\com\fasterxml\jackson\core\jackson-core\2.15.4\jackson-core-2.15.4.jar;C:\Users\DELL\.m2\repository\com\fasterxml\jackson\datatype\jackson-datatype-jdk8\2.15.4\jackson-datatype-jdk8-2.15.4.jar;C:\Users\DELL\.m2\repository\com\fasterxml\jackson\datatype\jackson-datatype-jsr310\2.15.4\jackson-datatype-jsr310-2.15.4.jar;C:\Users\DELL\.m2\repository\com\fasterxml\jackson\module\jackson-module-parameter-names\2.15.4\jackson-module-parameter-names-2.15.4.jar;C:\Users\DELL\.m2\repository\org\springframework\boot\spring-boot-starter-tomcat\3.2.4\spring-boot-starter-tomcat-3.2.4.jar;C:\Users\DELL\.m2\repository\org\apache\tomcat\embed\tomcat-embed-core\10.1.19\tomcat-embed-core-10.1.19.jar;C:\Users\DELL\.m2\repository\org\apache\tomcat\embed\tomcat-embed-el\10.1.19\tomcat-embed-el-10.1.19.jar;C:\Users\DELL\.m2\repository\org\apache\tomcat\embed\tomcat-embed-websocket\10.1.19\tomcat-embed-websocket-10.1.19.jar;C:\Users\DELL\.m2\repository\org\springframework\spring-web\6.1.5\spring-web-6.1.5.jar;C:\Users\DELL\.m2\repository\io\micrometer\micrometer-observation\1.12.4\micrometer-observation-1.12.4.jar;C:\Users\DELL\.m2\repository\io\micrometer\micrometer-commons\1.12.4\micrometer-commons-1.12.4.jar;C:\Users\DELL\.m2\repository\org\springframework\spring-webmvc\6.1.5\spring-webmvc-6.1.5.jar;C:\Users\DELL\.m2\repository\org\springframework\spring-expression\6.1.5\spring-expression-6.1.5.jar;C:\Users\DELL\.m2\repository\org\springframework\boot\spring-boot-devtools\3.2.4\spring-boot-devtools-3.2.4.jar;C:\Users\DELL\.m2\repository\org\springframework\boot\spring-boot\3.2.4\spring-boot-3.2.4.jar;C:\Users\DELL\.m2\repository\org\springframework\boot\spring-boot-autoconfigure\3.2.4\spring-boot-autoconfigure-3.2.4.jar;C:\Users\DELL\.m2\repository\com\mysql\mysql-connector-j\8.3.0\mysql-connector-j-8.3.0.jar;C:\Users\DELL\.m2\repository\jakarta\xml\bind\jakarta.xml.bind-api\4.0.2\jakarta.xml.bind-api-4.0.2.jar;C:\Users\DELL\.m2\repository\jakarta\activation\jakarta.activation-api\2.1.3\jakarta.activation-api-2.1.3.jar;C:\Users\DELL\.m2\repository\org\springframework\spring-core\6.1.5\spring-core-6.1.5.jar;C:\Users\DELL\.m2\repository\org\springframework\spring-jcl\6.1.5\spring-jcl-6.1.5.jar
Launcher Type: SUN_STANDARD

[Global flags]
     intx CICompilerCount                          = 3                                         {product} {ergonomic}
     uint ConcGCThreads                            = 1                                         {product} {ergonomic}
     uint G1ConcRefinementThreads                  = 4                                         {product} {ergonomic}
   size_t G1HeapRegionSize                         = 1048576                                   {product} {ergonomic}
    uintx GCDrainStackTargetSize                   = 64                                        {product} {ergonomic}
   size_t InitialHeapSize                          = 134217728                                 {product} {ergonomic}
   size_t MarkStackSize                            = 4194304                                   {product} {ergonomic}
   size_t MaxHeapSize                              = 2124414976                                {product} {ergonomic}
   size_t MaxNewSize                               = 1274019840                                {product} {ergonomic}
   size_t MinHeapDeltaBytes                        = 1048576                                   {product} {ergonomic}
   size_t MinHeapSize                              = 8388608                                   {product} {ergonomic}
    uintx NonNMethodCodeHeapSize                   = 5832780                                {pd product} {ergonomic}
    uintx NonProfiledCodeHeapSize                  = 122912730                              {pd product} {ergonomic}
    uintx ProfiledCodeHeapSize                     = 122912730                              {pd product} {ergonomic}
    uintx ReservedCodeCacheSize                    = 251658240                              {pd product} {ergonomic}
     bool SegmentedCodeCache                       = true                                      {product} {ergonomic}
   size_t SoftMaxHeapSize                          = 2124414976                             {manageable} {ergonomic}
     bool UseCompressedOops                        = true                           {product lp64_product} {ergonomic}
     bool UseG1GC                                  = true                                      {product} {ergonomic}
     bool UseLargePagesIndividualAllocation        = false                                  {pd product} {ergonomic}

Logging:
Log output configuration:
 #0: stdout all=warning uptime,level,tags foldmultilines=false
 #1: stderr all=off uptime,level,tags foldmultilines=false

Environment Variables:
PATH=C:\Program Files\Common Files\Oracle\Java\javapath;C:\WINDOWS\system32;C:\WINDOWS;C:\WINDOWS\System32\Wbem;C:\WINDOWS\System32\WindowsPowerShell\v1.0\;C:\WINDOWS\System32\OpenSSH\;C:\xampp\php;C:\ProgramData\ComposerSetup\bin;C:\Program Files\nodejs;C:\Users\DELL\AppData\Local\Programs\Python\Python311\Scripts;C:\Users\DELL\AppData\Local\Programs\Python\Python311;C:\Program Files\Java\jdk-21\bin;C:\Users\DELL\AppData\Local\Microsoft\WindowsApps;C:\Users\DELL\AppData\Local\Programs\Microsoft VS Code\bin;C:\Users\DELL\AppData\Roaming\Composer\vendor\bin;C:\Program Files\nodejs;;C:\Program Files\JetBrains\IntelliJ IDEA 2023.3.4\bin;;C:\Program Files\JetBrains\IntelliJ IDEA Community Edition 2023.3.4\bin;
USERNAME=DELL
OS=Windows_NT
PROCESSOR_IDENTIFIER=Intel64 Family 6 Model 61 Stepping 4, GenuineIntel
TMP=C:\Users\DELL\AppData\Local\Temp
TEMP=C:\Users\DELL\AppData\Local\Temp




Periodic native trim disabled

---------------  S Y S T E M  ---------------

OS:
 Windows 10 , 64 bit Build 19041 (10.0.19041.3636)
OS uptime: 7 days 10:00 hours

CPU: total 4 (initial active 4) (2 cores per cpu, 2 threads per core) family 6 model 61 stepping 4 microcode 0x2d, cx8, cmov, fxsr, ht, mmx, 3dnowpref, sse, sse2, sse3, ssse3, sse4.1, sse4.2, popcnt, lzcnt, tsc, tscinvbit, avx, avx2, aes, erms, clmul, bmi1, bmi2, adx, fma, vzeroupper, clflush, rdtscp, f16c
Processor Information for all 4 processors :
  Max Mhz: 2401, Current Mhz: 2401, Mhz Limit: 2401

Memory: 4k page, system-wide physical 8102M (1043M free)
TotalPageFile size 10150M (AvailPageFile size 3M)
current process WorkingSet (physical memory assigned to process): 92M, peak: 92M
current process commit charge ("private bytes"): 228M, peak: 228M

vm_info: Java HotSpot(TM) 64-Bit Server VM (21.0.2+13-LTS-58) for windows-amd64 JRE (21.0.2+13-LTS-58), built on 2024-01-05T18:32:24Z by "mach5one" with MS VC++ 17.1 (VS2022)

END.
